$VAR1 = 'ID';
$VAR2 = 'Gender';
$VAR3 = 'Name.First';
$VAR4 = 'Name.Middle';
$VAR5 = 'Name.Last';
$VAR6 = 'Comment';
$VAR7 = 'IsAdopted';
$VAR8 = 'FamilyRank';
$VAR9 = 'Birth.Date';
$VAR10 = 'Birthday';
$VAR11 = 'Age';
$VAR12 = 'Birth.Place';
$VAR13 = 'IsDead';
$VAR14 = 'Death.Date';
$VAR15 = 'Death.Cause';
$VAR16 = 'Death.Cause.Description';
$VAR17 = 'Death.Place';
$VAR18 = 'Death.Childless';
$VAR19 = 'Pictures.Count';
$VAR20 = 'Pictures';
$VAR21 = 'Sources';
$VAR22 = 'Mates';
$VAR23 = 'Fathers';
$VAR24 = 'FathersAgeAtBirth';
$VAR25 = 'Mothers';
$VAR26 = 'MothersAgeAtBirth';
$VAR27 = 'Siblings.Twins';
$VAR28 = 'Siblings';
$VAR29 = 'Siblings.Half';
$VAR30 = 'Siblings.Step';
$VAR31 = 'Siblings.Other';
$VAR32 = 'Children';
$VAR33 = 'Children.Age';
$VAR34 = 'AgeAtChildBirths';
$VAR35 = 'Employer';
$VAR36 = 'Occupation';
$VAR37 = 'Occupations';
$VAR38 = 'Educations';
$VAR39 = 'Contacts';
$VAR40 = 'Contact.Address';
$VAR41 = 'Contact.Telephone';
$VAR42 = 'Contact.TelephoneMobile';
$VAR43 = 'Contact.TelephoneWork';
$VAR44 = 'Contact.Email';
$VAR45 = 'Contact.Homepage';
$VAR46 = 'Hyperlink.Internal';
$VAR47 = 'Hyperlink';
$VAR48 = 'Birth.Baptism.Date';
$VAR49 = 'Birth.Baptism.Place';
$VAR50 = 'Birth.Baptism.Officiator.Title';
$VAR51 = 'Birth.Baptism.Officiator';
$VAR52 = 'Birth.Baptism.Godfather';
$VAR53 = 'Birth.Baptism.Godmother';
$VAR54 = 'Birth.Baptism.Source';
$VAR55 = 'Death.Funerals.Date';
$VAR56 = 'Death.Funerals.Agency';
$VAR57 = 'Death.Funerals.Place';
$VAR58 = 'Death.Funerals.Source';
$VAR59 = 'Death.Disposition.Type';
$VAR60 = 'Death.Disposition.Date';
$VAR61 = 'Death.Disposition.Place';
$VAR62 = 'Death.Disposition.Source';
$VAR63 = 'DataLevel';
$VAR64 = 'custom_tag1';
$VAR65 = 'custom_tag2';
$VAR66 = 'custom_tag3';
$VAR67 = 'custom_tag4';
$VAR68 = 'custom_tag5';

$VAR1 = 'ind00001';
$VAR2 = 'M';
$VAR3 = 'Дмитрий';
$VAR4 = 'Григорьевич';
$VAR5 = 'Доможиров';
$VAR6 = '';
$VAR7 = '';
$VAR8 = '';
$VAR9 = '28 Sep 1877';
$VAR10 = '28 Sep';
$VAR11 = '60y 1m 16d';
$VAR12 = '';
$VAR13 = 'Y';
$VAR14 = '13 Nov 1937';
$VAR15 = '';
$VAR16 = '';
$VAR17 = '';
$VAR18 = '';
$VAR19 = '';
$VAR20 = '';
$VAR21 = '';
$VAR22 = 'ind00002';
$VAR23 = '';
$VAR24 = '';
$VAR25 = '';
$VAR26 = '';
$VAR27 = '';
$VAR28 = '';
$VAR29 = '';
$VAR30 = '';
$VAR31 = '';
$VAR32 = 'ind00004, ind00003';
$VAR33 = '71, 23';
$VAR34 = '39, 42';
$VAR35 = '';
$VAR36 = '';
$VAR37 = '';
$VAR38 = '';
$VAR39 = '';
$VAR40 = '';
$VAR41 = '';
$VAR42 = '';
$VAR43 = '';
$VAR44 = '';
$VAR45 = '';
$VAR46 = '';
$VAR47 = '';
$VAR48 = '';
$VAR49 = '';
$VAR50 = '';
$VAR51 = '';
$VAR52 = '';
$VAR53 = '';
$VAR54 = '';
$VAR55 = '';
$VAR56 = '';
$VAR57 = '';
$VAR58 = '';
$VAR59 = '';
$VAR60 = '';
$VAR61 = '';
$VAR62 = '';
$VAR63 = '3';
$VAR64 = '';
$VAR65 = '';
$VAR66 = '';
$VAR67 = '';
$VAR68 = '';

$VAR1 = 'ind00002';
$VAR2 = 'F';
$VAR3 = 'Елена';
$VAR4 = 'Николаевна';
$VAR5 = 'Бескодарова';
$VAR6 = '';
$VAR7 = '';
$VAR8 = '';
$VAR9 = '9 Apr 1893';
$VAR10 = '9 Apr';
$VAR11 = '82y 9m 0d';
$VAR12 = '';
$VAR13 = 'Y';
$VAR14 = '9 Jan 1976';
$VAR15 = '';
$VAR16 = '';
$VAR17 = '';
$VAR18 = '';
$VAR19 = '';
$VAR20 = '';
$VAR21 = '';
$VAR22 = 'ind00001';
$VAR23 = '';
$VAR24 = '';
$VAR25 = '';
$VAR26 = '';
$VAR27 = '';
$VAR28 = '';
$VAR29 = '';
$VAR30 = '';
$VAR31 = '';
$VAR32 = 'ind00004, ind00003';
$VAR33 = '71, 23';
$VAR34 = '24, 26';
$VAR35 = '';
$VAR36 = '';
$VAR37 = '';
$VAR38 = '';
$VAR39 = '';
$VAR40 = '';
$VAR41 = '';
$VAR42 = '';
$VAR43 = '';
$VAR44 = '';
$VAR45 = '';
$VAR46 = '';
$VAR47 = '';
$VAR48 = '';
$VAR49 = '';
$VAR50 = '';
$VAR51 = '';
$VAR52 = '';
$VAR53 = '';
$VAR54 = '';
$VAR55 = '';
$VAR56 = '';
$VAR57 = '';
$VAR58 = '';
$VAR59 = '';
$VAR60 = '';
$VAR61 = '';
$VAR62 = '';
$VAR63 = '3';
$VAR64 = '';
$VAR65 = '';
$VAR66 = '';
$VAR67 = '';
$VAR68 = '';

$VAR1 = 'ind00003';
$VAR2 = 'M';
$VAR3 = 'Григорий';
$VAR4 = 'Дмитриевич';
$VAR5 = 'Доможиров';
$VAR6 = '';
$VAR7 = '';
$VAR8 = '2';
$VAR9 = '6 Jan 1920';
$VAR10 = '6 Jan';
$VAR11 = '23y 7m 14d';
$VAR12 = '';
$VAR13 = 'Y';
$VAR14 = '20 Aug 1943';
$VAR15 = '';
$VAR16 = '';
$VAR17 = '';
$VAR18 = 'Y';
$VAR19 = '';
$VAR20 = '';
$VAR21 = '';
$VAR22 = '';
$VAR23 = 'ind00001';
$VAR24 = '42';
$VAR25 = 'ind00002';
$VAR26 = '26';
$VAR27 = '';
$VAR28 = 'ind00004';
$VAR29 = '';
$VAR30 = '';
$VAR31 = '';
$VAR32 = '';
$VAR33 = '';
$VAR34 = '';
$VAR35 = '';
$VAR36 = '';
$VAR37 = '';
$VAR38 = '';
$VAR39 = '';
$VAR40 = '';
$VAR41 = '';
$VAR42 = '';
$VAR43 = '';
$VAR44 = '';
$VAR45 = '';
$VAR46 = '';
$VAR47 = '';
$VAR48 = '';
$VAR49 = '';
$VAR50 = '';
$VAR51 = '';
$VAR52 = '';
$VAR53 = '';
$VAR54 = '';
$VAR55 = '';
$VAR56 = '';
$VAR57 = '';
$VAR58 = '';
$VAR59 = '';
$VAR60 = '';
$VAR61 = '';
$VAR62 = '';
$VAR63 = '3';
$VAR64 = '';
$VAR65 = '';
$VAR66 = '';
$VAR67 = '';
$VAR68 = '';

$VAR1 = 'ind00004';
$VAR2 = 'F';
$VAR3 = 'Галли';
$VAR4 = 'Дмитриевна';
$VAR5 = 'Доможирова';
$VAR6 = '';
$VAR7 = '';
$VAR8 = '1';
$VAR9 = '11 Jun 1917';
$VAR10 = '11 Jun';
$VAR11 = '71y 8m 3d';
$VAR12 = 'place00001';
$VAR13 = 'Y';
$VAR14 = '14 Feb 1989';
$VAR15 = '';
$VAR16 = '';
$VAR17 = '';
$VAR18 = '';
$VAR19 = '';
$VAR20 = '';
$VAR21 = '';
$VAR22 = 'ind00006';
$VAR23 = 'ind00001';
$VAR24 = '39';
$VAR25 = 'ind00002';
$VAR26 = '24';
$VAR27 = '';
$VAR28 = 'ind00003';
$VAR29 = '';
$VAR30 = '';
$VAR31 = '';
$VAR32 = 'ind00005';
$VAR33 = '66';
$VAR34 = '31';
$VAR35 = '';
$VAR36 = '';
$VAR37 = '';
$VAR38 = 'edu00001';
$VAR39 = '';
$VAR40 = '';
$VAR41 = '';
$VAR42 = '';
$VAR43 = '';
$VAR44 = '';
$VAR45 = '';
$VAR46 = '';
$VAR47 = '';
$VAR48 = '';
$VAR49 = '';
$VAR50 = '';
$VAR51 = '';
$VAR52 = '';
$VAR53 = '';
$VAR54 = '';
$VAR55 = '';
$VAR56 = '';
$VAR57 = '';
$VAR58 = '';
$VAR59 = '';
$VAR60 = '';
$VAR61 = '';
$VAR62 = '';
$VAR63 = '5';
$VAR64 = '';
$VAR65 = '';
$VAR66 = '';
$VAR67 = '';
$VAR68 = '';

$VAR1 = 'ind00005';
$VAR2 = 'F';
$VAR3 = 'Елена';
$VAR4 = 'Леонидовна';
$VAR5 = 'Доможирова';
$VAR6 = '';
$VAR7 = '';
$VAR8 = '1';
$VAR9 = '20 Apr 1949';
$VAR10 = '20 Apr';
$VAR11 = '66y 5m 24d';
$VAR12 = '';
$VAR13 = 'N';
$VAR14 = '';
$VAR15 = '';
$VAR16 = '';
$VAR17 = '';
$VAR18 = 'N';
$VAR19 = '';
$VAR20 = '';
$VAR21 = '';
$VAR22 = 'ind00007';
$VAR23 = 'ind00006';
$VAR24 = '';
$VAR25 = 'ind00004';
$VAR26 = '31';
$VAR27 = '';
$VAR28 = '';
$VAR29 = '';
$VAR30 = '';
$VAR31 = '';
$VAR32 = 'ind00008';
$VAR33 = '26';
$VAR34 = '40';
$VAR35 = '';
$VAR36 = '';
$VAR37 = '';
$VAR38 = '';
$VAR39 = '';
$VAR40 = '';
$VAR41 = '';
$VAR42 = '';
$VAR43 = '';
$VAR44 = '';
$VAR45 = '';
$VAR46 = '';
$VAR47 = '';
$VAR48 = '';
$VAR49 = '';
$VAR50 = '';
$VAR51 = '';
$VAR52 = '';
$VAR53 = '';
$VAR54 = '';
$VAR55 = '';
$VAR56 = '';
$VAR57 = '';
$VAR58 = '';
$VAR59 = '';
$VAR60 = '';
$VAR61 = '';
$VAR62 = '';
$VAR63 = '2';
$VAR64 = '';
$VAR65 = '';
$VAR66 = '';
$VAR67 = '';
$VAR68 = '';

$VAR1 = 'ind00006';
$VAR2 = 'M';
$VAR3 = '';
$VAR4 = '';
$VAR5 = '';
$VAR6 = '';
$VAR7 = '';
$VAR8 = '';
$VAR9 = '';
$VAR10 = '';
$VAR11 = '';
$VAR12 = '';
$VAR13 = 'N';
$VAR14 = '';
$VAR15 = '';
$VAR16 = '';
$VAR17 = '';
$VAR18 = '';
$VAR19 = '';
$VAR20 = '';
$VAR21 = '';
$VAR22 = 'ind00004';
$VAR23 = '';
$VAR24 = '';
$VAR25 = '';
$VAR26 = '';
$VAR27 = '';
$VAR28 = '';
$VAR29 = '';
$VAR30 = '';
$VAR31 = '';
$VAR32 = 'ind00005';
$VAR33 = '66';
$VAR34 = '';
$VAR35 = '';
$VAR36 = '';
$VAR37 = '';
$VAR38 = '';
$VAR39 = '';
$VAR40 = '';
$VAR41 = '';
$VAR42 = '';
$VAR43 = '';
$VAR44 = '';
$VAR45 = '';
$VAR46 = '';
$VAR47 = '';
$VAR48 = '';
$VAR49 = '';
$VAR50 = '';
$VAR51 = '';
$VAR52 = '';
$VAR53 = '';
$VAR54 = '';
$VAR55 = '';
$VAR56 = '';
$VAR57 = '';
$VAR58 = '';
$VAR59 = '';
$VAR60 = '';
$VAR61 = '';
$VAR62 = '';
$VAR63 = '';
$VAR64 = '';
$VAR65 = '';
$VAR66 = '';
$VAR67 = '';
$VAR68 = '';

$VAR1 = 'ind00007';
$VAR2 = 'M';
$VAR3 = 'Лев';
$VAR4 = 'Яльмарович';
$VAR5 = 'Чумаков';
$VAR6 = '';
$VAR7 = '';
$VAR8 = '';
$VAR9 = '13 Apr 1933';
$VAR10 = '13 Apr';
$VAR11 = '82y 6m 1d';
$VAR12 = '';
$VAR13 = 'N';
$VAR14 = '';
$VAR15 = '';
$VAR16 = '';
$VAR17 = '';
$VAR18 = 'N';
$VAR19 = '';
$VAR20 = '';
$VAR21 = '';
$VAR22 = 'ind00005';
$VAR23 = '';
$VAR24 = '';
$VAR25 = '';
$VAR26 = '';
$VAR27 = '';
$VAR28 = '';
$VAR29 = '';
$VAR30 = '';
$VAR31 = '';
$VAR32 = 'ind00008';
$VAR33 = '26';
$VAR34 = '56';
$VAR35 = '';
$VAR36 = '';
$VAR37 = '';
$VAR38 = '';
$VAR39 = '';
$VAR40 = '';
$VAR41 = '';
$VAR42 = '';
$VAR43 = '';
$VAR44 = '';
$VAR45 = '';
$VAR46 = '';
$VAR47 = '';
$VAR48 = '';
$VAR49 = '';
$VAR50 = '';
$VAR51 = '';
$VAR52 = '';
$VAR53 = '';
$VAR54 = '';
$VAR55 = '';
$VAR56 = '';
$VAR57 = '';
$VAR58 = '';
$VAR59 = '';
$VAR60 = '';
$VAR61 = '';
$VAR62 = '';
$VAR63 = '2';
$VAR64 = '';
$VAR65 = '';
$VAR66 = '';
$VAR67 = '';
$VAR68 = '';

$VAR1 = 'ind00008';
$VAR2 = 'M';
$VAR3 = 'Григорий';
$VAR4 = 'Львович';
$VAR5 = 'Доможиров';
$VAR6 = '';
$VAR7 = '';
$VAR8 = '1';
$VAR9 = '28 Jul 1989';
$VAR10 = '28 Jul';
$VAR11 = '26y 2m 16d';
$VAR12 = '';
$VAR13 = 'N';
$VAR14 = '';
$VAR15 = '';
$VAR16 = '';
$VAR17 = '';
$VAR18 = '';
$VAR19 = '';
$VAR20 = '';
$VAR21 = '';
$VAR22 = '';
$VAR23 = 'ind00007';
$VAR24 = '56';
$VAR25 = 'ind00005';
$VAR26 = '40';
$VAR27 = '';
$VAR28 = '';
$VAR29 = '';
$VAR30 = '';
$VAR31 = '';
$VAR32 = '';
$VAR33 = '';
$VAR34 = '';
$VAR35 = '';
$VAR36 = '';
$VAR37 = '';
$VAR38 = '';
$VAR39 = '';
$VAR40 = '';
$VAR41 = '';
$VAR42 = '';
$VAR43 = '';
$VAR44 = '';
$VAR45 = '';
$VAR46 = '';
$VAR47 = '';
$VAR48 = '';
$VAR49 = '';
$VAR50 = '';
$VAR51 = '';
$VAR52 = '';
$VAR53 = '';
$VAR54 = '';
$VAR55 = '';
$VAR56 = '';
$VAR57 = '';
$VAR58 = '';
$VAR59 = '';
$VAR60 = '';
$VAR61 = '';
$VAR62 = '';
$VAR63 = '2';
$VAR64 = '';
$VAR65 = '';
$VAR66 = '';
$VAR67 = '';
$VAR68 = '';

$VAR1 = 'ind00009';
$VAR2 = 'M';
$VAR3 = 'Николай';
$VAR4 = 'Иванович';
$VAR5 = 'Чумаков';
$VAR6 = '';
$VAR7 = '';
$VAR8 = '';
$VAR9 = '';
$VAR10 = '';
$VAR11 = '';
$VAR12 = '';
$VAR13 = 'Y';
$VAR14 = '1930';
$VAR15 = '';
$VAR16 = '';
$VAR17 = '';
$VAR18 = 'N';
$VAR19 = '';
$VAR20 = '';
$VAR21 = '';
$VAR22 = 'ind00010';
$VAR23 = '';
$VAR24 = '';
$VAR25 = '';
$VAR26 = '';
$VAR27 = '';
$VAR28 = '';
$VAR29 = '';
$VAR30 = '';
$VAR31 = '';
$VAR32 = 'ind00011, ind00012, ind00013, ind00014, ind00015, ind00016, ind00017, ind00018, ind00019';
$VAR33 = '82, 81, 75, 47, 0, 3, 19, 74, 89';
$VAR34 = ', , , , , , , , ';
$VAR35 = '';
$VAR36 = '';
$VAR37 = '';
$VAR38 = '';
$VAR39 = '';
$VAR40 = '';
$VAR41 = '';
$VAR42 = '';
$VAR43 = '';
$VAR44 = '';
$VAR45 = '';
$VAR46 = '';
$VAR47 = '';
$VAR48 = '';
$VAR49 = '';
$VAR50 = '';
$VAR51 = '';
$VAR52 = '';
$VAR53 = '';
$VAR54 = '';
$VAR55 = '';
$VAR56 = '';
$VAR57 = '';
$VAR58 = '';
$VAR59 = '';
$VAR60 = '';
$VAR61 = '';
$VAR62 = '';
$VAR63 = '2';
$VAR64 = '';
$VAR65 = '';
$VAR66 = '';
$VAR67 = '';
$VAR68 = '';

$VAR1 = 'ind00010';
$VAR2 = 'F';
$VAR3 = 'Екатерина';
$VAR4 = 'Петровна';
$VAR5 = 'Заботина';
$VAR6 = '';
$VAR7 = '';
$VAR8 = '';
$VAR9 = '1872';
$VAR10 = '';
$VAR11 = '78';
$VAR12 = '';
$VAR13 = 'Y';
$VAR14 = '1950';
$VAR15 = '';
$VAR16 = '';
$VAR17 = '';
$VAR18 = 'N';
$VAR19 = '';
$VAR20 = '';
$VAR21 = '';
$VAR22 = 'ind00009';
$VAR23 = '';
$VAR24 = '';
$VAR25 = '';
$VAR26 = '';
$VAR27 = '';
$VAR28 = '';
$VAR29 = '';
$VAR30 = '';
$VAR31 = '';
$VAR32 = 'ind00011, ind00012, ind00013, ind00014, ind00015, ind00016, ind00017, ind00018, ind00019';
$VAR33 = '82, 81, 75, 47, 0, 3, 19, 74, 89';
$VAR34 = '14, 16, 17, 20, 22, 22, 24, 27, 29';
$VAR35 = '';
$VAR36 = '';
$VAR37 = '';
$VAR38 = '';
$VAR39 = '';
$VAR40 = '';
$VAR41 = '';
$VAR42 = '';
$VAR43 = '';
$VAR44 = '';
$VAR45 = '';
$VAR46 = '';
$VAR47 = '';
$VAR48 = '';
$VAR49 = '';
$VAR50 = '';
$VAR51 = '';
$VAR52 = '';
$VAR53 = '';
$VAR54 = '';
$VAR55 = '';
$VAR56 = '';
$VAR57 = '';
$VAR58 = '';
$VAR59 = '';
$VAR60 = '';
$VAR61 = '';
$VAR62 = '';
$VAR63 = '3';
$VAR64 = '';
$VAR65 = '';
$VAR66 = '';
$VAR67 = '';
$VAR68 = '';

$VAR1 = 'ind00011';
$VAR2 = 'F';
$VAR3 = 'Ольга';
$VAR4 = 'Николаевна';
$VAR5 = 'Чумакова';
$VAR6 = '';
$VAR7 = '';
$VAR8 = '1';
$VAR9 = '24 Jul 1886';
$VAR10 = '24 Jul';
$VAR11 = '82y 3m 10d';
$VAR12 = '';
$VAR13 = 'Y';
$VAR14 = '3 Nov 1968';
$VAR15 = '';
$VAR16 = '';
$VAR17 = '';
$VAR18 = 'Y';
$VAR19 = '';
$VAR20 = '';
$VAR21 = '';
$VAR22 = 'ind00028';
$VAR23 = 'ind00009';
$VAR24 = '';
$VAR25 = 'ind00010';
$VAR26 = '14';
$VAR27 = '';
$VAR28 = 'ind00012, ind00013, ind00014, ind00015, ind00016, ind00017, ind00018, ind00019';
$VAR29 = '';
$VAR30 = '';
$VAR31 = '';
$VAR32 = '';
$VAR33 = '';
$VAR34 = '';
$VAR35 = '';
$VAR36 = '';
$VAR37 = '';
$VAR38 = '';
$VAR39 = '';
$VAR40 = '';
$VAR41 = '';
$VAR42 = '';
$VAR43 = '';
$VAR44 = '';
$VAR45 = '';
$VAR46 = '';
$VAR47 = '';
$VAR48 = '';
$VAR49 = '';
$VAR50 = '';
$VAR51 = '';
$VAR52 = '';
$VAR53 = '';
$VAR54 = '';
$VAR55 = '';
$VAR56 = '';
$VAR57 = '';
$VAR58 = '';
$VAR59 = '';
$VAR60 = '';
$VAR61 = '';
$VAR62 = '';
$VAR63 = '3';
$VAR64 = '';
$VAR65 = '';
$VAR66 = '';
$VAR67 = '';
$VAR68 = '';

$VAR1 = 'ind00012';
$VAR2 = 'M';
$VAR3 = 'Михаил';
$VAR4 = 'Николаевич';
$VAR5 = 'Чумаков';
$VAR6 = '';
$VAR7 = '';
$VAR8 = '2';
$VAR9 = '24 Jan 1888';
$VAR10 = '24 Jan';
$VAR11 = '81';
$VAR12 = '';
$VAR13 = 'Y';
$VAR14 = '1969';
$VAR15 = '';
$VAR16 = '';
$VAR17 = '';
$VAR18 = 'N';
$VAR19 = '';
$VAR20 = '';
$VAR21 = '';
$VAR22 = 'ind00020';
$VAR23 = 'ind00009';
$VAR24 = '';
$VAR25 = 'ind00010';
$VAR26 = '16';
$VAR27 = '';
$VAR28 = 'ind00011, ind00013, ind00014, ind00015, ind00016, ind00017, ind00018, ind00019';
$VAR29 = '';
$VAR30 = '';
$VAR31 = '';
$VAR32 = 'ind00021, ind00022, ind00023, ind00024, ind00025';
$VAR33 = '0, 86, 67, 88, 84';
$VAR34 = '33, 35, 37, 39, 43';
$VAR35 = '';
$VAR36 = '';
$VAR37 = '';
$VAR38 = '';
$VAR39 = '';
$VAR40 = '';
$VAR41 = '';
$VAR42 = '';
$VAR43 = '';
$VAR44 = '';
$VAR45 = '';
$VAR46 = '';
$VAR47 = '';
$VAR48 = '';
$VAR49 = '';
$VAR50 = '';
$VAR51 = '';
$VAR52 = '';
$VAR53 = '';
$VAR54 = '';
$VAR55 = '';
$VAR56 = '';
$VAR57 = '';
$VAR58 = '';
$VAR59 = '';
$VAR60 = '';
$VAR61 = '';
$VAR62 = '';
$VAR63 = '3';
$VAR64 = '';
$VAR65 = '';
$VAR66 = '';
$VAR67 = '';
$VAR68 = '';

$VAR1 = 'ind00013';
$VAR2 = 'M';
$VAR3 = 'Сергей';
$VAR4 = 'Николаевич';
$VAR5 = 'Чумаков';
$VAR6 = '';
$VAR7 = '';
$VAR8 = '3';
$VAR9 = '20 Oct 1889';
$VAR10 = '20 Oct';
$VAR11 = '75y 8m 0d';
$VAR12 = '';
$VAR13 = 'Y';
$VAR14 = '20 Jun 1965';
$VAR15 = '';
$VAR16 = '';
$VAR17 = '';
$VAR18 = 'N';
$VAR19 = '';
$VAR20 = '';
$VAR21 = '';
$VAR22 = 'ind00026';
$VAR23 = 'ind00009';
$VAR24 = '';
$VAR25 = 'ind00010';
$VAR26 = '17';
$VAR27 = '';
$VAR28 = 'ind00011, ind00012, ind00014, ind00015, ind00016, ind00017, ind00018, ind00019';
$VAR29 = '';
$VAR30 = '';
$VAR31 = '';
$VAR32 = 'ind00027';
$VAR33 = '97';
$VAR34 = '28';
$VAR35 = '';
$VAR36 = '';
$VAR37 = '';
$VAR38 = '';
$VAR39 = '';
$VAR40 = '';
$VAR41 = '';
$VAR42 = '';
$VAR43 = '';
$VAR44 = '';
$VAR45 = '';
$VAR46 = '';
$VAR47 = '';
$VAR48 = '';
$VAR49 = '';
$VAR50 = '';
$VAR51 = '';
$VAR52 = '';
$VAR53 = '';
$VAR54 = '';
$VAR55 = '';
$VAR56 = '';
$VAR57 = '';
$VAR58 = '';
$VAR59 = '';
$VAR60 = '';
$VAR61 = '';
$VAR62 = '';
$VAR63 = '3';
$VAR64 = '';
$VAR65 = '';
$VAR66 = '';
$VAR67 = '';
$VAR68 = '';

$VAR1 = 'ind00014';
$VAR2 = 'F';
$VAR3 = 'Анна';
$VAR4 = 'Николаевна';
$VAR5 = 'Чумакова';
$VAR6 = '';
$VAR7 = '';
$VAR8 = '4';
$VAR9 = '14 Feb 1892';
$VAR10 = '14 Feb';
$VAR11 = '47y 8m 6d';
$VAR12 = '';
$VAR13 = 'Y';
$VAR14 = '20 Oct 1939';
$VAR15 = '';
$VAR16 = '';
$VAR17 = '';
$VAR18 = 'N';
$VAR19 = '';
$VAR20 = '';
$VAR21 = '';
$VAR22 = 'ind00029';
$VAR23 = 'ind00009';
$VAR24 = '';
$VAR25 = 'ind00010';
$VAR26 = '20';
$VAR27 = '';
$VAR28 = 'ind00011, ind00012, ind00013, ind00015, ind00016, ind00017, ind00018, ind00019';
$VAR29 = '';
$VAR30 = '';
$VAR31 = '';
$VAR32 = '';
$VAR33 = '';
$VAR34 = '';
$VAR35 = '';
$VAR36 = '';
$VAR37 = '';
$VAR38 = '';
$VAR39 = '';
$VAR40 = '';
$VAR41 = '';
$VAR42 = '';
$VAR43 = '';
$VAR44 = '';
$VAR45 = '';
$VAR46 = '';
$VAR47 = '';
$VAR48 = '';
$VAR49 = '';
$VAR50 = '';
$VAR51 = '';
$VAR52 = '';
$VAR53 = '';
$VAR54 = '';
$VAR55 = '';
$VAR56 = '';
$VAR57 = '';
$VAR58 = '';
$VAR59 = '';
$VAR60 = '';
$VAR61 = '';
$VAR62 = '';
$VAR63 = '3';
$VAR64 = '';
$VAR65 = '';
$VAR66 = '';
$VAR67 = '';
$VAR68 = '';

$VAR1 = 'ind00015';
$VAR2 = 'M';
$VAR3 = 'Павел';
$VAR4 = 'Николаевич';
$VAR5 = '';
$VAR6 = '';
$VAR7 = '';
$VAR8 = '5';
$VAR9 = '1894';
$VAR10 = '';
$VAR11 = '';
$VAR12 = '';
$VAR13 = 'Y';
$VAR14 = '1894';
$VAR15 = '';
$VAR16 = '';
$VAR17 = '';
$VAR18 = 'Y';
$VAR19 = '';
$VAR20 = '';
$VAR21 = '';
$VAR22 = '';
$VAR23 = 'ind00009';
$VAR24 = '';
$VAR25 = 'ind00010';
$VAR26 = '22';
$VAR27 = '';
$VAR28 = 'ind00011, ind00012, ind00013, ind00014, ind00016, ind00017, ind00018, ind00019';
$VAR29 = '';
$VAR30 = '';
$VAR31 = '';
$VAR32 = '';
$VAR33 = '';
$VAR34 = '';
$VAR35 = '';
$VAR36 = '';
$VAR37 = '';
$VAR38 = '';
$VAR39 = '';
$VAR40 = '';
$VAR41 = '';
$VAR42 = '';
$VAR43 = '';
$VAR44 = '';
$VAR45 = '';
$VAR46 = '';
$VAR47 = '';
$VAR48 = '';
$VAR49 = '';
$VAR50 = '';
$VAR51 = '';
$VAR52 = '';
$VAR53 = '';
$VAR54 = '';
$VAR55 = '';
$VAR56 = '';
$VAR57 = '';
$VAR58 = '';
$VAR59 = '';
$VAR60 = '';
$VAR61 = '';
$VAR62 = '';
$VAR63 = '3';
$VAR64 = '';
$VAR65 = '';
$VAR66 = '';
$VAR67 = '';
$VAR68 = '';

$VAR1 = 'ind00016';
$VAR2 = 'F';
$VAR3 = 'Елена';
$VAR4 = 'Николаевна';
$VAR5 = 'Чумакова';
$VAR6 = '';
$VAR7 = '';
$VAR8 = '6';
$VAR9 = '1894';
$VAR10 = '';
$VAR11 = '3';
$VAR12 = '';
$VAR13 = 'Y';
$VAR14 = '17 Mar 1897';
$VAR15 = '';
$VAR16 = '';
$VAR17 = '';
$VAR18 = 'Y';
$VAR19 = '';
$VAR20 = '';
$VAR21 = '';
$VAR22 = '';
$VAR23 = 'ind00009';
$VAR24 = '';
$VAR25 = 'ind00010';
$VAR26 = '22';
$VAR27 = '';
$VAR28 = 'ind00011, ind00012, ind00013, ind00014, ind00015, ind00017, ind00018, ind00019';
$VAR29 = '';
$VAR30 = '';
$VAR31 = '';
$VAR32 = '';
$VAR33 = '';
$VAR34 = '';
$VAR35 = '';
$VAR36 = '';
$VAR37 = '';
$VAR38 = '';
$VAR39 = '';
$VAR40 = '';
$VAR41 = '';
$VAR42 = '';
$VAR43 = '';
$VAR44 = '';
$VAR45 = '';
$VAR46 = '';
$VAR47 = '';
$VAR48 = '';
$VAR49 = '';
$VAR50 = '';
$VAR51 = '';
$VAR52 = '';
$VAR53 = '';
$VAR54 = '';
$VAR55 = '';
$VAR56 = '';
$VAR57 = '';
$VAR58 = '';
$VAR59 = '';
$VAR60 = '';
$VAR61 = '';
$VAR62 = '';
$VAR63 = '3';
$VAR64 = '';
$VAR65 = '';
$VAR66 = '';
$VAR67 = '';
$VAR68 = '';

$VAR1 = 'ind00017';
$VAR2 = 'M';
$VAR3 = 'Александр';
$VAR4 = 'Николаевич';
$VAR5 = 'Чумаков';
$VAR6 = '';
$VAR7 = '';
$VAR8 = '7';
$VAR9 = '12 Aug 1896';
$VAR10 = '12 Aug';
$VAR11 = '19y 10m 7d';
$VAR12 = '';
$VAR13 = 'Y';
$VAR14 = '19 Jun 1916';
$VAR15 = '';
$VAR16 = '';
$VAR17 = '';
$VAR18 = 'Y';
$VAR19 = '';
$VAR20 = '';
$VAR21 = '';
$VAR22 = '';
$VAR23 = 'ind00009';
$VAR24 = '';
$VAR25 = 'ind00010';
$VAR26 = '24';
$VAR27 = '';
$VAR28 = 'ind00011, ind00012, ind00013, ind00014, ind00015, ind00016, ind00018, ind00019';
$VAR29 = '';
$VAR30 = '';
$VAR31 = '';
$VAR32 = '';
$VAR33 = '';
$VAR34 = '';
$VAR35 = '';
$VAR36 = '';
$VAR37 = '';
$VAR38 = '';
$VAR39 = '';
$VAR40 = '';
$VAR41 = '';
$VAR42 = '';
$VAR43 = '';
$VAR44 = '';
$VAR45 = '';
$VAR46 = '';
$VAR47 = '';
$VAR48 = '';
$VAR49 = '';
$VAR50 = '';
$VAR51 = '';
$VAR52 = '';
$VAR53 = '';
$VAR54 = '';
$VAR55 = '';
$VAR56 = '';
$VAR57 = '';
$VAR58 = '';
$VAR59 = '';
$VAR60 = '';
$VAR61 = '';
$VAR62 = '';
$VAR63 = '3';
$VAR64 = '';
$VAR65 = '';
$VAR66 = '';
$VAR67 = '';
$VAR68 = '';

$VAR1 = 'ind00018';
$VAR2 = 'F';
$VAR3 = 'Зинаида';
$VAR4 = 'Николаевна';
$VAR5 = 'Чумакова';
$VAR6 = '';
$VAR7 = '';
$VAR8 = '8';
$VAR9 = '4 Oct 1899';
$VAR10 = '4 Oct';
$VAR11 = '74y 10m 28d';
$VAR12 = '';
$VAR13 = 'Y';
$VAR14 = '1 Sep 1974';
$VAR15 = '';
$VAR16 = '';
$VAR17 = '';
$VAR18 = 'N';
$VAR19 = '';
$VAR20 = '';
$VAR21 = '';
$VAR22 = '';
$VAR23 = 'ind00009';
$VAR24 = '';
$VAR25 = 'ind00010';
$VAR26 = '27';
$VAR27 = '';
$VAR28 = 'ind00011, ind00012, ind00013, ind00014, ind00015, ind00016, ind00017, ind00019';
$VAR29 = '';
$VAR30 = '';
$VAR31 = '';
$VAR32 = '';
$VAR33 = '';
$VAR34 = '';
$VAR35 = '';
$VAR36 = '';
$VAR37 = '';
$VAR38 = '';
$VAR39 = '';
$VAR40 = '';
$VAR41 = '';
$VAR42 = '';
$VAR43 = '';
$VAR44 = '';
$VAR45 = '';
$VAR46 = '';
$VAR47 = '';
$VAR48 = '';
$VAR49 = '';
$VAR50 = '';
$VAR51 = '';
$VAR52 = '';
$VAR53 = '';
$VAR54 = '';
$VAR55 = '';
$VAR56 = '';
$VAR57 = '';
$VAR58 = '';
$VAR59 = '';
$VAR60 = '';
$VAR61 = '';
$VAR62 = '';
$VAR63 = '3';
$VAR64 = '';
$VAR65 = '';
$VAR66 = '';
$VAR67 = '';
$VAR68 = '';

$VAR1 = 'ind00019';
$VAR2 = 'F';
$VAR3 = 'Александра';
$VAR4 = 'Николаевна';
$VAR5 = 'Чумакова';
$VAR6 = '';
$VAR7 = '';
$VAR8 = '9';
$VAR9 = '2 Apr 1901';
$VAR10 = '2 Apr';
$VAR11 = '89';
$VAR12 = '';
$VAR13 = 'Y';
$VAR14 = '1990';
$VAR15 = '';
$VAR16 = '';
$VAR17 = '';
$VAR18 = 'N';
$VAR19 = '';
$VAR20 = '';
$VAR21 = '';
$VAR22 = '';
$VAR23 = 'ind00009';
$VAR24 = '';
$VAR25 = 'ind00010';
$VAR26 = '29';
$VAR27 = '';
$VAR28 = 'ind00011, ind00012, ind00013, ind00014, ind00015, ind00016, ind00017, ind00018';
$VAR29 = '';
$VAR30 = '';
$VAR31 = '';
$VAR32 = '';
$VAR33 = '';
$VAR34 = '';
$VAR35 = '';
$VAR36 = '';
$VAR37 = '';
$VAR38 = '';
$VAR39 = '';
$VAR40 = '';
$VAR41 = '';
$VAR42 = '';
$VAR43 = '';
$VAR44 = '';
$VAR45 = '';
$VAR46 = '';
$VAR47 = '';
$VAR48 = '';
$VAR49 = '';
$VAR50 = '';
$VAR51 = '';
$VAR52 = '';
$VAR53 = '';
$VAR54 = '';
$VAR55 = '';
$VAR56 = '';
$VAR57 = '';
$VAR58 = '';
$VAR59 = '';
$VAR60 = '';
$VAR61 = '';
$VAR62 = '';
$VAR63 = '3';
$VAR64 = '';
$VAR65 = '';
$VAR66 = '';
$VAR67 = '';
$VAR68 = '';

$VAR1 = 'ind00020';
$VAR2 = 'F';
$VAR3 = 'Евстолия';
$VAR4 = 'Ивановна';
$VAR5 = 'Селиванова';
$VAR6 = '';
$VAR7 = '';
$VAR8 = '';
$VAR9 = '18 Jul 1892';
$VAR10 = '18 Jul';
$VAR11 = '82y 3m 16d';
$VAR12 = '';
$VAR13 = 'Y';
$VAR14 = '3 Nov 1974';
$VAR15 = '';
$VAR16 = '';
$VAR17 = '';
$VAR18 = 'N';
$VAR19 = '';
$VAR20 = '';
$VAR21 = '';
$VAR22 = 'ind00012';
$VAR23 = '';
$VAR24 = '';
$VAR25 = '';
$VAR26 = '';
$VAR27 = '';
$VAR28 = '';
$VAR29 = '';
$VAR30 = '';
$VAR31 = '';
$VAR32 = 'ind00021, ind00022, ind00023, ind00024, ind00025';
$VAR33 = '0, 86, 67, 88, 84';
$VAR34 = '29, 30, 33, 34, 38';
$VAR35 = '';
$VAR36 = '';
$VAR37 = '';
$VAR38 = '';
$VAR39 = '';
$VAR40 = '';
$VAR41 = '';
$VAR42 = '';
$VAR43 = '';
$VAR44 = '';
$VAR45 = '';
$VAR46 = '';
$VAR47 = '';
$VAR48 = '';
$VAR49 = '';
$VAR50 = '';
$VAR51 = '';
$VAR52 = '';
$VAR53 = '';
$VAR54 = '';
$VAR55 = '';
$VAR56 = '';
$VAR57 = '';
$VAR58 = '';
$VAR59 = '';
$VAR60 = '';
$VAR61 = '';
$VAR62 = '';
$VAR63 = '3';
$VAR64 = '';
$VAR65 = '';
$VAR66 = '';
$VAR67 = '';
$VAR68 = '';

$VAR1 = 'ind00021';
$VAR2 = 'F';
$VAR3 = 'Марианна';
$VAR4 = 'Николаевна';
$VAR5 = 'Чумакова';
$VAR6 = '';
$VAR7 = '';
$VAR8 = '1';
$VAR9 = '1921';
$VAR10 = '';
$VAR11 = '';
$VAR12 = '';
$VAR13 = 'Y';
$VAR14 = '1921';
$VAR15 = '';
$VAR16 = '';
$VAR17 = '';
$VAR18 = '';
$VAR19 = '';
$VAR20 = '';
$VAR21 = '';
$VAR22 = '';
$VAR23 = 'ind00012';
$VAR24 = '33';
$VAR25 = 'ind00020';
$VAR26 = '29';
$VAR27 = '';
$VAR28 = 'ind00022, ind00023, ind00024, ind00025';
$VAR29 = '';
$VAR30 = '';
$VAR31 = '';
$VAR32 = '';
$VAR33 = '';
$VAR34 = '';
$VAR35 = '';
$VAR36 = '';
$VAR37 = '';
$VAR38 = '';
$VAR39 = '';
$VAR40 = '';
$VAR41 = '';
$VAR42 = '';
$VAR43 = '';
$VAR44 = '';
$VAR45 = '';
$VAR46 = '';
$VAR47 = '';
$VAR48 = '';
$VAR49 = '';
$VAR50 = '';
$VAR51 = '';
$VAR52 = '';
$VAR53 = '';
$VAR54 = '';
$VAR55 = '';
$VAR56 = '';
$VAR57 = '';
$VAR58 = '';
$VAR59 = '';
$VAR60 = '';
$VAR61 = '';
$VAR62 = '';
$VAR63 = '3';
$VAR64 = '';
$VAR65 = '';
$VAR66 = '';
$VAR67 = '';
$VAR68 = '';

$VAR1 = 'ind00022';
$VAR2 = 'F';
$VAR3 = 'Галина';
$VAR4 = 'Михайловна';
$VAR5 = 'Чумакова';
$VAR6 = '';
$VAR7 = '';
$VAR8 = '2';
$VAR9 = '8 May 1923';
$VAR10 = '8 May';
$VAR11 = '86y 1m 24d';
$VAR12 = '';
$VAR13 = 'Y';
$VAR14 = '2 Jul 2009';
$VAR15 = '';
$VAR16 = '';
$VAR17 = '';
$VAR18 = '';
$VAR19 = '';
$VAR20 = '';
$VAR21 = '';
$VAR22 = '';
$VAR23 = 'ind00012';
$VAR24 = '35';
$VAR25 = 'ind00020';
$VAR26 = '30';
$VAR27 = '';
$VAR28 = 'ind00021, ind00023, ind00024, ind00025';
$VAR29 = '';
$VAR30 = '';
$VAR31 = '';
$VAR32 = '';
$VAR33 = '';
$VAR34 = '';
$VAR35 = '';
$VAR36 = '';
$VAR37 = '';
$VAR38 = '';
$VAR39 = '';
$VAR40 = '';
$VAR41 = '';
$VAR42 = '';
$VAR43 = '';
$VAR44 = '';
$VAR45 = '';
$VAR46 = '';
$VAR47 = '';
$VAR48 = '';
$VAR49 = '';
$VAR50 = '';
$VAR51 = '';
$VAR52 = '';
$VAR53 = '';
$VAR54 = '';
$VAR55 = '';
$VAR56 = '';
$VAR57 = '';
$VAR58 = '';
$VAR59 = '';
$VAR60 = '';
$VAR61 = '';
$VAR62 = '';
$VAR63 = '3';
$VAR64 = '';
$VAR65 = '';
$VAR66 = '';
$VAR67 = '';
$VAR68 = '';

$VAR1 = 'ind00023';
$VAR2 = 'M';
$VAR3 = 'Татьяна';
$VAR4 = 'Михайловна';
$VAR5 = 'Чумакова';
$VAR6 = '';
$VAR7 = '';
$VAR8 = '3';
$VAR9 = '22 Sep 1925';
$VAR10 = '22 Sep';
$VAR11 = '67y 6m 27d';
$VAR12 = '';
$VAR13 = 'Y';
$VAR14 = '18 Apr 1993';
$VAR15 = '';
$VAR16 = '';
$VAR17 = '';
$VAR18 = '';
$VAR19 = '';
$VAR20 = '';
$VAR21 = '';
$VAR22 = '';
$VAR23 = 'ind00012';
$VAR24 = '37';
$VAR25 = 'ind00020';
$VAR26 = '33';
$VAR27 = '';
$VAR28 = 'ind00021, ind00022, ind00024, ind00025';
$VAR29 = '';
$VAR30 = '';
$VAR31 = '';
$VAR32 = '';
$VAR33 = '';
$VAR34 = '';
$VAR35 = '';
$VAR36 = '';
$VAR37 = '';
$VAR38 = '';
$VAR39 = '';
$VAR40 = '';
$VAR41 = '';
$VAR42 = '';
$VAR43 = '';
$VAR44 = '';
$VAR45 = '';
$VAR46 = '';
$VAR47 = '';
$VAR48 = '';
$VAR49 = '';
$VAR50 = '';
$VAR51 = '';
$VAR52 = '';
$VAR53 = '';
$VAR54 = '';
$VAR55 = '';
$VAR56 = '';
$VAR57 = '';
$VAR58 = '';
$VAR59 = '';
$VAR60 = '';
$VAR61 = '';
$VAR62 = '';
$VAR63 = '3';
$VAR64 = '';
$VAR65 = '';
$VAR66 = '';
$VAR67 = '';
$VAR68 = '';

$VAR1 = 'ind00024';
$VAR2 = 'M';
$VAR3 = 'Николай';
$VAR4 = 'Михайлович';
$VAR5 = 'Чумаков';
$VAR6 = '';
$VAR7 = '';
$VAR8 = '4';
$VAR9 = '13 May 1927';
$VAR10 = '13 May';
$VAR11 = '88y 5m 1d';
$VAR12 = '';
$VAR13 = 'N';
$VAR14 = '';
$VAR15 = '';
$VAR16 = '';
$VAR17 = '';
$VAR18 = '';
$VAR19 = '';
$VAR20 = '';
$VAR21 = '';
$VAR22 = '';
$VAR23 = 'ind00012';
$VAR24 = '39';
$VAR25 = 'ind00020';
$VAR26 = '34';
$VAR27 = '';
$VAR28 = 'ind00021, ind00022, ind00023, ind00025';
$VAR29 = '';
$VAR30 = '';
$VAR31 = '';
$VAR32 = '';
$VAR33 = '';
$VAR34 = '';
$VAR35 = '';
$VAR36 = '';
$VAR37 = '';
$VAR38 = '';
$VAR39 = '';
$VAR40 = '';
$VAR41 = '';
$VAR42 = '';
$VAR43 = '';
$VAR44 = '';
$VAR45 = '';
$VAR46 = '';
$VAR47 = '';
$VAR48 = '';
$VAR49 = '';
$VAR50 = '';
$VAR51 = '';
$VAR52 = '';
$VAR53 = '';
$VAR54 = '';
$VAR55 = '';
$VAR56 = '';
$VAR57 = '';
$VAR58 = '';
$VAR59 = '';
$VAR60 = '';
$VAR61 = '';
$VAR62 = '';
$VAR63 = '2';
$VAR64 = '';
$VAR65 = '';
$VAR66 = '';
$VAR67 = '';
$VAR68 = '';

$VAR1 = 'ind00025';
$VAR2 = 'F';
$VAR3 = 'Мария';
$VAR4 = 'Михайловна';
$VAR5 = 'Чумакова';
$VAR6 = '';
$VAR7 = '';
$VAR8 = '5';
$VAR9 = '9 Jul 1931';
$VAR10 = '9 Jul';
$VAR11 = '84y 3m 5d';
$VAR12 = '';
$VAR13 = 'N';
$VAR14 = '';
$VAR15 = '';
$VAR16 = '';
$VAR17 = '';
$VAR18 = '';
$VAR19 = '';
$VAR20 = '';
$VAR21 = '';
$VAR22 = '';
$VAR23 = 'ind00012';
$VAR24 = '43';
$VAR25 = 'ind00020';
$VAR26 = '38';
$VAR27 = '';
$VAR28 = 'ind00021, ind00022, ind00023, ind00024';
$VAR29 = '';
$VAR30 = '';
$VAR31 = '';
$VAR32 = '';
$VAR33 = '';
$VAR34 = '';
$VAR35 = '';
$VAR36 = '';
$VAR37 = '';
$VAR38 = '';
$VAR39 = '';
$VAR40 = '';
$VAR41 = '';
$VAR42 = '';
$VAR43 = '';
$VAR44 = '';
$VAR45 = '';
$VAR46 = '';
$VAR47 = '';
$VAR48 = '';
$VAR49 = '';
$VAR50 = '';
$VAR51 = '';
$VAR52 = '';
$VAR53 = '';
$VAR54 = '';
$VAR55 = '';
$VAR56 = '';
$VAR57 = '';
$VAR58 = '';
$VAR59 = '';
$VAR60 = '';
$VAR61 = '';
$VAR62 = '';
$VAR63 = '2';
$VAR64 = '';
$VAR65 = '';
$VAR66 = '';
$VAR67 = '';
$VAR68 = '';

$VAR1 = 'ind00026';
$VAR2 = 'F';
$VAR3 = 'Римма';
$VAR4 = 'ивановна';
$VAR5 = 'Чудецкая';
$VAR6 = '';
$VAR7 = '';
$VAR8 = '';
$VAR9 = '25 Feb 1891';
$VAR10 = '25 Feb';
$VAR11 = '84';
$VAR12 = '';
$VAR13 = 'Y';
$VAR14 = '1975';
$VAR15 = '';
$VAR16 = '';
$VAR17 = '';
$VAR18 = '';
$VAR19 = '';
$VAR20 = '';
$VAR21 = '';
$VAR22 = 'ind00013';
$VAR23 = '';
$VAR24 = '';
$VAR25 = '';
$VAR26 = '';
$VAR27 = '';
$VAR28 = '';
$VAR29 = '';
$VAR30 = '';
$VAR31 = '';
$VAR32 = 'ind00027';
$VAR33 = '97';
$VAR34 = '27';
$VAR35 = '';
$VAR36 = '';
$VAR37 = '';
$VAR38 = '';
$VAR39 = '';
$VAR40 = '';
$VAR41 = '';
$VAR42 = '';
$VAR43 = '';
$VAR44 = '';
$VAR45 = '';
$VAR46 = '';
$VAR47 = '';
$VAR48 = '';
$VAR49 = '';
$VAR50 = '';
$VAR51 = '';
$VAR52 = '';
$VAR53 = '';
$VAR54 = '';
$VAR55 = '';
$VAR56 = '';
$VAR57 = '';
$VAR58 = '';
$VAR59 = '';
$VAR60 = '';
$VAR61 = '';
$VAR62 = '';
$VAR63 = '3';
$VAR64 = '';
$VAR65 = '';
$VAR66 = '';
$VAR67 = '';
$VAR68 = '';

$VAR1 = 'ind00027';
$VAR2 = 'M';
$VAR3 = 'Сергей';
$VAR4 = 'Всеволодович';
$VAR5 = 'Чумаков';
$VAR6 = '';
$VAR7 = '';
$VAR8 = '1';
$VAR9 = '18 Jul 1918';
$VAR10 = '18 Jul';
$VAR11 = '97y 2m 26d';
$VAR12 = '';
$VAR13 = 'N';
$VAR14 = '';
$VAR15 = '';
$VAR16 = '';
$VAR17 = '';
$VAR18 = '';
$VAR19 = '';
$VAR20 = '';
$VAR21 = '';
$VAR22 = '';
$VAR23 = 'ind00013';
$VAR24 = '28';
$VAR25 = 'ind00026';
$VAR26 = '27';
$VAR27 = '';
$VAR28 = '';
$VAR29 = '';
$VAR30 = '';
$VAR31 = '';
$VAR32 = '';
$VAR33 = '';
$VAR34 = '';
$VAR35 = '';
$VAR36 = '';
$VAR37 = '';
$VAR38 = '';
$VAR39 = '';
$VAR40 = '';
$VAR41 = '';
$VAR42 = '';
$VAR43 = '';
$VAR44 = '';
$VAR45 = '';
$VAR46 = '';
$VAR47 = '';
$VAR48 = '';
$VAR49 = '';
$VAR50 = '';
$VAR51 = '';
$VAR52 = '';
$VAR53 = '';
$VAR54 = '';
$VAR55 = '';
$VAR56 = '';
$VAR57 = '';
$VAR58 = '';
$VAR59 = '';
$VAR60 = '';
$VAR61 = '';
$VAR62 = '';
$VAR63 = '2';
$VAR64 = '';
$VAR65 = '';
$VAR66 = '';
$VAR67 = '';
$VAR68 = '';

$VAR1 = 'ind00028';
$VAR2 = 'M';
$VAR3 = 'Цветков';
$VAR4 = '';
$VAR5 = '';
$VAR6 = '';
$VAR7 = '';
$VAR8 = '';
$VAR9 = '';
$VAR10 = '';
$VAR11 = '';
$VAR12 = '';
$VAR13 = 'N';
$VAR14 = '';
$VAR15 = '';
$VAR16 = '';
$VAR17 = '';
$VAR18 = 'Y';
$VAR19 = '';
$VAR20 = '';
$VAR21 = '';
$VAR22 = 'ind00011';
$VAR23 = '';
$VAR24 = '';
$VAR25 = '';
$VAR26 = '';
$VAR27 = '';
$VAR28 = '';
$VAR29 = '';
$VAR30 = '';
$VAR31 = '';
$VAR32 = '';
$VAR33 = '';
$VAR34 = '';
$VAR35 = '';
$VAR36 = '';
$VAR37 = '';
$VAR38 = '';
$VAR39 = '';
$VAR40 = '';
$VAR41 = '';
$VAR42 = '';
$VAR43 = '';
$VAR44 = '';
$VAR45 = '';
$VAR46 = '';
$VAR47 = '';
$VAR48 = '';
$VAR49 = '';
$VAR50 = '';
$VAR51 = '';
$VAR52 = '';
$VAR53 = '';
$VAR54 = '';
$VAR55 = '';
$VAR56 = '';
$VAR57 = '';
$VAR58 = '';
$VAR59 = '';
$VAR60 = '';
$VAR61 = '';
$VAR62 = '';
$VAR63 = '1';
$VAR64 = '';
$VAR65 = '';
$VAR66 = '';
$VAR67 = '';
$VAR68 = '';

$VAR1 = 'ind00029';
$VAR2 = 'M';
$VAR3 = 'Сергей';
$VAR4 = 'Григорьевич';
$VAR5 = '';
$VAR6 = '';
$VAR7 = '';
$VAR8 = '';
$VAR9 = '';
$VAR10 = '';
$VAR11 = '';
$VAR12 = '';
$VAR13 = 'N';
$VAR14 = '';
$VAR15 = '';
$VAR16 = '';
$VAR17 = '';
$VAR18 = 'N';
$VAR19 = '';
$VAR20 = '';
$VAR21 = '';
$VAR22 = 'ind00014';
$VAR23 = '';
$VAR24 = '';
$VAR25 = '';
$VAR26 = '';
$VAR27 = '';
$VAR28 = '';
$VAR29 = '';
$VAR30 = '';
$VAR31 = '';
$VAR32 = '';
$VAR33 = '';
$VAR34 = '';
$VAR35 = '';
$VAR36 = '';
$VAR37 = '';
$VAR38 = '';
$VAR39 = '';
$VAR40 = '';
$VAR41 = '';
$VAR42 = '';
$VAR43 = '';
$VAR44 = '';
$VAR45 = '';
$VAR46 = '';
$VAR47 = '';
$VAR48 = '';
$VAR49 = '';
$VAR50 = '';
$VAR51 = '';
$VAR52 = '';
$VAR53 = '';
$VAR54 = '';
$VAR55 = '';
$VAR56 = '';
$VAR57 = '';
$VAR58 = '';
$VAR59 = '';
$VAR60 = '';
$VAR61 = '';
$VAR62 = '';
$VAR63 = '1';
$VAR64 = '';
$VAR65 = '';
$VAR66 = '';
$VAR67 = '';
$VAR68 = '';

$VAR1 = 'ind00030';
$VAR2 = 'M';
$VAR3 = 'Николай';
$VAR4 = 'Иванович';
$VAR5 = 'Чумаков';
$VAR6 = '';
$VAR7 = '';
$VAR8 = '3';
$VAR9 = '1858';
$VAR10 = '';
$VAR11 = '72';
$VAR12 = '';
$VAR13 = 'Y';
$VAR14 = '1930';
$VAR15 = '';
$VAR16 = '';
$VAR17 = '';
$VAR18 = 'N';
$VAR19 = '';
$VAR20 = '';
$VAR21 = '';
$VAR22 = 'ind00031';
$VAR23 = '';
$VAR24 = '';
$VAR25 = '';
$VAR26 = '';
$VAR27 = '';
$VAR28 = 'ind00033, ind00032';
$VAR29 = '';
$VAR30 = '';
$VAR31 = '';
$VAR32 = '';
$VAR33 = '';
$VAR34 = '';
$VAR35 = '';
$VAR36 = 'серебряник';
$VAR37 = 'occu00003';
$VAR38 = '';
$VAR39 = '';
$VAR40 = '';
$VAR41 = '';
$VAR42 = '';
$VAR43 = '';
$VAR44 = '';
$VAR45 = '';
$VAR46 = '';
$VAR47 = '';
$VAR48 = '';
$VAR49 = '';
$VAR50 = '';
$VAR51 = '';
$VAR52 = '';
$VAR53 = '';
$VAR54 = '';
$VAR55 = '';
$VAR56 = '';
$VAR57 = '';
$VAR58 = '';
$VAR59 = '';
$VAR60 = '';
$VAR61 = '';
$VAR62 = '';
$VAR63 = '4';
$VAR64 = '';
$VAR65 = '';
$VAR66 = '';
$VAR67 = '';
$VAR68 = '';

$VAR1 = 'ind00031';
$VAR2 = 'F';
$VAR3 = 'Екатерина';
$VAR4 = 'Петровна';
$VAR5 = 'Заботина';
$VAR6 = '';
$VAR7 = '';
$VAR8 = '';
$VAR9 = '1872';
$VAR10 = '';
$VAR11 = '78';
$VAR12 = '';
$VAR13 = 'Y';
$VAR14 = '1950';
$VAR15 = '';
$VAR16 = '';
$VAR17 = '';
$VAR18 = 'N';
$VAR19 = '';
$VAR20 = '';
$VAR21 = '';
$VAR22 = 'ind00030';
$VAR23 = '';
$VAR24 = '';
$VAR25 = '';
$VAR26 = '';
$VAR27 = '';
$VAR28 = '';
$VAR29 = '';
$VAR30 = '';
$VAR31 = '';
$VAR32 = '';
$VAR33 = '';
$VAR34 = '';
$VAR35 = '';
$VAR36 = '';
$VAR37 = '';
$VAR38 = '';
$VAR39 = '';
$VAR40 = '';
$VAR41 = '';
$VAR42 = '';
$VAR43 = '';
$VAR44 = '';
$VAR45 = '';
$VAR46 = '';
$VAR47 = '';
$VAR48 = '';
$VAR49 = '';
$VAR50 = '';
$VAR51 = '';
$VAR52 = '';
$VAR53 = '';
$VAR54 = '';
$VAR55 = '';
$VAR56 = '';
$VAR57 = '';
$VAR58 = '';
$VAR59 = '';
$VAR60 = '';
$VAR61 = '';
$VAR62 = '';
$VAR63 = '3';
$VAR64 = '';
$VAR65 = '';
$VAR66 = '';
$VAR67 = '';
$VAR68 = '';

$VAR1 = 'ind00032';
$VAR2 = 'M';
$VAR3 = 'Павел';
$VAR4 = 'Иванов';
$VAR5 = 'Чумаков';
$VAR6 = '';
$VAR7 = '';
$VAR8 = '2';
$VAR9 = '1844';
$VAR10 = '';
$VAR11 = '171';
$VAR12 = '';
$VAR13 = 'N';
$VAR14 = '';
$VAR15 = '';
$VAR16 = '';
$VAR17 = '';
$VAR18 = 'N';
$VAR19 = '';
$VAR20 = '';
$VAR21 = '';
$VAR22 = 'ind00036';
$VAR23 = '';
$VAR24 = '';
$VAR25 = '';
$VAR26 = '';
$VAR27 = '';
$VAR28 = 'ind00033, ind00030';
$VAR29 = '';
$VAR30 = '';
$VAR31 = '';
$VAR32 = '';
$VAR33 = '';
$VAR34 = '';
$VAR35 = '';
$VAR36 = 'серебряник';
$VAR37 = 'occu00004';
$VAR38 = '';
$VAR39 = '';
$VAR40 = '';
$VAR41 = '';
$VAR42 = '';
$VAR43 = '';
$VAR44 = '';
$VAR45 = '';
$VAR46 = '';
$VAR47 = '';
$VAR48 = '';
$VAR49 = '';
$VAR50 = '';
$VAR51 = '';
$VAR52 = '';
$VAR53 = '';
$VAR54 = '';
$VAR55 = '';
$VAR56 = '';
$VAR57 = '';
$VAR58 = '';
$VAR59 = '';
$VAR60 = '';
$VAR61 = '';
$VAR62 = '';
$VAR63 = '3';
$VAR64 = '';
$VAR65 = '';
$VAR66 = '';
$VAR67 = '';
$VAR68 = '';

$VAR1 = 'ind00033';
$VAR2 = 'F';
$VAR3 = 'Пелагея';
$VAR4 = 'Иванова';
$VAR5 = 'Чумакова';
$VAR6 = '';
$VAR7 = '';
$VAR8 = '1';
$VAR9 = '1840';
$VAR10 = '';
$VAR11 = '77';
$VAR12 = '';
$VAR13 = 'Y';
$VAR14 = '1917';
$VAR15 = '';
$VAR16 = '';
$VAR17 = '';
$VAR18 = 'N';
$VAR19 = '';
$VAR20 = '';
$VAR21 = '';
$VAR22 = 'ind00041';
$VAR23 = '';
$VAR24 = '';
$VAR25 = '';
$VAR26 = '';
$VAR27 = '';
$VAR28 = 'ind00032, ind00030';
$VAR29 = '';
$VAR30 = '';
$VAR31 = '';
$VAR32 = '';
$VAR33 = '';
$VAR34 = '';
$VAR35 = '';
$VAR36 = '';
$VAR37 = '';
$VAR38 = '';
$VAR39 = '';
$VAR40 = '';
$VAR41 = '';
$VAR42 = '';
$VAR43 = '';
$VAR44 = '';
$VAR45 = '';
$VAR46 = '';
$VAR47 = '';
$VAR48 = '';
$VAR49 = '';
$VAR50 = '';
$VAR51 = '';
$VAR52 = '';
$VAR53 = '';
$VAR54 = '';
$VAR55 = '';
$VAR56 = '';
$VAR57 = '';
$VAR58 = '';
$VAR59 = '';
$VAR60 = '';
$VAR61 = '';
$VAR62 = '';
$VAR63 = '3';
$VAR64 = '';
$VAR65 = '';
$VAR66 = '';
$VAR67 = '';
$VAR68 = '';

$VAR1 = 'ind00036';
$VAR2 = 'F';
$VAR3 = 'Александра';
$VAR4 = 'Николаева';
$VAR5 = 'Чумакова';
$VAR6 = '';
$VAR7 = '';
$VAR8 = '';
$VAR9 = '1853';
$VAR10 = '';
$VAR11 = '162';
$VAR12 = '';
$VAR13 = 'N';
$VAR14 = '';
$VAR15 = '';
$VAR16 = '';
$VAR17 = '';
$VAR18 = 'N';
$VAR19 = '';
$VAR20 = '';
$VAR21 = '';
$VAR22 = 'ind00032';
$VAR23 = '';
$VAR24 = '';
$VAR25 = '';
$VAR26 = '';
$VAR27 = '';
$VAR28 = '';
$VAR29 = '';
$VAR30 = '';
$VAR31 = '';
$VAR32 = '';
$VAR33 = '';
$VAR34 = '';
$VAR35 = '';
$VAR36 = '';
$VAR37 = '';
$VAR38 = '';
$VAR39 = '';
$VAR40 = '';
$VAR41 = '';
$VAR42 = '';
$VAR43 = '';
$VAR44 = '';
$VAR45 = '';
$VAR46 = '';
$VAR47 = '';
$VAR48 = '';
$VAR49 = '';
$VAR50 = '';
$VAR51 = '';
$VAR52 = '';
$VAR53 = '';
$VAR54 = '';
$VAR55 = '';
$VAR56 = '';
$VAR57 = '';
$VAR58 = '';
$VAR59 = '';
$VAR60 = '';
$VAR61 = '';
$VAR62 = '';
$VAR63 = '2';
$VAR64 = '';
$VAR65 = '';
$VAR66 = '';
$VAR67 = '';
$VAR68 = '';

$VAR1 = 'ind00037';
$VAR2 = 'M';
$VAR3 = 'Иван';
$VAR4 = 'Артемьев';
$VAR5 = 'Чумаков';
$VAR6 = '';
$VAR7 = '';
$VAR8 = '2';
$VAR9 = '1819';
$VAR10 = '';
$VAR11 = '38';
$VAR12 = '';
$VAR13 = 'Y';
$VAR14 = '1857';
$VAR15 = '';
$VAR16 = '';
$VAR17 = '';
$VAR18 = 'N';
$VAR19 = '';
$VAR20 = '';
$VAR21 = '';
$VAR22 = 'ind00038';
$VAR23 = 'ind00039';
$VAR24 = '49';
$VAR25 = 'ind00040';
$VAR26 = '';
$VAR27 = '';
$VAR28 = 'ind00042';
$VAR29 = '';
$VAR30 = '';
$VAR31 = '';
$VAR32 = '';
$VAR33 = '';
$VAR34 = '';
$VAR35 = '';
$VAR36 = 'серебряник';
$VAR37 = 'occu00002';
$VAR38 = '';
$VAR39 = '';
$VAR40 = '';
$VAR41 = '';
$VAR42 = '';
$VAR43 = '';
$VAR44 = '';
$VAR45 = '';
$VAR46 = '';
$VAR47 = '';
$VAR48 = '';
$VAR49 = '';
$VAR50 = '';
$VAR51 = '';
$VAR52 = '';
$VAR53 = '';
$VAR54 = '';
$VAR55 = '';
$VAR56 = '';
$VAR57 = '';
$VAR58 = '';
$VAR59 = '';
$VAR60 = '';
$VAR61 = '';
$VAR62 = '';
$VAR63 = '4';
$VAR64 = '';
$VAR65 = '';
$VAR66 = '';
$VAR67 = '';
$VAR68 = '';

$VAR1 = 'ind00038';
$VAR2 = 'F';
$VAR3 = 'Мария';
$VAR4 = 'Сергеева';
$VAR5 = 'Чумакова';
$VAR6 = '';
$VAR7 = '';
$VAR8 = '';
$VAR9 = '1822';
$VAR10 = '';
$VAR11 = '193';
$VAR12 = '';
$VAR13 = 'N';
$VAR14 = '';
$VAR15 = '';
$VAR16 = '';
$VAR17 = '';
$VAR18 = 'N';
$VAR19 = '';
$VAR20 = '';
$VAR21 = '';
$VAR22 = 'ind00037';
$VAR23 = '';
$VAR24 = '';
$VAR25 = '';
$VAR26 = '';
$VAR27 = '';
$VAR28 = '';
$VAR29 = '';
$VAR30 = '';
$VAR31 = '';
$VAR32 = '';
$VAR33 = '';
$VAR34 = '';
$VAR35 = '';
$VAR36 = '';
$VAR37 = '';
$VAR38 = '';
$VAR39 = '';
$VAR40 = '';
$VAR41 = '';
$VAR42 = '';
$VAR43 = '';
$VAR44 = '';
$VAR45 = '';
$VAR46 = '';
$VAR47 = '';
$VAR48 = '';
$VAR49 = '';
$VAR50 = '';
$VAR51 = '';
$VAR52 = '';
$VAR53 = '';
$VAR54 = '';
$VAR55 = '';
$VAR56 = '';
$VAR57 = '';
$VAR58 = '';
$VAR59 = '';
$VAR60 = '';
$VAR61 = '';
$VAR62 = '';
$VAR63 = '2';
$VAR64 = '';
$VAR65 = '';
$VAR66 = '';
$VAR67 = '';
$VAR68 = '';

$VAR1 = 'ind00039';
$VAR2 = 'M';
$VAR3 = 'Артемий';
$VAR4 = 'Иванов';
$VAR5 = 'Чумаков';
$VAR6 = '';
$VAR7 = '';
$VAR8 = '';
$VAR9 = '1770';
$VAR10 = '';
$VAR11 = '65';
$VAR12 = '';
$VAR13 = 'Y';
$VAR14 = '1835';
$VAR15 = '';
$VAR16 = '';
$VAR17 = '';
$VAR18 = 'N';
$VAR19 = '';
$VAR20 = '';
$VAR21 = '';
$VAR22 = 'ind00040';
$VAR23 = '';
$VAR24 = '';
$VAR25 = '';
$VAR26 = '';
$VAR27 = '';
$VAR28 = '';
$VAR29 = '';
$VAR30 = '';
$VAR31 = '';
$VAR32 = 'ind00042, ind00037';
$VAR33 = '39, 38';
$VAR34 = '38, 49';
$VAR35 = '';
$VAR36 = 'серебряник';
$VAR37 = 'occu00001';
$VAR38 = '';
$VAR39 = '';
$VAR40 = '';
$VAR41 = '';
$VAR42 = '';
$VAR43 = '';
$VAR44 = '';
$VAR45 = '';
$VAR46 = '';
$VAR47 = '';
$VAR48 = '';
$VAR49 = '';
$VAR50 = '';
$VAR51 = '';
$VAR52 = '';
$VAR53 = '';
$VAR54 = '';
$VAR55 = '';
$VAR56 = '';
$VAR57 = '';
$VAR58 = '';
$VAR59 = '';
$VAR60 = '';
$VAR61 = '';
$VAR62 = '';
$VAR63 = '4';
$VAR64 = '';
$VAR65 = '';
$VAR66 = '';
$VAR67 = '';
$VAR68 = '';

$VAR1 = 'ind00040';
$VAR2 = 'F';
$VAR3 = 'Анна';
$VAR4 = 'Адрианова';
$VAR5 = 'Чумакова';
$VAR6 = '';
$VAR7 = '';
$VAR8 = '';
$VAR9 = '';
$VAR10 = '';
$VAR11 = '';
$VAR12 = '';
$VAR13 = 'N';
$VAR14 = '';
$VAR15 = '';
$VAR16 = '';
$VAR17 = '';
$VAR18 = 'N';
$VAR19 = '';
$VAR20 = '';
$VAR21 = '';
$VAR22 = 'ind00039';
$VAR23 = '';
$VAR24 = '';
$VAR25 = '';
$VAR26 = '';
$VAR27 = '';
$VAR28 = '';
$VAR29 = '';
$VAR30 = '';
$VAR31 = '';
$VAR32 = 'ind00042, ind00037';
$VAR33 = '39, 38';
$VAR34 = ', ';
$VAR35 = '';
$VAR36 = '';
$VAR37 = '';
$VAR38 = '';
$VAR39 = '';
$VAR40 = '';
$VAR41 = '';
$VAR42 = '';
$VAR43 = '';
$VAR44 = '';
$VAR45 = '';
$VAR46 = '';
$VAR47 = '';
$VAR48 = '';
$VAR49 = '';
$VAR50 = '';
$VAR51 = '';
$VAR52 = '';
$VAR53 = '';
$VAR54 = '';
$VAR55 = '';
$VAR56 = '';
$VAR57 = '';
$VAR58 = '';
$VAR59 = '';
$VAR60 = '';
$VAR61 = '';
$VAR62 = '';
$VAR63 = '1';
$VAR64 = '';
$VAR65 = '';
$VAR66 = '';
$VAR67 = '';
$VAR68 = '';

$VAR1 = 'ind00041';
$VAR2 = 'M';
$VAR3 = 'Василий';
$VAR4 = 'Петрович';
$VAR5 = '';
$VAR6 = '';
$VAR7 = '';
$VAR8 = '';
$VAR9 = '';
$VAR10 = '';
$VAR11 = '';
$VAR12 = '';
$VAR13 = 'N';
$VAR14 = '';
$VAR15 = '';
$VAR16 = '';
$VAR17 = '';
$VAR18 = 'N';
$VAR19 = '';
$VAR20 = '';
$VAR21 = '';
$VAR22 = 'ind00033';
$VAR23 = '';
$VAR24 = '';
$VAR25 = '';
$VAR26 = '';
$VAR27 = '';
$VAR28 = '';
$VAR29 = '';
$VAR30 = '';
$VAR31 = '';
$VAR32 = '';
$VAR33 = '';
$VAR34 = '';
$VAR35 = '';
$VAR36 = '';
$VAR37 = '';
$VAR38 = '';
$VAR39 = '';
$VAR40 = '';
$VAR41 = '';
$VAR42 = '';
$VAR43 = '';
$VAR44 = '';
$VAR45 = '';
$VAR46 = '';
$VAR47 = '';
$VAR48 = '';
$VAR49 = '';
$VAR50 = '';
$VAR51 = '';
$VAR52 = '';
$VAR53 = '';
$VAR54 = '';
$VAR55 = '';
$VAR56 = '';
$VAR57 = '';
$VAR58 = '';
$VAR59 = '';
$VAR60 = '';
$VAR61 = '';
$VAR62 = '';
$VAR63 = '1';
$VAR64 = '';
$VAR65 = '';
$VAR66 = '';
$VAR67 = '';
$VAR68 = '';

$VAR1 = 'ind00042';
$VAR2 = 'M';
$VAR3 = 'Михаил';
$VAR4 = 'Артемьев';
$VAR5 = 'Чумаков';
$VAR6 = '';
$VAR7 = '';
$VAR8 = '1';
$VAR9 = '1808';
$VAR10 = '';
$VAR11 = '39';
$VAR12 = '';
$VAR13 = 'Y';
$VAR14 = '1847';
$VAR15 = '';
$VAR16 = '';
$VAR17 = '';
$VAR18 = 'N';
$VAR19 = '';
$VAR20 = '';
$VAR21 = '';
$VAR22 = 'ind00043';
$VAR23 = 'ind00039';
$VAR24 = '38';
$VAR25 = 'ind00040';
$VAR26 = '';
$VAR27 = '';
$VAR28 = 'ind00037';
$VAR29 = '';
$VAR30 = '';
$VAR31 = '';
$VAR32 = 'ind00046, ind00045, ind00044';
$VAR33 = '181, 177, 176';
$VAR34 = '26, 30, 31';
$VAR35 = '';
$VAR36 = 'серебряник';
$VAR37 = 'occu00005';
$VAR38 = '';
$VAR39 = '';
$VAR40 = '';
$VAR41 = '';
$VAR42 = '';
$VAR43 = '';
$VAR44 = '';
$VAR45 = '';
$VAR46 = '';
$VAR47 = '';
$VAR48 = '';
$VAR49 = '';
$VAR50 = '';
$VAR51 = '';
$VAR52 = '';
$VAR53 = '';
$VAR54 = '';
$VAR55 = '';
$VAR56 = '';
$VAR57 = '';
$VAR58 = '';
$VAR59 = '';
$VAR60 = '';
$VAR61 = '';
$VAR62 = '';
$VAR63 = '4';
$VAR64 = '';
$VAR65 = '';
$VAR66 = '';
$VAR67 = '';
$VAR68 = '';

$VAR1 = 'ind00043';
$VAR2 = 'F';
$VAR3 = '';
$VAR4 = '';
$VAR5 = '';
$VAR6 = '';
$VAR7 = '';
$VAR8 = '';
$VAR9 = '';
$VAR10 = '';
$VAR11 = '';
$VAR12 = '';
$VAR13 = 'N';
$VAR14 = '';
$VAR15 = '';
$VAR16 = '';
$VAR17 = '';
$VAR18 = '';
$VAR19 = '';
$VAR20 = '';
$VAR21 = '';
$VAR22 = 'ind00042';
$VAR23 = '';
$VAR24 = '';
$VAR25 = '';
$VAR26 = '';
$VAR27 = '';
$VAR28 = '';
$VAR29 = '';
$VAR30 = '';
$VAR31 = '';
$VAR32 = 'ind00046, ind00045, ind00044';
$VAR33 = '181, 177, 176';
$VAR34 = ', , ';
$VAR35 = '';
$VAR36 = '';
$VAR37 = '';
$VAR38 = '';
$VAR39 = '';
$VAR40 = '';
$VAR41 = '';
$VAR42 = '';
$VAR43 = '';
$VAR44 = '';
$VAR45 = '';
$VAR46 = '';
$VAR47 = '';
$VAR48 = '';
$VAR49 = '';
$VAR50 = '';
$VAR51 = '';
$VAR52 = '';
$VAR53 = '';
$VAR54 = '';
$VAR55 = '';
$VAR56 = '';
$VAR57 = '';
$VAR58 = '';
$VAR59 = '';
$VAR60 = '';
$VAR61 = '';
$VAR62 = '';
$VAR63 = '';
$VAR64 = '';
$VAR65 = '';
$VAR66 = '';
$VAR67 = '';
$VAR68 = '';

$VAR1 = 'ind00044';
$VAR2 = 'M';
$VAR3 = 'Петр';
$VAR4 = 'Михайлов';
$VAR5 = 'Чумаков';
$VAR6 = '';
$VAR7 = '';
$VAR8 = '3';
$VAR9 = '1839';
$VAR10 = '';
$VAR11 = '176';
$VAR12 = '';
$VAR13 = 'N';
$VAR14 = '';
$VAR15 = '';
$VAR16 = '';
$VAR17 = '';
$VAR18 = 'N';
$VAR19 = '';
$VAR20 = '';
$VAR21 = '';
$VAR22 = '';
$VAR23 = 'ind00042';
$VAR24 = '31';
$VAR25 = 'ind00043';
$VAR26 = '';
$VAR27 = '';
$VAR28 = 'ind00046, ind00045';
$VAR29 = '';
$VAR30 = '';
$VAR31 = '';
$VAR32 = '';
$VAR33 = '';
$VAR34 = '';
$VAR35 = '';
$VAR36 = '';
$VAR37 = '';
$VAR38 = '';
$VAR39 = '';
$VAR40 = '';
$VAR41 = '';
$VAR42 = '';
$VAR43 = '';
$VAR44 = '';
$VAR45 = '';
$VAR46 = '';
$VAR47 = '';
$VAR48 = '';
$VAR49 = '';
$VAR50 = '';
$VAR51 = '';
$VAR52 = '';
$VAR53 = '';
$VAR54 = '';
$VAR55 = '';
$VAR56 = '';
$VAR57 = '';
$VAR58 = '';
$VAR59 = '';
$VAR60 = '';
$VAR61 = '';
$VAR62 = '';
$VAR63 = '2';
$VAR64 = '';
$VAR65 = '';
$VAR66 = '';
$VAR67 = '';
$VAR68 = '';

$VAR1 = 'ind00045';
$VAR2 = 'M';
$VAR3 = 'федор';
$VAR4 = 'Михайлов';
$VAR5 = 'Чумаков';
$VAR6 = '';
$VAR7 = '';
$VAR8 = '2';
$VAR9 = '1838';
$VAR10 = '';
$VAR11 = '177';
$VAR12 = '';
$VAR13 = 'N';
$VAR14 = '';
$VAR15 = '';
$VAR16 = '';
$VAR17 = '';
$VAR18 = 'N';
$VAR19 = '';
$VAR20 = '';
$VAR21 = '';
$VAR22 = '';
$VAR23 = 'ind00042';
$VAR24 = '30';
$VAR25 = 'ind00043';
$VAR26 = '';
$VAR27 = '';
$VAR28 = 'ind00046, ind00044';
$VAR29 = '';
$VAR30 = '';
$VAR31 = '';
$VAR32 = '';
$VAR33 = '';
$VAR34 = '';
$VAR35 = '';
$VAR36 = '';
$VAR37 = '';
$VAR38 = '';
$VAR39 = '';
$VAR40 = '';
$VAR41 = '';
$VAR42 = '';
$VAR43 = '';
$VAR44 = '';
$VAR45 = '';
$VAR46 = '';
$VAR47 = '';
$VAR48 = '';
$VAR49 = '';
$VAR50 = '';
$VAR51 = '';
$VAR52 = '';
$VAR53 = '';
$VAR54 = '';
$VAR55 = '';
$VAR56 = '';
$VAR57 = '';
$VAR58 = '';
$VAR59 = '';
$VAR60 = '';
$VAR61 = '';
$VAR62 = '';
$VAR63 = '2';
$VAR64 = '';
$VAR65 = '';
$VAR66 = '';
$VAR67 = '';
$VAR68 = '';

$VAR1 = 'ind00046';
$VAR2 = 'M';
$VAR3 = 'Павел';
$VAR4 = 'Михайлов';
$VAR5 = '';
$VAR6 = '';
$VAR7 = '';
$VAR8 = '1';
$VAR9 = '1834';
$VAR10 = '';
$VAR11 = '181';
$VAR12 = '';
$VAR13 = 'N';
$VAR14 = '';
$VAR15 = '';
$VAR16 = '';
$VAR17 = '';
$VAR18 = 'N';
$VAR19 = '';
$VAR20 = '';
$VAR21 = '';
$VAR22 = '';
$VAR23 = 'ind00042';
$VAR24 = '26';
$VAR25 = 'ind00043';
$VAR26 = '';
$VAR27 = '';
$VAR28 = 'ind00045, ind00044';
$VAR29 = '';
$VAR30 = '';
$VAR31 = '';
$VAR32 = '';
$VAR33 = '';
$VAR34 = '';
$VAR35 = '';
$VAR36 = 'серебряник';
$VAR37 = 'occu00006';
$VAR38 = '';
$VAR39 = '';
$VAR40 = '';
$VAR41 = '';
$VAR42 = '';
$VAR43 = '';
$VAR44 = '';
$VAR45 = '';
$VAR46 = '';
$VAR47 = '';
$VAR48 = '';
$VAR49 = '';
$VAR50 = '';
$VAR51 = '';
$VAR52 = '';
$VAR53 = '';
$VAR54 = '';
$VAR55 = '';
$VAR56 = '';
$VAR57 = '';
$VAR58 = '';
$VAR59 = '';
$VAR60 = '';
$VAR61 = '';
$VAR62 = '';
$VAR63 = '3';
$VAR64 = '';
$VAR65 = '';
$VAR66 = '';
$VAR67 = '';
$VAR68 = '';

$VAR1 = 'ind00047';
$VAR2 = 'F';
$VAR3 = 'Ольга';
$VAR4 = 'Николаевна';
$VAR5 = 'Чумакова';
$VAR6 = '';
$VAR7 = '';
$VAR8 = '1';
$VAR9 = '24 Jul 1886';
$VAR10 = '24 Jul';
$VAR11 = '82y 3m 10d';
$VAR12 = '';
$VAR13 = 'Y';
$VAR14 = '3 Nov 1968';
$VAR15 = '';
$VAR16 = '';
$VAR17 = '';
$VAR18 = 'Y';
$VAR19 = '';
$VAR20 = '';
$VAR21 = '';
$VAR22 = 'ind00060';
$VAR23 = '';
$VAR24 = '';
$VAR25 = '';
$VAR26 = '';
$VAR27 = '';
$VAR28 = 'ind00048, ind00049, ind00050, ind00051, ind00052, ind00053, ind00054, ind00055';
$VAR29 = '';
$VAR30 = '';
$VAR31 = '';
$VAR32 = '';
$VAR33 = '';
$VAR34 = '';
$VAR35 = '';
$VAR36 = '';
$VAR37 = '';
$VAR38 = '';
$VAR39 = '';
$VAR40 = '';
$VAR41 = '';
$VAR42 = '';
$VAR43 = '';
$VAR44 = '';
$VAR45 = '';
$VAR46 = '';
$VAR47 = '';
$VAR48 = '';
$VAR49 = '';
$VAR50 = '';
$VAR51 = '';
$VAR52 = '';
$VAR53 = '';
$VAR54 = '';
$VAR55 = '';
$VAR56 = '';
$VAR57 = '';
$VAR58 = '';
$VAR59 = '';
$VAR60 = '';
$VAR61 = '';
$VAR62 = '';
$VAR63 = '3';
$VAR64 = '';
$VAR65 = '';
$VAR66 = '';
$VAR67 = '';
$VAR68 = '';

$VAR1 = 'ind00048';
$VAR2 = 'M';
$VAR3 = 'Михаил';
$VAR4 = 'Николаевич';
$VAR5 = 'Чумаков';
$VAR6 = '';
$VAR7 = '';
$VAR8 = '2';
$VAR9 = '24 Jan 1888';
$VAR10 = '24 Jan';
$VAR11 = '81';
$VAR12 = '';
$VAR13 = 'Y';
$VAR14 = '1969';
$VAR15 = '';
$VAR16 = '';
$VAR17 = '';
$VAR18 = 'N';
$VAR19 = '';
$VAR20 = '';
$VAR21 = '';
$VAR22 = 'ind00056';
$VAR23 = '';
$VAR24 = '';
$VAR25 = '';
$VAR26 = '';
$VAR27 = '';
$VAR28 = 'ind00047, ind00049, ind00050, ind00051, ind00052, ind00053, ind00054, ind00055';
$VAR29 = '';
$VAR30 = '';
$VAR31 = '';
$VAR32 = '';
$VAR33 = '';
$VAR34 = '';
$VAR35 = '';
$VAR36 = '';
$VAR37 = '';
$VAR38 = '';
$VAR39 = '';
$VAR40 = '';
$VAR41 = '';
$VAR42 = '';
$VAR43 = '';
$VAR44 = '';
$VAR45 = '';
$VAR46 = '';
$VAR47 = '';
$VAR48 = '';
$VAR49 = '';
$VAR50 = '';
$VAR51 = '';
$VAR52 = '';
$VAR53 = '';
$VAR54 = '';
$VAR55 = '';
$VAR56 = '';
$VAR57 = '';
$VAR58 = '';
$VAR59 = '';
$VAR60 = '';
$VAR61 = '';
$VAR62 = '';
$VAR63 = '3';
$VAR64 = '';
$VAR65 = '';
$VAR66 = '';
$VAR67 = '';
$VAR68 = '';

$VAR1 = 'ind00049';
$VAR2 = 'M';
$VAR3 = 'Сергей';
$VAR4 = 'Николаевич';
$VAR5 = 'Чумаков';
$VAR6 = '';
$VAR7 = '';
$VAR8 = '3';
$VAR9 = '20 Oct 1889';
$VAR10 = '20 Oct';
$VAR11 = '75y 8m 0d';
$VAR12 = '';
$VAR13 = 'Y';
$VAR14 = '20 Jun 1965';
$VAR15 = '';
$VAR16 = '';
$VAR17 = '';
$VAR18 = 'N';
$VAR19 = '';
$VAR20 = '';
$VAR21 = '';
$VAR22 = 'ind00057';
$VAR23 = '';
$VAR24 = '';
$VAR25 = '';
$VAR26 = '';
$VAR27 = '';
$VAR28 = 'ind00047, ind00048, ind00050, ind00051, ind00052, ind00053, ind00054, ind00055';
$VAR29 = '';
$VAR30 = '';
$VAR31 = '';
$VAR32 = '';
$VAR33 = '';
$VAR34 = '';
$VAR35 = '';
$VAR36 = '';
$VAR37 = '';
$VAR38 = '';
$VAR39 = '';
$VAR40 = '';
$VAR41 = '';
$VAR42 = '';
$VAR43 = '';
$VAR44 = '';
$VAR45 = '';
$VAR46 = '';
$VAR47 = '';
$VAR48 = '';
$VAR49 = '';
$VAR50 = '';
$VAR51 = '';
$VAR52 = '';
$VAR53 = '';
$VAR54 = '';
$VAR55 = '';
$VAR56 = '';
$VAR57 = '';
$VAR58 = '';
$VAR59 = '';
$VAR60 = '';
$VAR61 = '';
$VAR62 = '';
$VAR63 = '3';
$VAR64 = '';
$VAR65 = '';
$VAR66 = '';
$VAR67 = '';
$VAR68 = '';

$VAR1 = 'ind00050';
$VAR2 = 'F';
$VAR3 = 'Анна';
$VAR4 = 'Николаевна';
$VAR5 = 'Чумакова';
$VAR6 = '';
$VAR7 = '';
$VAR8 = '4';
$VAR9 = '14 Feb 1892';
$VAR10 = '14 Feb';
$VAR11 = '47y 8m 6d';
$VAR12 = '';
$VAR13 = 'Y';
$VAR14 = '20 Oct 1939';
$VAR15 = '';
$VAR16 = '';
$VAR17 = '';
$VAR18 = 'N';
$VAR19 = '';
$VAR20 = '';
$VAR21 = '';
$VAR22 = 'ind00058';
$VAR23 = '';
$VAR24 = '';
$VAR25 = '';
$VAR26 = '';
$VAR27 = '';
$VAR28 = 'ind00047, ind00048, ind00049, ind00051, ind00052, ind00053, ind00054, ind00055';
$VAR29 = '';
$VAR30 = '';
$VAR31 = '';
$VAR32 = '';
$VAR33 = '';
$VAR34 = '';
$VAR35 = '';
$VAR36 = '';
$VAR37 = '';
$VAR38 = '';
$VAR39 = '';
$VAR40 = '';
$VAR41 = '';
$VAR42 = '';
$VAR43 = '';
$VAR44 = '';
$VAR45 = '';
$VAR46 = '';
$VAR47 = '';
$VAR48 = '';
$VAR49 = '';
$VAR50 = '';
$VAR51 = '';
$VAR52 = '';
$VAR53 = '';
$VAR54 = '';
$VAR55 = '';
$VAR56 = '';
$VAR57 = '';
$VAR58 = '';
$VAR59 = '';
$VAR60 = '';
$VAR61 = '';
$VAR62 = '';
$VAR63 = '3';
$VAR64 = '';
$VAR65 = '';
$VAR66 = '';
$VAR67 = '';
$VAR68 = '';

$VAR1 = 'ind00051';
$VAR2 = 'M';
$VAR3 = 'Павел';
$VAR4 = 'Николаевич';
$VAR5 = '';
$VAR6 = '';
$VAR7 = '';
$VAR8 = '5';
$VAR9 = '1894';
$VAR10 = '';
$VAR11 = '';
$VAR12 = '';
$VAR13 = 'Y';
$VAR14 = '1894';
$VAR15 = '';
$VAR16 = '';
$VAR17 = '';
$VAR18 = 'Y';
$VAR19 = '';
$VAR20 = '';
$VAR21 = '';
$VAR22 = '';
$VAR23 = '';
$VAR24 = '';
$VAR25 = '';
$VAR26 = '';
$VAR27 = '';
$VAR28 = 'ind00047, ind00048, ind00049, ind00050, ind00052, ind00053, ind00054, ind00055';
$VAR29 = '';
$VAR30 = '';
$VAR31 = '';
$VAR32 = '';
$VAR33 = '';
$VAR34 = '';
$VAR35 = '';
$VAR36 = '';
$VAR37 = '';
$VAR38 = '';
$VAR39 = '';
$VAR40 = '';
$VAR41 = '';
$VAR42 = '';
$VAR43 = '';
$VAR44 = '';
$VAR45 = '';
$VAR46 = '';
$VAR47 = '';
$VAR48 = '';
$VAR49 = '';
$VAR50 = '';
$VAR51 = '';
$VAR52 = '';
$VAR53 = '';
$VAR54 = '';
$VAR55 = '';
$VAR56 = '';
$VAR57 = '';
$VAR58 = '';
$VAR59 = '';
$VAR60 = '';
$VAR61 = '';
$VAR62 = '';
$VAR63 = '3';
$VAR64 = '';
$VAR65 = '';
$VAR66 = '';
$VAR67 = '';
$VAR68 = '';

$VAR1 = 'ind00052';
$VAR2 = 'F';
$VAR3 = 'Елена';
$VAR4 = 'Николаевна';
$VAR5 = 'Чумакова';
$VAR6 = '';
$VAR7 = '';
$VAR8 = '6';
$VAR9 = '1894';
$VAR10 = '';
$VAR11 = '3';
$VAR12 = '';
$VAR13 = 'Y';
$VAR14 = '17 Mar 1897';
$VAR15 = '';
$VAR16 = '';
$VAR17 = '';
$VAR18 = 'Y';
$VAR19 = '';
$VAR20 = '';
$VAR21 = '';
$VAR22 = '';
$VAR23 = '';
$VAR24 = '';
$VAR25 = '';
$VAR26 = '';
$VAR27 = '';
$VAR28 = 'ind00047, ind00048, ind00049, ind00050, ind00051, ind00053, ind00054, ind00055';
$VAR29 = '';
$VAR30 = '';
$VAR31 = '';
$VAR32 = '';
$VAR33 = '';
$VAR34 = '';
$VAR35 = '';
$VAR36 = '';
$VAR37 = '';
$VAR38 = '';
$VAR39 = '';
$VAR40 = '';
$VAR41 = '';
$VAR42 = '';
$VAR43 = '';
$VAR44 = '';
$VAR45 = '';
$VAR46 = '';
$VAR47 = '';
$VAR48 = '';
$VAR49 = '';
$VAR50 = '';
$VAR51 = '';
$VAR52 = '';
$VAR53 = '';
$VAR54 = '';
$VAR55 = '';
$VAR56 = '';
$VAR57 = '';
$VAR58 = '';
$VAR59 = '';
$VAR60 = '';
$VAR61 = '';
$VAR62 = '';
$VAR63 = '3';
$VAR64 = '';
$VAR65 = '';
$VAR66 = '';
$VAR67 = '';
$VAR68 = '';

$VAR1 = 'ind00053';
$VAR2 = 'M';
$VAR3 = 'Александр';
$VAR4 = 'Николаевич';
$VAR5 = 'Чумаков';
$VAR6 = '';
$VAR7 = '';
$VAR8 = '7';
$VAR9 = '12 Aug 1896';
$VAR10 = '12 Aug';
$VAR11 = '19y 10m 7d';
$VAR12 = '';
$VAR13 = 'Y';
$VAR14 = '19 Jun 1916';
$VAR15 = '';
$VAR16 = '';
$VAR17 = '';
$VAR18 = 'Y';
$VAR19 = '';
$VAR20 = '';
$VAR21 = '';
$VAR22 = '';
$VAR23 = '';
$VAR24 = '';
$VAR25 = '';
$VAR26 = '';
$VAR27 = '';
$VAR28 = 'ind00047, ind00048, ind00049, ind00050, ind00051, ind00052, ind00054, ind00055';
$VAR29 = '';
$VAR30 = '';
$VAR31 = '';
$VAR32 = '';
$VAR33 = '';
$VAR34 = '';
$VAR35 = '';
$VAR36 = '';
$VAR37 = '';
$VAR38 = '';
$VAR39 = '';
$VAR40 = '';
$VAR41 = '';
$VAR42 = '';
$VAR43 = '';
$VAR44 = '';
$VAR45 = '';
$VAR46 = '';
$VAR47 = '';
$VAR48 = '';
$VAR49 = '';
$VAR50 = '';
$VAR51 = '';
$VAR52 = '';
$VAR53 = '';
$VAR54 = '';
$VAR55 = '';
$VAR56 = '';
$VAR57 = '';
$VAR58 = '';
$VAR59 = '';
$VAR60 = '';
$VAR61 = '';
$VAR62 = '';
$VAR63 = '3';
$VAR64 = '';
$VAR65 = '';
$VAR66 = '';
$VAR67 = '';
$VAR68 = '';

$VAR1 = 'ind00054';
$VAR2 = 'F';
$VAR3 = 'Зинаида';
$VAR4 = 'Николаевна';
$VAR5 = 'Чумакова';
$VAR6 = '';
$VAR7 = '';
$VAR8 = '8';
$VAR9 = '4 Oct 1899';
$VAR10 = '4 Oct';
$VAR11 = '74y 10m 28d';
$VAR12 = '';
$VAR13 = 'Y';
$VAR14 = '1 Sep 1974';
$VAR15 = '';
$VAR16 = '';
$VAR17 = '';
$VAR18 = 'N';
$VAR19 = '';
$VAR20 = '';
$VAR21 = '';
$VAR22 = '';
$VAR23 = '';
$VAR24 = '';
$VAR25 = '';
$VAR26 = '';
$VAR27 = '';
$VAR28 = 'ind00047, ind00048, ind00049, ind00050, ind00051, ind00052, ind00053, ind00055';
$VAR29 = '';
$VAR30 = '';
$VAR31 = '';
$VAR32 = '';
$VAR33 = '';
$VAR34 = '';
$VAR35 = '';
$VAR36 = '';
$VAR37 = '';
$VAR38 = '';
$VAR39 = '';
$VAR40 = '';
$VAR41 = '';
$VAR42 = '';
$VAR43 = '';
$VAR44 = '';
$VAR45 = '';
$VAR46 = '';
$VAR47 = '';
$VAR48 = '';
$VAR49 = '';
$VAR50 = '';
$VAR51 = '';
$VAR52 = '';
$VAR53 = '';
$VAR54 = '';
$VAR55 = '';
$VAR56 = '';
$VAR57 = '';
$VAR58 = '';
$VAR59 = '';
$VAR60 = '';
$VAR61 = '';
$VAR62 = '';
$VAR63 = '3';
$VAR64 = '';
$VAR65 = '';
$VAR66 = '';
$VAR67 = '';
$VAR68 = '';

$VAR1 = 'ind00055';
$VAR2 = 'F';
$VAR3 = 'Александра';
$VAR4 = 'Николаевна';
$VAR5 = 'Чумакова';
$VAR6 = '';
$VAR7 = '';
$VAR8 = '9';
$VAR9 = '2 Apr 1901';
$VAR10 = '2 Apr';
$VAR11 = '89';
$VAR12 = '';
$VAR13 = 'Y';
$VAR14 = '1990';
$VAR15 = '';
$VAR16 = '';
$VAR17 = '';
$VAR18 = 'N';
$VAR19 = '';
$VAR20 = '';
$VAR21 = '';
$VAR22 = 'ind00059';
$VAR23 = '';
$VAR24 = '';
$VAR25 = '';
$VAR26 = '';
$VAR27 = '';
$VAR28 = 'ind00047, ind00048, ind00049, ind00050, ind00051, ind00052, ind00053, ind00054';
$VAR29 = '';
$VAR30 = '';
$VAR31 = '';
$VAR32 = '';
$VAR33 = '';
$VAR34 = '';
$VAR35 = '';
$VAR36 = '';
$VAR37 = '';
$VAR38 = '';
$VAR39 = '';
$VAR40 = '';
$VAR41 = '';
$VAR42 = '';
$VAR43 = '';
$VAR44 = '';
$VAR45 = '';
$VAR46 = '';
$VAR47 = '';
$VAR48 = '';
$VAR49 = '';
$VAR50 = '';
$VAR51 = '';
$VAR52 = '';
$VAR53 = '';
$VAR54 = '';
$VAR55 = '';
$VAR56 = '';
$VAR57 = '';
$VAR58 = '';
$VAR59 = '';
$VAR60 = '';
$VAR61 = '';
$VAR62 = '';
$VAR63 = '3';
$VAR64 = '';
$VAR65 = '';
$VAR66 = '';
$VAR67 = '';
$VAR68 = '';

$VAR1 = 'ind00056';
$VAR2 = 'F';
$VAR3 = 'Евстолия';
$VAR4 = 'Ивановна';
$VAR5 = 'Селиванова';
$VAR6 = '';
$VAR7 = '';
$VAR8 = '';
$VAR9 = '18 Jul 1892';
$VAR10 = '18 Jul';
$VAR11 = '82y 3m 16d';
$VAR12 = '';
$VAR13 = 'Y';
$VAR14 = '3 Nov 1974';
$VAR15 = '';
$VAR16 = '';
$VAR17 = '';
$VAR18 = 'N';
$VAR19 = '';
$VAR20 = '';
$VAR21 = '';
$VAR22 = 'ind00048';
$VAR23 = '';
$VAR24 = '';
$VAR25 = '';
$VAR26 = '';
$VAR27 = '';
$VAR28 = '';
$VAR29 = '';
$VAR30 = '';
$VAR31 = '';
$VAR32 = '';
$VAR33 = '';
$VAR34 = '';
$VAR35 = '';
$VAR36 = '';
$VAR37 = '';
$VAR38 = '';
$VAR39 = '';
$VAR40 = '';
$VAR41 = '';
$VAR42 = '';
$VAR43 = '';
$VAR44 = '';
$VAR45 = '';
$VAR46 = '';
$VAR47 = '';
$VAR48 = '';
$VAR49 = '';
$VAR50 = '';
$VAR51 = '';
$VAR52 = '';
$VAR53 = '';
$VAR54 = '';
$VAR55 = '';
$VAR56 = '';
$VAR57 = '';
$VAR58 = '';
$VAR59 = '';
$VAR60 = '';
$VAR61 = '';
$VAR62 = '';
$VAR63 = '3';
$VAR64 = '';
$VAR65 = '';
$VAR66 = '';
$VAR67 = '';
$VAR68 = '';

$VAR1 = 'ind00057';
$VAR2 = 'F';
$VAR3 = 'Римма';
$VAR4 = 'ивановна';
$VAR5 = 'Чудецкая';
$VAR6 = '';
$VAR7 = '';
$VAR8 = '';
$VAR9 = '25 Feb 1891';
$VAR10 = '25 Feb';
$VAR11 = '84';
$VAR12 = '';
$VAR13 = 'Y';
$VAR14 = '1975';
$VAR15 = '';
$VAR16 = '';
$VAR17 = '';
$VAR18 = '';
$VAR19 = '';
$VAR20 = '';
$VAR21 = '';
$VAR22 = 'ind00049';
$VAR23 = '';
$VAR24 = '';
$VAR25 = '';
$VAR26 = '';
$VAR27 = '';
$VAR28 = '';
$VAR29 = '';
$VAR30 = '';
$VAR31 = '';
$VAR32 = '';
$VAR33 = '';
$VAR34 = '';
$VAR35 = '';
$VAR36 = '';
$VAR37 = '';
$VAR38 = '';
$VAR39 = '';
$VAR40 = '';
$VAR41 = '';
$VAR42 = '';
$VAR43 = '';
$VAR44 = '';
$VAR45 = '';
$VAR46 = '';
$VAR47 = '';
$VAR48 = '';
$VAR49 = '';
$VAR50 = '';
$VAR51 = '';
$VAR52 = '';
$VAR53 = '';
$VAR54 = '';
$VAR55 = '';
$VAR56 = '';
$VAR57 = '';
$VAR58 = '';
$VAR59 = '';
$VAR60 = '';
$VAR61 = '';
$VAR62 = '';
$VAR63 = '3';
$VAR64 = '';
$VAR65 = '';
$VAR66 = '';
$VAR67 = '';
$VAR68 = '';

$VAR1 = 'ind00058';
$VAR2 = 'M';
$VAR3 = 'Сергей';
$VAR4 = 'Григорьевич';
$VAR5 = '';
$VAR6 = '';
$VAR7 = '';
$VAR8 = '';
$VAR9 = '20 Oct 1888';
$VAR10 = '20 Oct';
$VAR11 = '75y 8m 20d';
$VAR12 = '';
$VAR13 = 'Y';
$VAR14 = '10 Jul 1964';
$VAR15 = '';
$VAR16 = '';
$VAR17 = '';
$VAR18 = 'N';
$VAR19 = '';
$VAR20 = '';
$VAR21 = '';
$VAR22 = 'ind00050';
$VAR23 = '';
$VAR24 = '';
$VAR25 = '';
$VAR26 = '';
$VAR27 = '';
$VAR28 = '';
$VAR29 = '';
$VAR30 = '';
$VAR31 = '';
$VAR32 = '';
$VAR33 = '';
$VAR34 = '';
$VAR35 = '';
$VAR36 = '';
$VAR37 = '';
$VAR38 = '';
$VAR39 = '';
$VAR40 = '';
$VAR41 = '';
$VAR42 = '';
$VAR43 = '';
$VAR44 = '';
$VAR45 = '';
$VAR46 = '';
$VAR47 = '';
$VAR48 = '';
$VAR49 = '';
$VAR50 = '';
$VAR51 = '';
$VAR52 = '';
$VAR53 = '';
$VAR54 = '';
$VAR55 = '';
$VAR56 = '';
$VAR57 = '';
$VAR58 = '';
$VAR59 = '';
$VAR60 = '';
$VAR61 = '';
$VAR62 = '';
$VAR63 = '3';
$VAR64 = '';
$VAR65 = '';
$VAR66 = '';
$VAR67 = '';
$VAR68 = '';

$VAR1 = 'ind00059';
$VAR2 = 'M';
$VAR3 = 'Павел';
$VAR4 = 'Матвеевич';
$VAR5 = '';
$VAR6 = '';
$VAR7 = '';
$VAR8 = '';
$VAR9 = '';
$VAR10 = '';
$VAR11 = '';
$VAR12 = '';
$VAR13 = 'N';
$VAR14 = '';
$VAR15 = '';
$VAR16 = '';
$VAR17 = '';
$VAR18 = '';
$VAR19 = '';
$VAR20 = '';
$VAR21 = '';
$VAR22 = 'ind00055';
$VAR23 = '';
$VAR24 = '';
$VAR25 = '';
$VAR26 = '';
$VAR27 = '';
$VAR28 = '';
$VAR29 = '';
$VAR30 = '';
$VAR31 = '';
$VAR32 = '';
$VAR33 = '';
$VAR34 = '';
$VAR35 = '';
$VAR36 = '';
$VAR37 = '';
$VAR38 = '';
$VAR39 = '';
$VAR40 = '';
$VAR41 = '';
$VAR42 = '';
$VAR43 = '';
$VAR44 = '';
$VAR45 = '';
$VAR46 = '';
$VAR47 = '';
$VAR48 = '';
$VAR49 = '';
$VAR50 = '';
$VAR51 = '';
$VAR52 = '';
$VAR53 = '';
$VAR54 = '';
$VAR55 = '';
$VAR56 = '';
$VAR57 = '';
$VAR58 = '';
$VAR59 = '';
$VAR60 = '';
$VAR61 = '';
$VAR62 = '';
$VAR63 = '1';
$VAR64 = '';
$VAR65 = '';
$VAR66 = '';
$VAR67 = '';
$VAR68 = '';

$VAR1 = 'ind00060';
$VAR2 = 'M';
$VAR3 = '';
$VAR4 = '';
$VAR5 = '';
$VAR6 = '';
$VAR7 = '';
$VAR8 = '';
$VAR9 = '';
$VAR10 = '';
$VAR11 = '';
$VAR12 = '';
$VAR13 = 'N';
$VAR14 = '';
$VAR15 = '';
$VAR16 = '';
$VAR17 = '';
$VAR18 = 'Y';
$VAR19 = '';
$VAR20 = '';
$VAR21 = '';
$VAR22 = 'ind00047';
$VAR23 = '';
$VAR24 = '';
$VAR25 = '';
$VAR26 = '';
$VAR27 = '';
$VAR28 = '';
$VAR29 = '';
$VAR30 = '';
$VAR31 = '';
$VAR32 = '';
$VAR33 = '';
$VAR34 = '';
$VAR35 = '';
$VAR36 = '';
$VAR37 = '';
$VAR38 = '';
$VAR39 = '';
$VAR40 = '';
$VAR41 = '';
$VAR42 = '';
$VAR43 = '';
$VAR44 = '';
$VAR45 = '';
$VAR46 = '';
$VAR47 = '';
$VAR48 = '';
$VAR49 = '';
$VAR50 = '';
$VAR51 = '';
$VAR52 = '';
$VAR53 = '';
$VAR54 = '';
$VAR55 = '';
$VAR56 = '';
$VAR57 = '';
$VAR58 = '';
$VAR59 = '';
$VAR60 = '';
$VAR61 = '';
$VAR62 = '';
$VAR63 = '1';
$VAR64 = '';
$VAR65 = '';
$VAR66 = '';
$VAR67 = '';
$VAR68 = '';

