$VAR1 = {
          'homepage' => undef,
          'work_places' => undef,
          'gender' => 1,
          'jobs' => undef,
          'date_of_death' => undef,
          'id' => 'I37',
          'place_of_death' => undef,
          'mid_name' => undef,
          'last_name' => 'Короткова',
          'place_of_birth' => undef,
          'title' => undef,
          'mother_id' => undef,
          'father_id' => undef,
          'nickname' => undef,
          'suffix' => undef,
          'schools' => undef,
          'email' => undef,
          'cemetery' => undef,
          'places_of_living' => undef,
          'first_name' => 'Александра',
          'prefix' => undef,
          'general' => undef,
          'is_living' => 0,
          'date_of_birth' => undef
        };
$VAR1 = {
          'mother_id' => undef,
          'place_of_birth' => undef,
          'title' => undef,
          'nickname' => undef,
          'father_id' => undef,
          'homepage' => undef,
          'work_places' => undef,
          'gender' => 1,
          'id' => 'I40',
          'jobs' => undef,
          'date_of_death' => undef,
          'place_of_death' => undef,
          'mid_name' => undef,
          'last_name' => 'Чумакова',
          'first_name' => 'Пелагея Ивановна',
          'places_of_living' => undef,
          'general' => undef,
          'prefix' => undef,
          'is_living' => 0,
          'date_of_birth' => undef,
          'suffix' => undef,
          'schools' => undef,
          'email' => undef,
          'cemetery' => undef
        };
$VAR1 = {
          'father_id' => 'I34',
          'nickname' => undef,
          'title' => undef,
          'place_of_birth' => undef,
          'mother_id' => 'I35',
          'last_name' => 'Найдышева',
          'mid_name' => 'Васильевна',
          'place_of_death' => undef,
          'jobs' => undef,
          'id' => 'I30',
          'date_of_death' => undef,
          'homepage' => undef,
          'work_places' => undef,
          'gender' => 1,
          'date_of_birth' => undef,
          'is_living' => 0,
          'general' => undef,
          'prefix' => undef,
          'places_of_living' => undef,
          'first_name' => 'Анна',
          'cemetery' => undef,
          'email' => undef,
          'schools' => undef,
          'suffix' => undef
        };
$VAR1 = {
          'is_living' => 0,
          'date_of_birth' => '13/2/1889',
          'first_name' => 'Анна',
          'places_of_living' => undef,
          'general' => 'уроденная Гиацинтова',
          'prefix' => undef,
          'cemetery' => undef,
          'email' => undef,
          'suffix' => undef,
          'schools' => undef,
          'place_of_birth' => undef,
          'title' => undef,
          'mother_id' => undef,
          'father_id' => undef,
          'nickname' => undef,
          'mid_name' => 'Михайловна',
          'last_name' => 'Флоренская',
          'work_places' => undef,
          'homepage' => undef,
          'gender' => 1,
          'jobs' => undef,
          'date_of_death' => '18/03/1973',
          'id' => 'I29',
          'place_of_death' => undef
        };
$VAR1 = {
          'last_name' => 'Мишина',
          'mid_name' => 'Алексеевна',
          'jobs' => undef,
          'date_of_death' => undef,
          'id' => 'I11',
          'place_of_death' => undef,
          'gender' => 1,
          'work_places' => undef,
          'homepage' => undef,
          'father_id' => 'I4',
          'nickname' => undef,
          'title' => undef,
          'place_of_birth' => undef,
          'mother_id' => 'I6',
          'cemetery' => undef,
          'email' => undef,
          'suffix' => undef,
          'schools' => undef,
          'is_living' => 1,
          'date_of_birth' => undef,
          'first_name' => 'Елена',
          'places_of_living' => undef,
          'prefix' => undef,
          'general' => undef
        };
$VAR1 = {
          'work_places' => undef,
          'homepage' => undef,
          'gender' => 0,
          'place_of_death' => undef,
          'jobs' => undef,
          'id' => 'I12',
          'date_of_death' => undef,
          'mid_name' => 'Алексеевич',
          'last_name' => 'Мишин',
          'mother_id' => 'I6',
          'place_of_birth' => undef,
          'title' => undef,
          'father_id' => 'I4',
          'nickname' => undef,
          'schools' => undef,
          'suffix' => undef,
          'cemetery' => undef,
          'email' => undef,
          'general' => undef,
          'prefix' => undef,
          'places_of_living' => undef,
          'first_name' => 'Михаил',
          'date_of_birth' => undef,
          'is_living' => 1
        };
$VAR1 = {
          'email' => undef,
          'cemetery' => undef,
          'schools' => undef,
          'suffix' => undef,
          'date_of_birth' => '18/6/1939',
          'is_living' => 0,
          'prefix' => undef,
          'general' => undef,
          'first_name' => 'Алексей',
          'places_of_living' => undef,
          'mid_name' => 'Михайлович',
          'last_name' => 'Мишин',
          'work_places' => undef,
          'homepage' => undef,
          'gender' => 0,
          'place_of_death' => undef,
          'date_of_death' => undef,
          'jobs' => undef,
          'id' => 'I4',
          'title' => undef,
          'place_of_birth' => undef,
          'mother_id' => 'I15',
          'nickname' => undef,
          'father_id' => 'I17'
        };
$VAR1 = {
          'place_of_birth' => undef,
          'title' => undef,
          'mother_id' => undef,
          'father_id' => undef,
          'nickname' => undef,
          'mid_name' => undef,
          'last_name' => 'Торбинская',
          'gender' => 0,
          'work_places' => undef,
          'homepage' => undef,
          'jobs' => undef,
          'id' => 'I41',
          'date_of_death' => undef,
          'place_of_death' => undef,
          'is_living' => 1,
          'date_of_birth' => undef,
          'first_name' => 'Василий',
          'places_of_living' => undef,
          'prefix' => undef,
          'general' => undef,
          'email' => undef,
          'cemetery' => undef,
          'suffix' => undef,
          'schools' => undef
        };
$VAR1 = {
          'id' => 'I17',
          'jobs' => undef,
          'date_of_death' => '14/1/1966',
          'place_of_death' => undef,
          'homepage' => undef,
          'work_places' => undef,
          'gender' => 0,
          'last_name' => 'Мишин',
          'mid_name' => 'Иванович',
          'father_id' => 'I27',
          'nickname' => undef,
          'place_of_birth' => undef,
          'mother_id' => 'I52',
          'title' => undef,
          'suffix' => undef,
          'schools' => undef,
          'email' => undef,
          'cemetery' => undef,
          'places_of_living' => undef,
          'first_name' => 'Михаил',
          'general' => undef,
          'prefix' => undef,
          'is_living' => 0,
          'date_of_birth' => '16/9/1906'
        };
$VAR1 = {
          'place_of_death' => undef,
          'date_of_death' => undef,
          'jobs' => undef,
          'id' => 'I13',
          'work_places' => undef,
          'homepage' => undef,
          'gender' => 1,
          'last_name' => 'Мишина',
          'mid_name' => 'Алексеевна',
          'father_id' => 'I4',
          'nickname' => undef,
          'place_of_birth' => undef,
          'title' => undef,
          'mother_id' => 'I6',
          'schools' => undef,
          'suffix' => undef,
          'email' => undef,
          'cemetery' => undef,
          'prefix' => undef,
          'general' => undef,
          'first_name' => 'Мария',
          'places_of_living' => undef,
          'date_of_birth' => undef,
          'is_living' => 1
        };
$VAR1 = {
          'suffix' => undef,
          'schools' => undef,
          'email' => undef,
          'cemetery' => undef,
          'places_of_living' => undef,
          'first_name' => 'Василий',
          'prefix' => undef,
          'general' => undef,
          'is_living' => 1,
          'date_of_birth' => undef,
          'homepage' => undef,
          'work_places' => undef,
          'gender' => 0,
          'id' => 'I34',
          'jobs' => undef,
          'date_of_death' => undef,
          'place_of_death' => undef,
          'mid_name' => undef,
          'last_name' => 'Найдышева',
          'place_of_birth' => undef,
          'mother_id' => undef,
          'title' => undef,
          'nickname' => undef,
          'father_id' => undef
        };
$VAR1 = {
          'prefix' => undef,
          'general' => undef,
          'first_name' => 'Иван',
          'places_of_living' => undef,
          'date_of_birth' => undef,
          'is_living' => 0,
          'schools' => undef,
          'suffix' => undef,
          'cemetery' => undef,
          'email' => undef,
          'title' => undef,
          'place_of_birth' => undef,
          'mother_id' => 'I71',
          'nickname' => undef,
          'father_id' => 'I66',
          'work_places' => undef,
          'gender' => 0,
          'homepage' => undef,
          'place_of_death' => undef,
          'id' => 'I27',
          'jobs' => undef,
          'date_of_death' => undef,
          'mid_name' => 'Иванович',
          'last_name' => 'Мишин'
        };
$VAR1 = {
          'email' => undef,
          'cemetery' => undef,
          'schools' => undef,
          'suffix' => undef,
          'date_of_birth' => '06/02/1939',
          'is_living' => 1,
          'prefix' => undef,
          'general' => undef,
          'first_name' => 'Валерий',
          'places_of_living' => undef,
          'last_name' => 'Варлашкин',
          'mid_name' => 'Петрович',
          'place_of_death' => undef,
          'id' => 'I19',
          'jobs' => undef,
          'date_of_death' => undef,
          'work_places' => undef,
          'homepage' => undef,
          'gender' => 0,
          'nickname' => undef,
          'father_id' => 'I57',
          'place_of_birth' => undef,
          'mother_id' => 'I56',
          'title' => undef
        };
$VAR1 = {
          'father_id' => 'I21',
          'nickname' => undef,
          'title' => undef,
          'place_of_birth' => undef,
          'mother_id' => 'I23',
          'place_of_death' => undef,
          'date_of_death' => undef,
          'jobs' => undef,
          'id' => 'I6',
          'homepage' => bless( {
                                 'Type' => 'Text',
                                 'Val' => 'http://www.geni.com/photo/view/?photo_id=6000000001951156276',
                                 'Format' => '',
                                 '_Value' => 'http://www.geni.com/photo/view/?photo_id=6000000001951156276'
                               }, 'Spreadsheet::ParseExcel::Cell' ),
          'work_places' => undef,
          'gender' => 1,
          'last_name' => 'Мишина',
          'mid_name' => 'Кирилловна',
          'general' => undef,
          'prefix' => undef,
          'first_name' => 'Кира',
          'places_of_living' => undef,
          'date_of_birth' => '29/12/1941',
          'is_living' => 1,
          'schools' => undef,
          'suffix' => undef,
          'cemetery' => undef,
          'email' => undef
        };
$VAR1 = {
          'prefix' => undef,
          'general' => undef,
          'first_name' => 'Андрей',
          'places_of_living' => undef,
          'date_of_birth' => undef,
          'is_living' => 1,
          'schools' => undef,
          'suffix' => undef,
          'cemetery' => undef,
          'email' => undef,
          'place_of_birth' => undef,
          'mother_id' => 'I6',
          'title' => undef,
          'father_id' => 'I19',
          'nickname' => undef,
          'work_places' => undef,
          'homepage' => undef,
          'gender' => 0,
          'place_of_death' => undef,
          'jobs' => undef,
          'date_of_death' => undef,
          'id' => 'I20',
          'mid_name' => 'Валерьевич',
          'last_name' => 'Варлашкин'
        };
$VAR1 = {
          'title' => undef,
          'place_of_birth' => '"Russia" "Moscow"',
          'mother_id' => 'I6',
          'nickname' => undef,
          'father_id' => 'I4',
          'gender' => 0,
          'work_places' => undef,
          'homepage' => bless( {
                                 'Format' => '',
                                 'Val' => 'http://www.geni.com/photo/view/?photo_id=6000000000910785672',
                                 '_Value' => 'http://www.geni.com/photo/view/?photo_id=6000000000910785672',
                                 'Type' => 'Text'
                               }, 'Spreadsheet::ParseExcel::Cell' ),
          'place_of_death' => undef,
          'date_of_death' => undef,
          'jobs' => [
                      'Rosbank'
                    ],
          'id' => 'I0',
          'mid_name' => 'Алексеевич',
          'last_name' => 'Мишин',
          'general' => undef,
          'prefix' => undef,
          'places_of_living' => undef,
          'first_name' => 'Николай',
          'date_of_birth' => '7/2/1976',
          'is_living' => 1,
          'schools' => [
                         '780'
                       ],
          'suffix' => undef,
          'email' => 'mi@ya.ru',
          'cemetery' => undef
        };
$VAR1 = {
          'mother_id' => 'I26',
          'place_of_birth' => undef,
          'title' => undef,
          'nickname' => undef,
          'father_id' => 'I25',
          'mid_name' => 'Михайловна',
          'last_name' => 'Хомякова',
          'homepage' => undef,
          'work_places' => undef,
          'gender' => 1,
          'place_of_death' => undef,
          'jobs' => undef,
          'date_of_death' => '5/4/1970',
          'id' => 'I15',
          'date_of_birth' => '5/4/1906',
          'is_living' => 0,
          'general' => undef,
          'prefix' => undef,
          'places_of_living' => undef,
          'first_name' => 'Лидия',
          'cemetery' => undef,
          'email' => undef,
          'schools' => undef,
          'suffix' => undef
        };
$VAR1 = {
          'last_name' => 'Левицкая',
          'mid_name' => 'Алексеевна',
          'place_of_death' => undef,
          'jobs' => undef,
          'id' => 'I9',
          'date_of_death' => undef,
          'work_places' => undef,
          'homepage' => undef,
          'gender' => 1,
          'nickname' => undef,
          'father_id' => 'I4',
          'mother_id' => 'I6',
          'place_of_birth' => undef,
          'title' => undef,
          'cemetery' => undef,
          'email' => undef,
          'schools' => undef,
          'suffix' => undef,
          'date_of_birth' => '5/3/1970',
          'is_living' => 1,
          'prefix' => undef,
          'general' => undef,
          'first_name' => 'Лидия',
          'places_of_living' => undef
        };
$VAR1 = {
          'cemetery' => undef,
          'email' => undef,
          'schools' => undef,
          'suffix' => undef,
          'date_of_birth' => '23/3/1979',
          'is_living' => 1,
          'prefix' => undef,
          'general' => undef,
          'first_name' => 'Ирина Юревна',
          'places_of_living' => undef,
          'mid_name' => undef,
          'last_name' => 'Метелкина',
          'homepage' => undef,
          'work_places' => undef,
          'gender' => 1,
          'place_of_death' => undef,
          'date_of_death' => undef,
          'jobs' => undef,
          'id' => 'I3',
          'mother_id' => undef,
          'place_of_birth' => undef,
          'title' => undef,
          'father_id' => undef,
          'nickname' => undef
        };
$VAR1 = {
          'place_of_birth' => undef,
          'title' => undef,
          'mother_id' => 'I29',
          'nickname' => undef,
          'father_id' => 'I28',
          'work_places' => undef,
          'homepage' => undef,
          'gender' => 0,
          'date_of_death' => '9/4/1982',
          'jobs' => undef,
          'id' => 'I21',
          'place_of_death' => undef,
          'mid_name' => 'Павлович',
          'last_name' => 'Флоренский',
          'first_name' => 'Кирилл',
          'places_of_living' => undef,
          'prefix' => undef,
          'general' => undef,
          'is_living' => 0,
          'date_of_birth' => '27/12/1915',
          'suffix' => undef,
          'schools' => undef,
          'email' => undef,
          'cemetery' => undef
        };
$VAR1 = {
          'last_name' => 'Мишина',
          'mid_name' => 'Алексеевна',
          'place_of_death' => undef,
          'jobs' => undef,
          'id' => 'I14',
          'date_of_death' => undef,
          'work_places' => undef,
          'gender' => 1,
          'homepage' => undef,
          'father_id' => 'I4',
          'nickname' => undef,
          'mother_id' => 'I6',
          'place_of_birth' => undef,
          'title' => undef,
          'cemetery' => undef,
          'email' => undef,
          'schools' => undef,
          'suffix' => undef,
          'date_of_birth' => undef,
          'is_living' => 1,
          'general' => undef,
          'prefix' => undef,
          'places_of_living' => undef,
          'first_name' => 'Анна'
        };
$VAR1 = {
          'email' => undef,
          'cemetery' => undef,
          'suffix' => undef,
          'schools' => undef,
          'is_living' => 0,
          'date_of_birth' => undef,
          'first_name' => 'Анна',
          'places_of_living' => undef,
          'general' => 'урожденной Новоселовой',
          'prefix' => undef,
          'last_name' => 'Хомякова',
          'mid_name' => 'Григорьевна',
          'id' => 'I26',
          'jobs' => undef,
          'date_of_death' => undef,
          'place_of_death' => undef,
          'homepage' => undef,
          'work_places' => undef,
          'gender' => 1,
          'nickname' => undef,
          'father_id' => undef,
          'place_of_birth' => undef,
          'title' => undef,
          'mother_id' => undef
        };
$VAR1 = {
          'cemetery' => undef,
          'email' => undef,
          'schools' => undef,
          'suffix' => undef,
          'date_of_birth' => undef,
          'is_living' => 1,
          'general' => undef,
          'prefix' => undef,
          'places_of_living' => undef,
          'first_name' => 'Самуил Иванович',
          'mid_name' => undef,
          'last_name' => 'Кейвсар',
          'work_places' => undef,
          'homepage' => undef,
          'gender' => 0,
          'place_of_death' => undef,
          'date_of_death' => undef,
          'jobs' => undef,
          'id' => 'I32',
          'mother_id' => undef,
          'place_of_birth' => undef,
          'title' => undef,
          'father_id' => undef,
          'nickname' => undef
        };
$VAR1 = {
          'suffix' => undef,
          'schools' => undef,
          'cemetery' => undef,
          'email' => undef,
          'places_of_living' => undef,
          'first_name' => 'Михаил',
          'general' => undef,
          'prefix' => undef,
          'is_living' => 0,
          'date_of_birth' => undef,
          'date_of_death' => undef,
          'jobs' => undef,
          'id' => 'I25',
          'place_of_death' => undef,
          'work_places' => undef,
          'gender' => 0,
          'homepage' => undef,
          'last_name' => 'Хомяков',
          'mid_name' => 'Михайлович',
          'father_id' => 'I54',
          'nickname' => undef,
          'place_of_birth' => undef,
          'mother_id' => 'I53',
          'title' => undef
        };
$VAR1 = {
          'mother_id' => 'I37',
          'place_of_birth' => undef,
          'title' => undef,
          'father_id' => 'I32',
          'nickname' => undef,
          'mid_name' => undef,
          'last_name' => 'Кейвсар',
          'gender' => 0,
          'work_places' => undef,
          'homepage' => undef,
          'place_of_death' => undef,
          'jobs' => undef,
          'id' => 'I39',
          'date_of_death' => undef,
          'date_of_birth' => undef,
          'is_living' => 1,
          'general' => undef,
          'prefix' => undef,
          'places_of_living' => undef,
          'first_name' => 'Леонид',
          'email' => undef,
          'cemetery' => undef,
          'schools' => undef,
          'suffix' => undef
        };
$VAR1 = {
          'gender' => 1,
          'work_places' => undef,
          'homepage' => undef,
          'date_of_death' => undef,
          'jobs' => undef,
          'id' => 'I35',
          'place_of_death' => undef,
          'mid_name' => undef,
          'last_name' => 'Торбинская',
          'title' => undef,
          'place_of_birth' => undef,
          'mother_id' => 'I40',
          'nickname' => undef,
          'father_id' => 'I41',
          'suffix' => undef,
          'schools' => undef,
          'cemetery' => undef,
          'email' => undef,
          'first_name' => 'Елена Васильевна',
          'places_of_living' => undef,
          'general' => undef,
          'prefix' => undef,
          'is_living' => 1,
          'date_of_birth' => undef
        };
$VAR1 = {
          'places_of_living' => undef,
          'first_name' => 'Борис',
          'general' => undef,
          'prefix' => undef,
          'is_living' => 1,
          'date_of_birth' => undef,
          'suffix' => undef,
          'schools' => undef,
          'cemetery' => undef,
          'email' => undef,
          'nickname' => undef,
          'father_id' => 'I32',
          'mother_id' => 'I37',
          'place_of_birth' => undef,
          'title' => undef,
          'id' => 'I38',
          'jobs' => undef,
          'date_of_death' => undef,
          'place_of_death' => undef,
          'homepage' => undef,
          'work_places' => undef,
          'gender' => 0,
          'last_name' => 'Кейвсар',
          'mid_name' => undef
        };
$VAR1 = {
          'mid_name' => 'Самуиловна',
          'last_name' => 'Флоренская',
          'work_places' => undef,
          'gender' => 1,
          'homepage' => undef,
          'place_of_death' => undef,
          'jobs' => undef,
          'date_of_death' => undef,
          'id' => 'I23',
          'title' => undef,
          'place_of_birth' => undef,
          'mother_id' => 'I30',
          'nickname' => undef,
          'father_id' => 'I32',
          'email' => undef,
          'cemetery' => undef,
          'schools' => undef,
          'suffix' => undef,
          'date_of_birth' => '24/10/1916',
          'is_living' => 0,
          'prefix' => undef,
          'general' => undef,
          'places_of_living' => undef,
          'first_name' => 'Зинаида'
        };
$VAR1 = {
          'father_id' => undef,
          'nickname' => undef,
          'place_of_birth' => undef,
          'mother_id' => undef,
          'title' => undef,
          'last_name' => 'Флоренский',
          'mid_name' => 'Александрович',
          'place_of_death' => undef,
          'id' => 'I28',
          'jobs' => undef,
          'date_of_death' => undef,
          'work_places' => undef,
          'homepage' => undef,
          'gender' => 0,
          'date_of_birth' => undef,
          'is_living' => 1,
          'prefix' => undef,
          'general' => undef,
          'first_name' => 'Павел',
          'places_of_living' => undef,
          'email' => undef,
          'cemetery' => undef,
          'schools' => undef,
          'suffix' => undef
        };
$VAR1 = {
          'email' => undef,
          'cemetery' => undef,
          'suffix' => undef,
          'schools' => undef,
          'is_living' => 1,
          'date_of_birth' => undef,
          'places_of_living' => undef,
          'first_name' => 'Никита',
          'prefix' => undef,
          'general' => undef,
          'last_name' => 'Мишин',
          'mid_name' => 'Алексеевич',
          'date_of_death' => undef,
          'jobs' => undef,
          'id' => 'I10',
          'place_of_death' => undef,
          'work_places' => undef,
          'homepage' => undef,
          'gender' => 0,
          'nickname' => undef,
          'father_id' => 'I4',
          'title' => undef,
          'place_of_birth' => undef,
          'mother_id' => 'I6'
        };
$VAR1 = {
          'place_of_birth' => undef,
          'mother_id' => 'I84',
          'title' => undef,
          'father_id' => 'I85',
          'nickname' => undef,
          'mid_name' => 'Юрьевна',
          'last_name' => 'Лебедева',
          'work_places' => undef,
          'gender' => 1,
          'homepage' => undef,
          'place_of_death' => undef,
          'date_of_death' => undef,
          'jobs' => undef,
          'id' => 'I50',
          'date_of_birth' => '23/03/1979',
          'is_living' => 1,
          'prefix' => undef,
          'general' => undef,
          'places_of_living' => undef,
          'first_name' => 'Ирина',
          'email' => undef,
          'cemetery' => undef,
          'schools' => undef,
          'suffix' => undef
        };
$VAR1 = {
          'email' => undef,
          'cemetery' => undef,
          'suffix' => undef,
          'schools' => undef,
          'is_living' => 1,
          'date_of_birth' => '06/06/2014',
          'first_name' => 'Артём',
          'places_of_living' => undef,
          'general' => undef,
          'prefix' => undef,
          'mid_name' => 'Николаевич',
          'last_name' => 'Мишин',
          'gender' => 0,
          'work_places' => undef,
          'homepage' => undef,
          'jobs' => undef,
          'id' => 'I51',
          'date_of_death' => undef,
          'place_of_death' => undef,
          'place_of_birth' => undef,
          'title' => undef,
          'mother_id' => 'I50',
          'father_id' => 'I0',
          'nickname' => undef
        };
$VAR1 = {
          'place_of_birth' => undef,
          'mother_id' => 'I78',
          'title' => undef,
          'nickname' => undef,
          'father_id' => 'I77',
          'homepage' => undef,
          'work_places' => undef,
          'gender' => 1,
          'jobs' => undef,
          'date_of_death' => undef,
          'id' => 'I52',
          'place_of_death' => undef,
          'mid_name' => 'Алексеевна',
          'last_name' => 'Мишина',
          'first_name' => 'Елена',
          'places_of_living' => undef,
          'prefix' => undef,
          'general' => 'урожденная Хомякова',
          'is_living' => 0,
          'date_of_birth' => undef,
          'suffix' => undef,
          'schools' => undef,
          'email' => undef,
          'cemetery' => undef
        };
$VAR1 = {
          'is_living' => 0,
          'date_of_birth' => undef,
          'places_of_living' => undef,
          'first_name' => 'Матрона',
          'general' => undef,
          'prefix' => undef,
          'email' => undef,
          'cemetery' => undef,
          'suffix' => undef,
          'schools' => undef,
          'nickname' => undef,
          'father_id' => undef,
          'mother_id' => undef,
          'place_of_birth' => undef,
          'title' => undef,
          'last_name' => 'Хомякова',
          'mid_name' => 'Косминична',
          'jobs' => undef,
          'date_of_death' => undef,
          'id' => 'I53',
          'place_of_death' => undef,
          'work_places' => undef,
          'homepage' => undef,
          'gender' => 1
        };
$VAR1 = {
          'email' => undef,
          'cemetery' => undef,
          'schools' => undef,
          'suffix' => undef,
          'date_of_birth' => undef,
          'is_living' => 0,
          'general' => undef,
          'prefix' => undef,
          'first_name' => 'Михаил',
          'places_of_living' => undef,
          'last_name' => 'Хомяков',
          'mid_name' => 'Иванович',
          'place_of_death' => undef,
          'jobs' => undef,
          'id' => 'I54',
          'date_of_death' => undef,
          'gender' => 0,
          'work_places' => undef,
          'homepage' => undef,
          'nickname' => undef,
          'father_id' => undef,
          'place_of_birth' => undef,
          'mother_id' => undef,
          'title' => undef
        };
$VAR1 = {
          'nickname' => undef,
          'father_id' => undef,
          'title' => undef,
          'place_of_birth' => undef,
          'mother_id' => undef,
          'place_of_death' => undef,
          'jobs' => undef,
          'id' => 'I56',
          'date_of_death' => undef,
          'homepage' => undef,
          'work_places' => undef,
          'gender' => 1,
          'last_name' => 'Варлашкина',
          'mid_name' => 'Дмитриевна',
          'prefix' => undef,
          'general' => 'Урожденная Гузеева',
          'places_of_living' => undef,
          'first_name' => 'Александра',
          'date_of_birth' => undef,
          'is_living' => 0,
          'schools' => undef,
          'suffix' => undef,
          'email' => undef,
          'cemetery' => undef
        };
$VAR1 = {
          'suffix' => undef,
          'schools' => undef,
          'cemetery' => undef,
          'email' => undef,
          'first_name' => 'Петр',
          'places_of_living' => undef,
          'general' => undef,
          'prefix' => undef,
          'is_living' => 0,
          'date_of_birth' => undef,
          'homepage' => undef,
          'work_places' => undef,
          'gender' => 0,
          'jobs' => undef,
          'date_of_death' => undef,
          'id' => 'I57',
          'place_of_death' => undef,
          'mid_name' => 'Андреевич',
          'last_name' => 'Варлашкин',
          'place_of_birth' => undef,
          'mother_id' => undef,
          'title' => undef,
          'nickname' => undef,
          'father_id' => undef
        };
$VAR1 = {
          'first_name' => 'Иван',
          'places_of_living' => undef,
          'prefix' => undef,
          'general' => undef,
          'is_living' => 0,
          'date_of_birth' => '05/04/1935',
          'suffix' => undef,
          'schools' => undef,
          'cemetery' => undef,
          'email' => undef,
          'father_id' => 'I17',
          'nickname' => undef,
          'mother_id' => 'I15',
          'place_of_birth' => undef,
          'title' => undef,
          'jobs' => undef,
          'id' => 'I58',
          'date_of_death' => undef,
          'place_of_death' => undef,
          'work_places' => undef,
          'gender' => 0,
          'homepage' => undef,
          'last_name' => 'Мишин',
          'mid_name' => 'Михайлович'
        };
$VAR1 = {
          'is_living' => 0,
          'date_of_birth' => '24/07/1947',
          'places_of_living' => undef,
          'first_name' => 'Михаил',
          'prefix' => undef,
          'general' => undef,
          'email' => undef,
          'cemetery' => undef,
          'suffix' => undef,
          'schools' => undef,
          'mother_id' => 'I15',
          'place_of_birth' => undef,
          'title' => undef,
          'father_id' => 'I17',
          'nickname' => undef,
          'mid_name' => 'Михайлович',
          'last_name' => 'Мишин',
          'gender' => 0,
          'work_places' => undef,
          'homepage' => undef,
          'jobs' => undef,
          'date_of_death' => undef,
          'id' => 'I59',
          'place_of_death' => undef
        };
$VAR1 = {
          'suffix' => undef,
          'schools' => undef,
          'email' => undef,
          'cemetery' => undef,
          'first_name' => 'Борис',
          'places_of_living' => undef,
          'prefix' => undef,
          'general' => undef,
          'is_living' => 0,
          'date_of_birth' => '16/09/1908',
          'jobs' => undef,
          'date_of_death' => '\'14/01/1970',
          'id' => 'I60',
          'place_of_death' => undef,
          'homepage' => undef,
          'work_places' => undef,
          'gender' => 0,
          'last_name' => 'Мишин',
          'mid_name' => 'Иванович',
          'father_id' => 'I27',
          'nickname' => undef,
          'place_of_birth' => undef,
          'mother_id' => 'I52',
          'title' => undef
        };
$VAR1 = {
          'general' => undef,
          'prefix' => undef,
          'first_name' => 'Николай',
          'places_of_living' => undef,
          'date_of_birth' => '16/09/1904',
          'is_living' => 0,
          'schools' => undef,
          'suffix' => undef,
          'cemetery' => undef,
          'email' => undef,
          'mother_id' => 'I52',
          'place_of_birth' => undef,
          'title' => undef,
          'nickname' => undef,
          'father_id' => 'I27',
          'homepage' => undef,
          'work_places' => undef,
          'gender' => 0,
          'place_of_death' => undef,
          'date_of_death' => '\'14/01/1963',
          'jobs' => undef,
          'id' => 'I61',
          'mid_name' => 'Иванович',
          'last_name' => 'Мишин'
        };
$VAR1 = {
          'id' => 'I62',
          'jobs' => undef,
          'date_of_death' => undef,
          'place_of_death' => undef,
          'homepage' => undef,
          'work_places' => undef,
          'gender' => 0,
          'last_name' => 'Мишин',
          'mid_name' => 'Борисович',
          'father_id' => 'I60',
          'nickname' => undef,
          'title' => undef,
          'place_of_birth' => undef,
          'mother_id' => undef,
          'suffix' => undef,
          'schools' => undef,
          'email' => undef,
          'cemetery' => undef,
          'first_name' => 'Андрей',
          'places_of_living' => undef,
          'general' => undef,
          'prefix' => undef,
          'is_living' => 1,
          'date_of_birth' => undef
        };
$VAR1 = {
          'last_name' => 'Мишин',
          'mid_name' => 'Борисович',
          'date_of_death' => undef,
          'jobs' => undef,
          'id' => 'I63',
          'place_of_death' => undef,
          'work_places' => undef,
          'gender' => 1,
          'homepage' => undef,
          'father_id' => 'I60',
          'nickname' => undef,
          'place_of_birth' => undef,
          'title' => undef,
          'mother_id' => undef,
          'email' => undef,
          'cemetery' => undef,
          'suffix' => undef,
          'schools' => undef,
          'is_living' => 1,
          'date_of_birth' => undef,
          'first_name' => 'Наталья',
          'places_of_living' => undef,
          'prefix' => undef,
          'general' => undef
        };
$VAR1 = {
          'work_places' => undef,
          'homepage' => undef,
          'gender' => 1,
          'date_of_death' => undef,
          'jobs' => undef,
          'id' => 'I64',
          'place_of_death' => undef,
          'mid_name' => 'Борисович',
          'last_name' => 'Мишин',
          'place_of_birth' => undef,
          'title' => undef,
          'mother_id' => undef,
          'father_id' => 'I60',
          'nickname' => undef,
          'suffix' => undef,
          'schools' => undef,
          'cemetery' => undef,
          'email' => undef,
          'places_of_living' => undef,
          'first_name' => 'Елена',
          'general' => undef,
          'prefix' => undef,
          'is_living' => 1,
          'date_of_birth' => undef
        };
$VAR1 = {
          'place_of_death' => undef,
          'id' => 'I65',
          'jobs' => undef,
          'date_of_death' => undef,
          'work_places' => undef,
          'homepage' => undef,
          'gender' => 0,
          'last_name' => 'Мишин',
          'mid_name' => 'Борисович',
          'father_id' => 'I60',
          'nickname' => undef,
          'place_of_birth' => undef,
          'mother_id' => undef,
          'title' => undef,
          'schools' => undef,
          'suffix' => undef,
          'email' => undef,
          'cemetery' => undef,
          'prefix' => undef,
          'general' => undef,
          'places_of_living' => undef,
          'first_name' => 'Сергей',
          'date_of_birth' => undef,
          'is_living' => 0
        };
$VAR1 = {
          'email' => undef,
          'cemetery' => undef,
          'suffix' => undef,
          'schools' => undef,
          'is_living' => 0,
          'date_of_birth' => '1/1/1854',
          'places_of_living' => undef,
          'first_name' => 'Иван',
          'prefix' => undef,
          'general' => undef,
          'last_name' => 'Мишин',
          'mid_name' => 'Иванович',
          'date_of_death' => 1917,
          'jobs' => undef,
          'id' => 'I66',
          'place_of_death' => undef,
          'homepage' => undef,
          'work_places' => undef,
          'gender' => 0,
          'father_id' => 'I68',
          'nickname' => undef,
          'place_of_birth' => undef,
          'mother_id' => 'I69',
          'title' => undef
        };
$VAR1 = {
          'date_of_birth' => '1/1/1864',
          'is_living' => 0,
          'prefix' => undef,
          'general' => '  5.Младший Михаил Иванович 1864гр. За ним мой прадед приехал в Москву и всю жизнь с ним проработал.  Михаил Иванович, купец первой гильдии, наиболее богатый и известный из братьев. Был женат на Акилине Кузьминичне. Детей у них не было. Умер в 1917, все передал старшему брату Ивану Ивановичу. А тот умер в том же году, или в 1918, все передал сыну Ивану Ивановичу младшему. Дарственная есть в вашем архиве.',
          'places_of_living' => undef,
          'first_name' => 'Михаил',
          'email' => undef,
          'cemetery' => undef,
          'schools' => undef,
          'suffix' => undef,
          'place_of_birth' => undef,
          'title' => undef,
          'mother_id' => 'I69',
          'father_id' => 'I68',
          'nickname' => undef,
          'mid_name' => 'Иванович',
          'last_name' => 'Мишин',
          'gender' => 0,
          'work_places' => undef,
          'homepage' => undef,
          'place_of_death' => undef,
          'jobs' => undef,
          'date_of_death' => 1917,
          'id' => 'I67'
        };
$VAR1 = {
          'suffix' => undef,
          'schools' => undef,
          'email' => undef,
          'cemetery' => undef,
          'places_of_living' => undef,
          'first_name' => 'Иван',
          'prefix' => undef,
          'general' => 'каширского мещанина. Красильня у них там была по словам вашего отца. Жена его Анна Васильевна. (Видимо она была родней моих предков, похожа лицом на бабку прадеда.) Их фото есть в вашем семейном архиве.',
          'is_living' => 0,
          'date_of_birth' => '1/1/1834',
          'date_of_death' => undef,
          'jobs' => undef,
          'id' => 'I68',
          'place_of_death' => undef,
          'work_places' => undef,
          'gender' => 0,
          'homepage' => undef,
          'last_name' => 'Мишин',
          'mid_name' => 'Амбросимович',
          'father_id' => 'I75',
          'nickname' => undef,
          'mother_id' => undef,
          'place_of_birth' => undef,
          'title' => undef
        };
$VAR1 = {
          'cemetery' => undef,
          'email' => undef,
          'suffix' => undef,
          'schools' => undef,
          'is_living' => 0,
          'date_of_birth' => undef,
          'first_name' => 'Анна',
          'places_of_living' => undef,
          'general' => undef,
          'prefix' => undef,
          'last_name' => 'Мишина',
          'mid_name' => 'Васильевна',
          'date_of_death' => undef,
          'jobs' => undef,
          'id' => 'I69',
          'place_of_death' => undef,
          'work_places' => undef,
          'homepage' => undef,
          'gender' => 1,
          'nickname' => undef,
          'father_id' => undef,
          'place_of_birth' => undef,
          'mother_id' => undef,
          'title' => undef
        };
$VAR1 = {
          'last_name' => 'Мишина',
          'mid_name' => 'Ивановна',
          'jobs' => undef,
          'id' => 'I70',
          'date_of_death' => undef,
          'place_of_death' => undef,
          'gender' => 1,
          'work_places' => undef,
          'homepage' => undef,
          'nickname' => undef,
          'father_id' => 'I68',
          'place_of_birth' => undef,
          'title' => undef,
          'mother_id' => 'I69',
          'email' => undef,
          'cemetery' => undef,
          'suffix' => undef,
          'schools' => undef,
          'is_living' => 0,
          'date_of_birth' => '1/1/1850',
          'places_of_living' => undef,
          'first_name' => 'Клавдия',
          'general' => undef,
          'prefix' => undef
        };
$VAR1 = {
          'first_name' => 'Авдотья',
          'places_of_living' => undef,
          'general' => 'урожденная  Буханова',
          'prefix' => undef,
          'is_living' => 0,
          'date_of_birth' => undef,
          'suffix' => undef,
          'schools' => undef,
          'email' => undef,
          'cemetery' => undef,
          'father_id' => undef,
          'nickname' => undef,
          'place_of_birth' => undef,
          'mother_id' => undef,
          'title' => undef,
          'jobs' => undef,
          'id' => 'I71',
          'date_of_death' => undef,
          'place_of_death' => undef,
          'work_places' => undef,
          'homepage' => undef,
          'gender' => 1,
          'last_name' => 'Мишина',
          'mid_name' => 'Алексеевна'
        };
$VAR1 = {
          'place_of_birth' => undef,
          'mother_id' => 'I69',
          'title' => undef,
          'nickname' => undef,
          'father_id' => 'I68',
          'mid_name' => 'Иванович',
          'last_name' => 'Мишин',
          'work_places' => undef,
          'gender' => 0,
          'homepage' => undef,
          'jobs' => undef,
          'date_of_death' => undef,
          'id' => 'I72',
          'place_of_death' => undef,
          'is_living' => 0,
          'date_of_birth' => undef,
          'places_of_living' => undef,
          'first_name' => 'Сергей',
          'prefix' => undef,
          'general' => undef,
          'email' => undef,
          'cemetery' => undef,
          'suffix' => undef,
          'schools' => undef
        };
$VAR1 = {
          'mid_name' => 'Иванович',
          'last_name' => 'Мишин',
          'work_places' => undef,
          'homepage' => undef,
          'gender' => 0,
          'jobs' => undef,
          'date_of_death' => undef,
          'id' => 'I73',
          'place_of_death' => undef,
          'place_of_birth' => undef,
          'title' => undef,
          'mother_id' => 'I69',
          'nickname' => undef,
          'father_id' => 'I68',
          'cemetery' => undef,
          'email' => undef,
          'suffix' => undef,
          'schools' => undef,
          'is_living' => 0,
          'date_of_birth' => undef,
          'first_name' => 'Виктор',
          'places_of_living' => undef,
          'general' => undef,
          'prefix' => undef
        };
$VAR1 = {
          'is_living' => 0,
          'date_of_birth' => undef,
          'first_name' => 'Акилина',
          'places_of_living' => undef,
          'general' => 'жена I67 Михаил	Иванович	Мишин',
          'prefix' => undef,
          'email' => undef,
          'cemetery' => undef,
          'suffix' => undef,
          'schools' => undef,
          'place_of_birth' => undef,
          'mother_id' => undef,
          'title' => undef,
          'father_id' => undef,
          'nickname' => undef,
          'mid_name' => 'Кузьминична',
          'last_name' => 'Мишина',
          'work_places' => undef,
          'gender' => 1,
          'homepage' => undef,
          'jobs' => undef,
          'id' => 'I74',
          'date_of_death' => undef,
          'place_of_death' => undef
        };
$VAR1 = {
          'suffix' => undef,
          'schools' => undef,
          'email' => undef,
          'cemetery' => undef,
          'first_name' => 'Амбросий',
          'places_of_living' => undef,
          'prefix' => undef,
          'general' => undef,
          'is_living' => 0,
          'date_of_birth' => '1/1/1804',
          'jobs' => undef,
          'date_of_death' => undef,
          'id' => 'I75',
          'place_of_death' => undef,
          'work_places' => undef,
          'homepage' => undef,
          'gender' => 0,
          'last_name' => 'Мишин',
          'mid_name' => undef,
          'nickname' => undef,
          'father_id' => undef,
          'title' => undef,
          'place_of_birth' => undef,
          'mother_id' => undef
        };
$VAR1 = {
          'suffix' => undef,
          'schools' => undef,
          'cemetery' => undef,
          'email' => undef,
          'first_name' => 'Алексей',
          'places_of_living' => undef,
          'general' => undef,
          'prefix' => undef,
          'is_living' => 0,
          'date_of_birth' => undef,
          'gender' => 0,
          'work_places' => undef,
          'homepage' => undef,
          'date_of_death' => undef,
          'jobs' => undef,
          'id' => 'I77',
          'place_of_death' => undef,
          'mid_name' => 'Михайлович',
          'last_name' => 'Хомяков',
          'mother_id' => undef,
          'place_of_birth' => undef,
          'title' => undef,
          'nickname' => undef,
          'father_id' => undef
        };
$VAR1 = {
          'prefix' => undef,
          'general' => undef,
          'places_of_living' => undef,
          'first_name' => 'Анастасия',
          'date_of_birth' => undef,
          'is_living' => 0,
          'schools' => undef,
          'suffix' => undef,
          'cemetery' => undef,
          'email' => undef,
          'father_id' => undef,
          'nickname' => undef,
          'title' => undef,
          'place_of_birth' => undef,
          'mother_id' => 'I79',
          'place_of_death' => undef,
          'date_of_death' => undef,
          'jobs' => undef,
          'id' => 'I78',
          'work_places' => undef,
          'homepage' => undef,
          'gender' => 1,
          'last_name' => 'Хомякова',
          'mid_name' => 'Ивановна'
        };
$VAR1 = {
          'place_of_birth' => undef,
          'mother_id' => undef,
          'title' => undef,
          'father_id' => undef,
          'nickname' => undef,
          'mid_name' => undef,
          'last_name' => 'Заренкова',
          'work_places' => undef,
          'gender' => 1,
          'homepage' => undef,
          'jobs' => undef,
          'id' => 'I79',
          'date_of_death' => undef,
          'place_of_death' => undef,
          'is_living' => 0,
          'date_of_birth' => undef,
          'places_of_living' => undef,
          'first_name' => 'Заренкова',
          'general' => undef,
          'prefix' => undef,
          'email' => undef,
          'cemetery' => undef,
          'suffix' => undef,
          'schools' => undef
        };
$VAR1 = {
          'cemetery' => undef,
          'email' => undef,
          'schools' => undef,
          'suffix' => undef,
          'date_of_birth' => '4/3/2003',
          'is_living' => 1,
          'prefix' => undef,
          'general' => undef,
          'first_name' => 'Анастасия',
          'places_of_living' => undef,
          'mid_name' => 'Денисовна',
          'last_name' => 'Лебедева',
          'work_places' => undef,
          'homepage' => undef,
          'gender' => 1,
          'place_of_death' => undef,
          'jobs' => undef,
          'id' => 'I80',
          'date_of_death' => undef,
          'title' => undef,
          'place_of_birth' => undef,
          'mother_id' => 'I50',
          'father_id' => 'I81',
          'nickname' => undef
        };
$VAR1 = {
          'place_of_birth' => undef,
          'title' => undef,
          'mother_id' => undef,
          'nickname' => undef,
          'father_id' => 'I82',
          'mid_name' => 'Александрович',
          'last_name' => 'Лебедев',
          'gender' => 0,
          'work_places' => undef,
          'homepage' => undef,
          'place_of_death' => undef,
          'jobs' => undef,
          'id' => 'I81',
          'date_of_death' => undef,
          'date_of_birth' => '17/08/1979',
          'is_living' => 1,
          'prefix' => undef,
          'general' => undef,
          'first_name' => 'Денис',
          'places_of_living' => undef,
          'email' => undef,
          'cemetery' => undef,
          'schools' => undef,
          'suffix' => undef
        };
$VAR1 = {
          'suffix' => undef,
          'schools' => undef,
          'cemetery' => undef,
          'email' => undef,
          'first_name' => 'Александр',
          'places_of_living' => undef,
          'prefix' => undef,
          'general' => undef,
          'is_living' => 0,
          'date_of_birth' => undef,
          'work_places' => undef,
          'gender' => 0,
          'homepage' => undef,
          'id' => 'I82',
          'jobs' => undef,
          'date_of_death' => undef,
          'place_of_death' => undef,
          'mid_name' => undef,
          'last_name' => 'Лебедев',
          'place_of_birth' => undef,
          'mother_id' => 'I83',
          'title' => undef,
          'nickname' => undef,
          'father_id' => undef
        };
$VAR1 = {
          'place_of_birth' => undef,
          'title' => undef,
          'mother_id' => undef,
          'father_id' => undef,
          'nickname' => undef,
          'work_places' => undef,
          'homepage' => undef,
          'gender' => 1,
          'id' => 'I83',
          'jobs' => undef,
          'date_of_death' => '26/03/2013',
          'place_of_death' => undef,
          'mid_name' => undef,
          'last_name' => 'Аленчикова',
          'places_of_living' => undef,
          'first_name' => 'Евгения',
          'general' => 'фамилии Лебедева',
          'prefix' => undef,
          'is_living' => 0,
          'date_of_birth' => undef,
          'suffix' => undef,
          'schools' => undef,
          'email' => undef,
          'cemetery' => undef
        };
$VAR1 = {
          'place_of_death' => undef,
          'jobs' => undef,
          'date_of_death' => undef,
          'id' => 'I84',
          'work_places' => undef,
          'gender' => 1,
          'homepage' => undef,
          'last_name' => 'Метелкина',
          'mid_name' => 'Георгиевна',
          'nickname' => undef,
          'father_id' => 'I87',
          'mother_id' => 'I88',
          'place_of_birth' => undef,
          'title' => undef,
          'schools' => undef,
          'suffix' => undef,
          'cemetery' => undef,
          'email' => undef,
          'prefix' => undef,
          'general' => 'урожденная Буза',
          'first_name' => 'Татьяна',
          'places_of_living' => undef,
          'date_of_birth' => '16/1/1954',
          'is_living' => 1
        };
$VAR1 = {
          'last_name' => 'Метелкин',
          'mid_name' => 'Николаевич',
          'place_of_death' => undef,
          'date_of_death' => '1/5/2000',
          'jobs' => undef,
          'id' => 'I85',
          'work_places' => undef,
          'gender' => 0,
          'homepage' => undef,
          'father_id' => undef,
          'nickname' => undef,
          'title' => undef,
          'place_of_birth' => undef,
          'mother_id' => undef,
          'email' => undef,
          'cemetery' => undef,
          'schools' => undef,
          'suffix' => undef,
          'date_of_birth' => undef,
          'is_living' => 0,
          'general' => undef,
          'prefix' => undef,
          'first_name' => 'Юрий',
          'places_of_living' => undef
        };
$VAR1 = {
          'prefix' => undef,
          'general' => undef,
          'places_of_living' => undef,
          'first_name' => 'Юрий',
          'date_of_birth' => '26/2/1976',
          'is_living' => 1,
          'schools' => undef,
          'suffix' => undef,
          'cemetery' => undef,
          'email' => undef,
          'nickname' => undef,
          'father_id' => 'I85',
          'place_of_birth' => undef,
          'title' => undef,
          'mother_id' => 'I84',
          'place_of_death' => undef,
          'jobs' => undef,
          'id' => 'I86',
          'date_of_death' => undef,
          'work_places' => undef,
          'gender' => 0,
          'homepage' => undef,
          'last_name' => 'Метелкин',
          'mid_name' => 'Юрьевич'
        };
$VAR1 = {
          'cemetery' => undef,
          'email' => undef,
          'schools' => undef,
          'suffix' => undef,
          'date_of_birth' => '29/2/1924',
          'is_living' => 0,
          'general' => undef,
          'prefix' => undef,
          'first_name' => 'Георгий',
          'places_of_living' => undef,
          'mid_name' => 'Семенович',
          'last_name' => 'Буза',
          'gender' => 0,
          'work_places' => undef,
          'homepage' => undef,
          'place_of_death' => undef,
          'date_of_death' => '17/10/1982',
          'jobs' => undef,
          'id' => 'I87',
          'place_of_birth' => undef,
          'mother_id' => 'I89',
          'title' => undef,
          'nickname' => undef,
          'father_id' => 'I90'
        };
$VAR1 = {
          'gender' => 1,
          'work_places' => undef,
          'homepage' => undef,
          'place_of_death' => undef,
          'id' => 'I88',
          'jobs' => undef,
          'date_of_death' => '20/1/1992',
          'mid_name' => 'Петровна',
          'last_name' => 'Буза',
          'place_of_birth' => undef,
          'mother_id' => undef,
          'title' => undef,
          'nickname' => undef,
          'father_id' => undef,
          'schools' => undef,
          'suffix' => undef,
          'cemetery' => undef,
          'email' => undef,
          'prefix' => undef,
          'general' => 'урожд Гоменюк',
          'places_of_living' => undef,
          'first_name' => 'Вера',
          'date_of_birth' => '29/2/1924',
          'is_living' => 0
        };
$VAR1 = {
          'jobs' => undef,
          'date_of_death' => undef,
          'id' => 'I89',
          'place_of_death' => undef,
          'work_places' => undef,
          'homepage' => undef,
          'gender' => 1,
          'last_name' => 'Буза',
          'mid_name' => undef,
          'nickname' => undef,
          'father_id' => undef,
          'place_of_birth' => undef,
          'mother_id' => undef,
          'title' => undef,
          'suffix' => undef,
          'schools' => undef,
          'cemetery' => undef,
          'email' => undef,
          'places_of_living' => undef,
          'first_name' => 'Анастасия',
          'prefix' => undef,
          'general' => undef,
          'is_living' => 0,
          'date_of_birth' => undef
        };
$VAR1 = {
          'title' => undef,
          'place_of_birth' => undef,
          'mother_id' => undef,
          'father_id' => undef,
          'nickname' => undef,
          'mid_name' => undef,
          'last_name' => 'Буза',
          'homepage' => undef,
          'work_places' => undef,
          'gender' => 1,
          'place_of_death' => undef,
          'jobs' => undef,
          'id' => 'I90',
          'date_of_death' => undef,
          'date_of_birth' => undef,
          'is_living' => 0,
          'prefix' => undef,
          'general' => undef,
          'places_of_living' => undef,
          'first_name' => 'Семен',
          'email' => undef,
          'cemetery' => undef,
          'schools' => undef,
          'suffix' => undef
        };
$VAR1 = {
          'places_of_living' => undef,
          'first_name' => 'Галина',
          'general' => 'урожденная Буза',
          'prefix' => undef,
          'is_living' => 1,
          'date_of_birth' => undef,
          'suffix' => undef,
          'schools' => undef,
          'email' => undef,
          'cemetery' => undef,
          'title' => undef,
          'place_of_birth' => undef,
          'mother_id' => 'I88',
          'nickname' => undef,
          'father_id' => 'I87',
          'work_places' => undef,
          'gender' => 1,
          'homepage' => undef,
          'date_of_death' => undef,
          'jobs' => undef,
          'id' => 'I91',
          'place_of_death' => undef,
          'mid_name' => 'Георгиевна',
          'last_name' => 'Буза'
        };
$VAR1 = {
          'father_id' => 'I87',
          'nickname' => undef,
          'mother_id' => 'I88',
          'place_of_birth' => undef,
          'title' => undef,
          'last_name' => 'Бекало',
          'mid_name' => 'Георгиевна',
          'jobs' => undef,
          'date_of_death' => undef,
          'id' => 'I92',
          'place_of_death' => undef,
          'homepage' => undef,
          'work_places' => undef,
          'gender' => 1,
          'is_living' => 1,
          'date_of_birth' => undef,
          'first_name' => 'Зинаида',
          'places_of_living' => undef,
          'prefix' => undef,
          'general' => 'урожденная Буза',
          'email' => undef,
          'cemetery' => undef,
          'suffix' => undef,
          'schools' => undef
        };
$VAR1 = {
          'cemetery' => undef,
          'email' => undef,
          'suffix' => undef,
          'schools' => undef,
          'is_living' => 1,
          'date_of_birth' => undef,
          'first_name' => 'Юрий',
          'places_of_living' => undef,
          'prefix' => undef,
          'general' => undef,
          'mid_name' => 'Георгиевич',
          'last_name' => 'Буза',
          'gender' => 0,
          'work_places' => undef,
          'homepage' => undef,
          'jobs' => undef,
          'date_of_death' => undef,
          'id' => 'I93',
          'place_of_death' => undef,
          'place_of_birth' => undef,
          'mother_id' => 'I88',
          'title' => undef,
          'nickname' => undef,
          'father_id' => 'I87'
        };
$VAR1 = {
          'nickname' => undef,
          'father_id' => 'I87',
          'title' => undef,
          'place_of_birth' => undef,
          'mother_id' => 'I88',
          'last_name' => 'Буза',
          'mid_name' => 'Георгиевич',
          'jobs' => undef,
          'id' => 'I94',
          'date_of_death' => undef,
          'place_of_death' => undef,
          'homepage' => undef,
          'work_places' => undef,
          'gender' => 0,
          'is_living' => 0,
          'date_of_birth' => undef,
          'places_of_living' => undef,
          'first_name' => 'Валерий',
          'general' => undef,
          'prefix' => undef,
          'cemetery' => undef,
          'email' => undef,
          'suffix' => undef,
          'schools' => undef
        };
$VAR1 = {
          'nickname' => undef,
          'father_id' => 'I87',
          'place_of_birth' => undef,
          'title' => undef,
          'mother_id' => 'I88',
          'place_of_death' => undef,
          'date_of_death' => undef,
          'jobs' => undef,
          'id' => 'I95',
          'work_places' => undef,
          'homepage' => undef,
          'gender' => 0,
          'last_name' => 'Буза',
          'mid_name' => 'Георгиевич',
          'prefix' => undef,
          'general' => undef,
          'first_name' => 'Василий',
          'places_of_living' => undef,
          'date_of_birth' => undef,
          'is_living' => 0,
          'schools' => undef,
          'suffix' => undef,
          'email' => undef,
          'cemetery' => undef
        };
$VAR1 = {
          'is_living' => 0,
          'date_of_birth' => undef,
          'first_name' => 'Григорий',
          'places_of_living' => undef,
          'general' => undef,
          'prefix' => undef,
          'email' => undef,
          'cemetery' => undef,
          'suffix' => undef,
          'schools' => undef,
          'place_of_birth' => undef,
          'title' => undef,
          'mother_id' => 'I88',
          'father_id' => 'I87',
          'nickname' => undef,
          'mid_name' => 'Георгиевич',
          'last_name' => 'Буза',
          'homepage' => undef,
          'work_places' => undef,
          'gender' => 0,
          'date_of_death' => undef,
          'jobs' => undef,
          'id' => 'I96',
          'place_of_death' => undef
        };
$VAR1 = {
          'homepage' => undef,
          'work_places' => undef,
          'gender' => 1,
          'jobs' => undef,
          'date_of_death' => undef,
          'id' => 'I97',
          'place_of_death' => undef,
          'mid_name' => 'Ивановна',
          'last_name' => 'Метелкина',
          'title' => undef,
          'place_of_birth' => undef,
          'mother_id' => 'I100',
          'nickname' => undef,
          'father_id' => 'I99',
          'suffix' => undef,
          'schools' => undef,
          'cemetery' => undef,
          'email' => undef,
          'first_name' => 'Анастасия',
          'places_of_living' => undef,
          'prefix' => undef,
          'general' => undef,
          'is_living' => 0,
          'date_of_birth' => undef
        };
$VAR1 = {
          'place_of_birth' => undef,
          'mother_id' => undef,
          'title' => undef,
          'nickname' => undef,
          'father_id' => undef,
          'mid_name' => undef,
          'last_name' => 'Самоделов',
          'work_places' => undef,
          'homepage' => undef,
          'gender' => 0,
          'id' => 'I98',
          'jobs' => undef,
          'date_of_death' => undef,
          'place_of_death' => undef,
          'is_living' => 0,
          'date_of_birth' => undef,
          'first_name' => 'Николай',
          'places_of_living' => undef,
          'general' => undef,
          'prefix' => undef,
          'email' => undef,
          'cemetery' => undef,
          'suffix' => undef,
          'schools' => undef
        };
$VAR1 = {
          'cemetery' => undef,
          'email' => undef,
          'suffix' => undef,
          'schools' => undef,
          'is_living' => 0,
          'date_of_birth' => 1906,
          'first_name' => 'Иван',
          'places_of_living' => undef,
          'prefix' => undef,
          'general' => undef,
          'mid_name' => 'Васильевич',
          'last_name' => 'Метелкин',
          'gender' => 0,
          'work_places' => undef,
          'homepage' => undef,
          'jobs' => undef,
          'id' => 'I99',
          'date_of_death' => '1/20/1964',
          'place_of_death' => undef,
          'place_of_birth' => undef,
          'mother_id' => undef,
          'title' => undef,
          'father_id' => undef,
          'nickname' => undef
        };
$VAR1 = {
          'mid_name' => 'Ивановна',
          'last_name' => 'Метелкина',
          'work_places' => undef,
          'homepage' => undef,
          'gender' => 1,
          'place_of_death' => undef,
          'id' => 'I100',
          'jobs' => undef,
          'date_of_death' => '6/11/1967',
          'place_of_birth' => undef,
          'title' => undef,
          'mother_id' => undef,
          'nickname' => undef,
          'father_id' => undef,
          'cemetery' => undef,
          'email' => undef,
          'schools' => undef,
          'suffix' => undef,
          'date_of_birth' => 1894,
          'is_living' => 0,
          'general' => undef,
          'prefix' => undef,
          'places_of_living' => undef,
          'first_name' => 'Ефросиния'
        };
$VAR1 = {
          'suffix' => undef,
          'schools' => undef,
          'cemetery' => undef,
          'email' => undef,
          'first_name' => 'Дарья',
          'places_of_living' => undef,
          'prefix' => undef,
          'general' => 'ур Кожевникова',
          'is_living' => 1,
          'date_of_birth' => '29705',
          'date_of_death' => undef,
          'jobs' => undef,
          'id' => 'I101',
          'place_of_death' => undef,
          'work_places' => undef,
          'homepage' => undef,
          'gender' => 1,
          'last_name' => 'Горельцева',
          'mid_name' => undef,
          'nickname' => undef,
          'father_id' => undef,
          'title' => undef,
          'place_of_birth' => undef,
          'mother_id' => 'I91'
        };
$VAR1 = {
          'mother_id' => 'I106',
          'place_of_birth' => undef,
          'title' => undef,
          'father_id' => 'I105',
          'nickname' => undef,
          'mid_name' => undef,
          'last_name' => 'Горельцев',
          'work_places' => undef,
          'homepage' => undef,
          'gender' => 0,
          'jobs' => undef,
          'id' => 'I102',
          'date_of_death' => undef,
          'place_of_death' => undef,
          'is_living' => 1,
          'date_of_birth' => '29602',
          'places_of_living' => undef,
          'first_name' => 'Роман',
          'prefix' => undef,
          'general' => undef,
          'email' => undef,
          'cemetery' => undef,
          'suffix' => undef,
          'schools' => undef
        };
$VAR1 = {
          'place_of_birth' => undef,
          'title' => undef,
          'mother_id' => 'I101',
          'nickname' => undef,
          'father_id' => 'I102',
          'mid_name' => 'Романович',
          'last_name' => 'Горельцев',
          'work_places' => undef,
          'gender' => 0,
          'homepage' => undef,
          'place_of_death' => undef,
          'jobs' => undef,
          'id' => 'I103',
          'date_of_death' => undef,
          'date_of_birth' => undef,
          'is_living' => 1,
          'prefix' => undef,
          'general' => undef,
          'first_name' => 'Артем',
          'places_of_living' => undef,
          'email' => undef,
          'cemetery' => undef,
          'schools' => undef,
          'suffix' => undef
        };
$VAR1 = {
          'cemetery' => undef,
          'email' => undef,
          'schools' => undef,
          'suffix' => undef,
          'date_of_birth' => undef,
          'is_living' => 1,
          'general' => undef,
          'prefix' => undef,
          'places_of_living' => undef,
          'first_name' => 'Полина',
          'last_name' => 'Горельцева',
          'mid_name' => 'Романовна',
          'place_of_death' => undef,
          'id' => 'I104',
          'jobs' => undef,
          'date_of_death' => undef,
          'work_places' => undef,
          'homepage' => undef,
          'gender' => 1,
          'nickname' => undef,
          'father_id' => 'I102',
          'place_of_birth' => undef,
          'title' => undef,
          'mother_id' => 'I101'
        };
$VAR1 = {
          'place_of_birth' => undef,
          'title' => undef,
          'mother_id' => undef,
          'father_id' => undef,
          'nickname' => undef,
          'work_places' => undef,
          'homepage' => undef,
          'gender' => 0,
          'place_of_death' => undef,
          'date_of_death' => undef,
          'jobs' => undef,
          'id' => 'I105',
          'mid_name' => 'Анатольевич',
          'last_name' => 'Горельцев',
          'prefix' => undef,
          'general' => undef,
          'first_name' => 'Александр',
          'places_of_living' => undef,
          'date_of_birth' => undef,
          'is_living' => 1,
          'schools' => undef,
          'suffix' => undef,
          'cemetery' => undef,
          'email' => undef
        };
$VAR1 = {
          'date_of_birth' => undef,
          'is_living' => 1,
          'prefix' => undef,
          'general' => undef,
          'first_name' => 'Елена',
          'places_of_living' => undef,
          'cemetery' => undef,
          'email' => undef,
          'schools' => undef,
          'suffix' => undef,
          'mother_id' => undef,
          'place_of_birth' => undef,
          'title' => undef,
          'nickname' => undef,
          'father_id' => undef,
          'mid_name' => undef,
          'last_name' => 'Горельцева',
          'work_places' => undef,
          'homepage' => undef,
          'gender' => 1,
          'place_of_death' => undef,
          'jobs' => undef,
          'date_of_death' => undef,
          'id' => 'I106'
        };
