# Parser: Spreadsheet::ParseXLSX-0.17
\ {
    cemetery           "I9",
    date_of_birth      "I27",
    date_of_death      "I19",
    email              "I13",
    father_id          "I41",
    first_name         "I30",
    gender             "I6",
    general            "I32",
    homepage           "I34",
    id                 "ID",
    is_living          "I20",
    jobs               [
        [0] "I21"
    ],
    last_name          "I11",
    mid_name           "I29",
    mother_id          "I17",
    nickname           "I4",
    place_of_birth     "I0",
    place_of_death     "I15",
    places_of_living   "I26",
    prefix             "I40",
    schools            [
        [0] "I3"
    ],
    suffix             "I12",
    title              "I37",
    work_places        [
        [0] "I14"
    ]
}
\ {
    cemetery           "",
    date_of_birth      "",
    date_of_death      "",
    email              "",
    father_id          "",
    first_name         "",
    gender             "",
    general            "",
    homepage           "",
    id                 "title",
    is_living          "",
    jobs               [],
    last_name          "",
    mid_name           "",
    mother_id          "",
    nickname           "",
    place_of_birth     "",
    place_of_death     "",
    places_of_living   "",
    prefix             "",
    schools            [],
    suffix             "",
    title              "",
    work_places        []
}
\ {
    cemetery           "",
    date_of_birth      "",
    date_of_death      "",
    email              "",
    father_id          "",
    first_name         "",
    gender             "",
    general            "",
    homepage           "",
    id                 "prefix",
    is_living          "",
    jobs               [],
    last_name          "",
    mid_name           "",
    mother_id          "",
    nickname           "",
    place_of_birth     "",
    place_of_death     "",
    places_of_living   "",
    prefix             "",
    schools            [],
    suffix             "",
    title              "",
    work_places        []
}
Wide character in print at c:/Users/TOSH/Documents/job/perl/strawberry-perl-5.20.0.1-32bit-PDL/perl/vendor/lib/Data/Printer.pm line 190.
\ {
    cemetery           "Лидия",
    date_of_birth      "Иван",
    date_of_death      "Валерий",
    email              "Мария",
    father_id          "Василий",
    first_name         "Анна",
    gender             "Кира",
    general            "Самуил Иванович",
    homepage           "Василий",
    id                 "first name",
    is_living          "Андрей",
    jobs               [
        [0] "Кирилл"
    ],
    last_name          "Елена",
    mid_name           "Анна",
    mother_id          "Михаил",
    nickname           "Алексей",
    place_of_birth     "Николай",
    place_of_death     "Лидия",
    places_of_living   "Анна",
    prefix             "Пелагея Ивановна",
    schools            [
        [0] "Ирина Юревна"
    ],
    suffix             "Михаил",
    title              "Александра",
    work_places        [
        [0] "Анна"
    ]
}
Wide character in print at c:/Users/TOSH/Documents/job/perl/strawberry-perl-5.20.0.1-32bit-PDL/perl/vendor/lib/Data/Printer.pm line 190.
\ {
    cemetery           "Алексеевна",
    date_of_birth      "Иванович",
    date_of_death      "Петрович",
    email              "Алексеевна",
    father_id          "",
    first_name         "Васильевна",
    gender             "Кирилловна",
    general            "",
    homepage           "",
    id                 "midname",
    is_living          "Валерьевич",
    jobs               [
        [0] "Павлович"
    ],
    last_name          "Алексеевна",
    mid_name           "Михайловна",
    mother_id          "Иванович",
    nickname           "Михайлович",
    place_of_birth     "Алексеевич",
    place_of_death     "Михайловна",
    places_of_living   "Григорьевна",
    prefix             "",
    schools            [],
    suffix             "Алексеевич",
    title              "",
    work_places        [
        [0] "Алексеевна"
    ]
}
Wide character in print at c:/Users/TOSH/Documents/job/perl/strawberry-perl-5.20.0.1-32bit-PDL/perl/vendor/lib/Data/Printer.pm line 190.
\ {
    cemetery           "Левицкая",
    date_of_birth      "Мишин",
    date_of_death      "Варлашкин",
    email              "Мишина",
    father_id          "Торбинская",
    first_name         "Найдышева",
    gender             "Мишина",
    general            "Кейвсар",
    homepage           "Найдышева",
    id                 "last name",
    is_living          "Варлашкин",
    jobs               [
        [0] "Флоренский"
    ],
    last_name          "Мишина",
    mid_name           "Флоренская",
    mother_id          "Мишин",
    nickname           "Мишин",
    place_of_birth     "Мишин",
    place_of_death     "Хомякова",
    places_of_living   "Хомякова",
    prefix             "Чумакова",
    schools            [
        [0] "Метелкина"
    ],
    suffix             "Мишин",
    title              "Короткова",
    work_places        [
        [0] "Мишина"
    ]
}
\ {
    cemetery           "",
    date_of_birth      "",
    date_of_death      "",
    email              "",
    father_id          "",
    first_name         "",
    gender             "",
    general            "",
    homepage           "",
    id                 "suffix",
    is_living          "",
    jobs               [],
    last_name          "",
    mid_name           "",
    mother_id          "",
    nickname           "",
    place_of_birth     "",
    place_of_death     "",
    places_of_living   "",
    prefix             "",
    schools            [],
    suffix             "",
    title              "",
    work_places        []
}
\ {
    cemetery           "",
    date_of_birth      "",
    date_of_death      "",
    email              "",
    father_id          "",
    first_name         "",
    gender             "",
    general            "",
    homepage           "",
    id                 "nickname",
    is_living          "",
    jobs               [],
    last_name          "",
    mid_name           "",
    mother_id          "",
    nickname           "",
    place_of_birth     "",
    place_of_death     "",
    places_of_living   "",
    prefix             "",
    schools            [],
    suffix             "",
    title              "",
    work_places        []
}
\ {
    cemetery           "I4",
    date_of_birth      "I66",
    date_of_death      "I57",
    email              "I4",
    father_id          "",
    first_name         "I34",
    gender             "I21",
    general            "",
    homepage           "",
    id                 "father's ID",
    is_living          "I19",
    jobs               [
        [0] "I28"
    ],
    last_name          "I4",
    mid_name           "",
    mother_id          "I27",
    nickname           "I17",
    place_of_birth     "I4",
    place_of_death     "I25",
    places_of_living   "",
    prefix             "",
    schools            [],
    suffix             "I4",
    title              "",
    work_places        [
        [0] "I4"
    ]
}
\ {
    cemetery           "I6",
    date_of_birth      "I71",
    date_of_death      "I56",
    email              "I6",
    father_id          "",
    first_name         "I35",
    gender             "I23",
    general            "",
    homepage           "",
    id                 "mother's ID",
    is_living          "I6",
    jobs               [
        [0] "I29"
    ],
    last_name          "I6",
    mid_name           "",
    mother_id          "I52",
    nickname           "I15",
    place_of_birth     "I6",
    place_of_death     "I26",
    places_of_living   "",
    prefix             "",
    schools            [],
    suffix             "I6",
    title              "",
    work_places        [
        [0] "I6"
    ]
}
\ {
    cemetery           "",
    date_of_birth      "",
    date_of_death      "",
    email              "",
    father_id          "",
    first_name         "",
    gender             "",
    general            "",
    homepage           "",
    id                 "email",
    is_living          "",
    jobs               [],
    last_name          "",
    mid_name           "",
    mother_id          "",
    nickname           "",
    place_of_birth     "mi@ya.ru",
    place_of_death     "",
    places_of_living   "",
    prefix             "",
    schools            [],
    suffix             "",
    title              "",
    work_places        []
}
\ {
    cemetery           "",
    date_of_birth      "",
    date_of_death      "",
    email              "",
    father_id          "",
    first_name         "",
    gender             "http://www.geni.com/photo/view/?photo_id=6000000001951156276",
    general            "",
    homepage           "",
    id                 "webpage",
    is_living          "",
    jobs               [],
    last_name          "",
    mid_name           "",
    mother_id          "",
    nickname           "",
    place_of_birth     "http://www.geni.com/photo/view/?photo_id=6000000000910785672",
    place_of_death     "",
    places_of_living   "",
    prefix             "",
    schools            [],
    suffix             "",
    title              "",
    work_places        []
}
\ {
    cemetery           "5/3/1970",
    date_of_birth      "",
    date_of_death      "06/02/1939",
    email              "",
    father_id          "",
    first_name         "",
    gender             "29/12/1941",
    general            "",
    homepage           "",
    id                 "date of birth",
    is_living          "",
    jobs               [
        [0] "27/12/1915"
    ],
    last_name          "",
    mid_name           "13/2/1889",
    mother_id          "16/9/1906",
    nickname           "18/6/1939",
    place_of_birth     "7/2/1976",
    place_of_death     "5/4/1906",
    places_of_living   "",
    prefix             "",
    schools            [
        [0] "23/3/1979"
    ],
    suffix             "",
    title              "",
    work_places        []
}
\ {
    cemetery           "",
    date_of_birth      "",
    date_of_death      "",
    email              "",
    father_id          "",
    first_name         "",
    gender             "",
    general            "",
    homepage           "",
    id                 "date of death",
    is_living          "",
    jobs               [
        [0] "9/4/1982"
    ],
    last_name          "",
    mid_name           "18/03/1973",
    mother_id          "14/1/1966",
    nickname           "",
    place_of_birth     "",
    place_of_death     "5/4/1970",
    places_of_living   "",
    prefix             "",
    schools            [],
    suffix             "",
    title              "",
    work_places        []
}
\ {
    cemetery           1,
    date_of_birth      0,
    date_of_death      0,
    email              1,
    father_id          0,
    first_name         1,
    gender             1,
    general            0,
    homepage           0,
    id                 "gender",
    is_living          0,
    jobs               [
        [0] 0
    ],
    last_name          1,
    mid_name           1,
    mother_id          0,
    nickname           0,
    place_of_birth     0,
    place_of_death     1,
    places_of_living   1,
    prefix             1,
    schools            [
        [0] 1
    ],
    suffix             0,
    title              1,
    work_places        [
        [0] 1
    ]
}
\ {
    cemetery           1,
    date_of_birth      0,
    date_of_death      1,
    email              1,
    father_id          1,
    first_name         0,
    gender             1,
    general            1,
    homepage           1,
    id                 "is living?",
    is_living          1,
    jobs               [
        [0] 0
    ],
    last_name          1,
    mid_name           0,
    mother_id          0,
    nickname           0,
    place_of_birth     1,
    place_of_death     0,
    places_of_living   0,
    prefix             0,
    schools            [
        [0] 1
    ],
    suffix             1,
    title              0,
    work_places        [
        [0] 1
    ]
}
\ {
    cemetery           "",
    date_of_birth      "",
    date_of_death      "",
    email              "",
    father_id          "",
    first_name         "",
    gender             "",
    general            "",
    homepage           "",
    id                 "place of birth",
    is_living          "",
    jobs               [],
    last_name          "",
    mid_name           "",
    mother_id          "",
    nickname           "",
    place_of_birth     ""Russia" "Moscow"",
    place_of_death     "",
    places_of_living   "",
    prefix             "",
    schools            [],
    suffix             "",
    title              "",
    work_places        []
}
\ {
    cemetery           "",
    date_of_birth      "",
    date_of_death      "",
    email              "",
    father_id          "",
    first_name         "",
    gender             "",
    general            "",
    homepage           "",
    id                 "place of death",
    is_living          "",
    jobs               [],
    last_name          "",
    mid_name           "",
    mother_id          "",
    nickname           "",
    place_of_birth     "",
    place_of_death     "",
    places_of_living   "",
    prefix             "",
    schools            [],
    suffix             "",
    title              "",
    work_places        []
}
\ {
    cemetery           "",
    date_of_birth      "",
    date_of_death      "",
    email              "",
    father_id          "",
    first_name         "",
    gender             "",
    general            "",
    homepage           "",
    id                 "cemetery",
    is_living          "",
    jobs               [],
    last_name          "",
    mid_name           "",
    mother_id          "",
    nickname           "",
    place_of_birth     "",
    place_of_death     "",
    places_of_living   "",
    prefix             "",
    schools            [],
    suffix             "",
    title              "",
    work_places        []
}
\ {
    cemetery           "",
    date_of_birth      "",
    date_of_death      "",
    email              "",
    father_id          "",
    first_name         "",
    gender             "",
    general            "",
    homepage           "",
    id                 "schools",
    is_living          "",
    jobs               [],
    last_name          "",
    mid_name           "",
    mother_id          "",
    nickname           "",
    place_of_birth     780,
    place_of_death     "",
    places_of_living   "",
    prefix             "",
    schools            [],
    suffix             "",
    title              "",
    work_places        []
}
\ {
    cemetery           "",
    date_of_birth      "",
    date_of_death      "",
    email              "",
    father_id          "",
    first_name         "",
    gender             "",
    general            "",
    homepage           "",
    id                 "jobs",
    is_living          "",
    jobs               [],
    last_name          "",
    mid_name           "",
    mother_id          "",
    nickname           "",
    place_of_birth     "Rosbank",
    place_of_death     "",
    places_of_living   "",
    prefix             "",
    schools            [],
    suffix             "",
    title              "",
    work_places        []
}
\ {
    cemetery           "",
    date_of_birth      "",
    date_of_death      "",
    email              "",
    father_id          "",
    first_name         "",
    gender             "",
    general            "",
    homepage           "",
    id                 "work places",
    is_living          "",
    jobs               [],
    last_name          "",
    mid_name           "",
    mother_id          "",
    nickname           "",
    place_of_birth     "",
    place_of_death     "",
    places_of_living   "",
    prefix             "",
    schools            [],
    suffix             "",
    title              "",
    work_places        []
}
\ {
    cemetery           "",
    date_of_birth      "",
    date_of_death      "",
    email              "",
    father_id          "",
    first_name         "",
    gender             "",
    general            "",
    homepage           "",
    id                 "places of living",
    is_living          "",
    jobs               [],
    last_name          "",
    mid_name           "",
    mother_id          "",
    nickname           "",
    place_of_birth     "",
    place_of_death     "",
    places_of_living   "",
    prefix             "",
    schools            [],
    suffix             "",
    title              "",
    work_places        []
}
Wide character in print at c:/Users/TOSH/Documents/job/perl/strawberry-perl-5.20.0.1-32bit-PDL/perl/vendor/lib/Data/Printer.pm line 190.
\ {
    cemetery           "",
    date_of_birth      "",
    date_of_death      "",
    email              "",
    father_id          "",
    first_name         "",
    gender             "",
    general            "",
    homepage           "",
    id                 "general",
    is_living          "",
    jobs               [],
    last_name          "",
    mid_name           "уроденная Гиацинтова",
    mother_id          "",
    nickname           "",
    place_of_birth     "",
    place_of_death     "",
    places_of_living   "урожденной Новоселовой",
    prefix             "",
    schools            [],
    suffix             "",
    title              "",
    work_places        []
}
\ {
    cemetery           undef,
    date_of_birth      undef,
    date_of_death      undef,
    email              undef,
    father_id          undef,
    first_name         undef,
    gender             undef,
    general            undef,
    homepage           undef,
    id                 undef,
    is_living          undef,
    jobs               undef,
    last_name          undef,
    mid_name           undef,
    mother_id          undef,
    nickname           undef,
    place_of_birth     undef,
    place_of_death     undef,
    places_of_living   undef,
    prefix             undef,
    schools            undef,
    suffix             undef,
    title              undef,
    work_places        undef
}
\ {
    cemetery           undef,
    date_of_birth      undef,
    date_of_death      undef,
    email              undef,
    father_id          undef,
    first_name         undef,
    gender             undef,
    general            undef,
    homepage           undef,
    id                 undef,
    is_living          undef,
    jobs               undef,
    last_name          undef,
    mid_name           undef,
    mother_id          undef,
    nickname           undef,
    place_of_birth     undef,
    place_of_death     undef,
    places_of_living   undef,
    prefix             undef,
    schools            undef,
    suffix             undef,
    title              undef,
    work_places        undef
}
\ {
    cemetery           undef,
    date_of_birth      undef,
    date_of_death      undef,
    email              undef,
    father_id          undef,
    first_name         undef,
    gender             undef,
    general            undef,
    homepage           undef,
    id                 undef,
    is_living          undef,
    jobs               undef,
    last_name          undef,
    mid_name           undef,
    mother_id          undef,
    nickname           undef,
    place_of_birth     undef,
    place_of_death     undef,
    places_of_living   undef,
    prefix             undef,
    schools            undef,
    suffix             undef,
    title              undef,
    work_places        undef
}
\ {
    cemetery           undef,
    date_of_birth      undef,
    date_of_death      undef,
    email              undef,
    father_id          undef,
    first_name         undef,
    gender             undef,
    general            undef,
    homepage           undef,
    id                 undef,
    is_living          undef,
    jobs               undef,
    last_name          undef,
    mid_name           undef,
    mother_id          undef,
    nickname           undef,
    place_of_birth     undef,
    place_of_death     undef,
    places_of_living   undef,
    prefix             undef,
    schools            undef,
    suffix             undef,
    title              undef,
    work_places        undef
}
\ {
    cemetery           undef,
    date_of_birth      undef,
    date_of_death      undef,
    email              undef,
    father_id          undef,
    first_name         undef,
    gender             undef,
    general            undef,
    homepage           undef,
    id                 undef,
    is_living          undef,
    jobs               undef,
    last_name          undef,
    mid_name           undef,
    mother_id          undef,
    nickname           undef,
    place_of_birth     undef,
    place_of_death     undef,
    places_of_living   undef,
    prefix             undef,
    schools            undef,
    suffix             undef,
    title              undef,
    work_places        undef
}
\ {
    cemetery           undef,
    date_of_birth      undef,
    date_of_death      undef,
    email              undef,
    father_id          undef,
    first_name         undef,
    gender             undef,
    general            undef,
    homepage           undef,
    id                 undef,
    is_living          undef,
    jobs               undef,
    last_name          undef,
    mid_name           undef,
    mother_id          undef,
    nickname           undef,
    place_of_birth     undef,
    place_of_death     undef,
    places_of_living   undef,
    prefix             undef,
    schools            undef,
    suffix             undef,
    title              undef,
    work_places        undef
}
\ {
    cemetery           undef,
    date_of_birth      undef,
    date_of_death      undef,
    email              undef,
    father_id          undef,
    first_name         undef,
    gender             undef,
    general            undef,
    homepage           undef,
    id                 undef,
    is_living          undef,
    jobs               undef,
    last_name          undef,
    mid_name           undef,
    mother_id          undef,
    nickname           undef,
    place_of_birth     undef,
    place_of_death     undef,
    places_of_living   undef,
    prefix             undef,
    schools            undef,
    suffix             undef,
    title              undef,
    work_places        undef
}
\ {
    cemetery           undef,
    date_of_birth      undef,
    date_of_death      undef,
    email              undef,
    father_id          undef,
    first_name         undef,
    gender             undef,
    general            undef,
    homepage           undef,
    id                 undef,
    is_living          undef,
    jobs               undef,
    last_name          undef,
    mid_name           undef,
    mother_id          undef,
    nickname           undef,
    place_of_birth     undef,
    place_of_death     undef,
    places_of_living   undef,
    prefix             undef,
    schools            undef,
    suffix             undef,
    title              undef,
    work_places        undef
}
\ {
    cemetery           undef,
    date_of_birth      undef,
    date_of_death      undef,
    email              undef,
    father_id          undef,
    first_name         undef,
    gender             undef,
    general            undef,
    homepage           undef,
    id                 undef,
    is_living          undef,
    jobs               undef,
    last_name          undef,
    mid_name           undef,
    mother_id          undef,
    nickname           undef,
    place_of_birth     undef,
    place_of_death     undef,
    places_of_living   undef,
    prefix             undef,
    schools            undef,
    suffix             undef,
    title              undef,
    work_places        undef
}
\ {
    cemetery           undef,
    date_of_birth      undef,
    date_of_death      undef,
    email              undef,
    father_id          undef,
    first_name         undef,
    gender             undef,
    general            undef,
    homepage           undef,
    id                 undef,
    is_living          undef,
    jobs               undef,
    last_name          undef,
    mid_name           undef,
    mother_id          undef,
    nickname           undef,
    place_of_birth     undef,
    place_of_death     undef,
    places_of_living   undef,
    prefix             undef,
    schools            undef,
    suffix             undef,
    title              undef,
    work_places        undef
}
\ {
    cemetery           undef,
    date_of_birth      undef,
    date_of_death      undef,
    email              undef,
    father_id          undef,
    first_name         undef,
    gender             undef,
    general            undef,
    homepage           undef,
    id                 undef,
    is_living          undef,
    jobs               undef,
    last_name          undef,
    mid_name           undef,
    mother_id          undef,
    nickname           undef,
    place_of_birth     undef,
    place_of_death     undef,
    places_of_living   undef,
    prefix             undef,
    schools            undef,
    suffix             undef,
    title              undef,
    work_places        undef
}
\ {
    cemetery           undef,
    date_of_birth      undef,
    date_of_death      undef,
    email              undef,
    father_id          undef,
    first_name         undef,
    gender             undef,
    general            undef,
    homepage           undef,
    id                 undef,
    is_living          undef,
    jobs               undef,
    last_name          undef,
    mid_name           undef,
    mother_id          undef,
    nickname           undef,
    place_of_birth     undef,
    place_of_death     undef,
    places_of_living   undef,
    prefix             undef,
    schools            undef,
    suffix             undef,
    title              undef,
    work_places        undef
}
\ {
    cemetery           undef,
    date_of_birth      undef,
    date_of_death      undef,
    email              undef,
    father_id          undef,
    first_name         undef,
    gender             undef,
    general            undef,
    homepage           undef,
    id                 undef,
    is_living          undef,
    jobs               undef,
    last_name          undef,
    mid_name           undef,
    mother_id          undef,
    nickname           undef,
    place_of_birth     undef,
    place_of_death     undef,
    places_of_living   undef,
    prefix             undef,
    schools            undef,
    suffix             undef,
    title              undef,
    work_places        undef
}
\ {
    cemetery           undef,
    date_of_birth      undef,
    date_of_death      undef,
    email              undef,
    father_id          undef,
    first_name         undef,
    gender             undef,
    general            undef,
    homepage           undef,
    id                 undef,
    is_living          undef,
    jobs               undef,
    last_name          undef,
    mid_name           undef,
    mother_id          undef,
    nickname           undef,
    place_of_birth     undef,
    place_of_death     undef,
    places_of_living   undef,
    prefix             undef,
    schools            undef,
    suffix             undef,
    title              undef,
    work_places        undef
}
\ {
    cemetery           undef,
    date_of_birth      undef,
    date_of_death      undef,
    email              undef,
    father_id          undef,
    first_name         undef,
    gender             undef,
    general            undef,
    homepage           undef,
    id                 undef,
    is_living          undef,
    jobs               undef,
    last_name          undef,
    mid_name           undef,
    mother_id          undef,
    nickname           undef,
    place_of_birth     undef,
    place_of_death     undef,
    places_of_living   undef,
    prefix             undef,
    schools            undef,
    suffix             undef,
    title              undef,
    work_places        undef
}
\ {
    cemetery           undef,
    date_of_birth      undef,
    date_of_death      undef,
    email              undef,
    father_id          undef,
    first_name         undef,
    gender             undef,
    general            undef,
    homepage           undef,
    id                 undef,
    is_living          undef,
    jobs               undef,
    last_name          undef,
    mid_name           undef,
    mother_id          undef,
    nickname           undef,
    place_of_birth     undef,
    place_of_death     undef,
    places_of_living   undef,
    prefix             undef,
    schools            undef,
    suffix             undef,
    title              undef,
    work_places        undef
}
\ {
    cemetery           undef,
    date_of_birth      undef,
    date_of_death      undef,
    email              undef,
    father_id          undef,
    first_name         undef,
    gender             undef,
    general            undef,
    homepage           undef,
    id                 undef,
    is_living          undef,
    jobs               undef,
    last_name          undef,
    mid_name           undef,
    mother_id          undef,
    nickname           undef,
    place_of_birth     undef,
    place_of_death     undef,
    places_of_living   undef,
    prefix             undef,
    schools            undef,
    suffix             undef,
    title              undef,
    work_places        undef
}
\ {
    cemetery           undef,
    date_of_birth      undef,
    date_of_death      undef,
    email              undef,
    father_id          undef,
    first_name         undef,
    gender             undef,
    general            undef,
    homepage           undef,
    id                 undef,
    is_living          undef,
    jobs               undef,
    last_name          undef,
    mid_name           undef,
    mother_id          undef,
    nickname           undef,
    place_of_birth     undef,
    place_of_death     undef,
    places_of_living   undef,
    prefix             undef,
    schools            undef,
    suffix             undef,
    title              undef,
    work_places        undef
}
\ {
    cemetery           undef,
    date_of_birth      undef,
    date_of_death      undef,
    email              undef,
    father_id          undef,
    first_name         undef,
    gender             undef,
    general            undef,
    homepage           undef,
    id                 undef,
    is_living          undef,
    jobs               undef,
    last_name          undef,
    mid_name           undef,
    mother_id          undef,
    nickname           undef,
    place_of_birth     undef,
    place_of_death     undef,
    places_of_living   undef,
    prefix             undef,
    schools            undef,
    suffix             undef,
    title              undef,
    work_places        undef
}
\ {
    cemetery           undef,
    date_of_birth      undef,
    date_of_death      undef,
    email              undef,
    father_id          undef,
    first_name         undef,
    gender             undef,
    general            undef,
    homepage           undef,
    id                 undef,
    is_living          undef,
    jobs               undef,
    last_name          undef,
    mid_name           undef,
    mother_id          undef,
    nickname           undef,
    place_of_birth     undef,
    place_of_death     undef,
    places_of_living   undef,
    prefix             undef,
    schools            undef,
    suffix             undef,
    title              undef,
    work_places        undef
}
\ {
    cemetery           undef,
    date_of_birth      undef,
    date_of_death      undef,
    email              undef,
    father_id          undef,
    first_name         undef,
    gender             undef,
    general            undef,
    homepage           undef,
    id                 undef,
    is_living          undef,
    jobs               undef,
    last_name          undef,
    mid_name           undef,
    mother_id          undef,
    nickname           undef,
    place_of_birth     undef,
    place_of_death     undef,
    places_of_living   undef,
    prefix             undef,
    schools            undef,
    suffix             undef,
    title              undef,
    work_places        undef
}
\ {
    cemetery           undef,
    date_of_birth      undef,
    date_of_death      undef,
    email              undef,
    father_id          undef,
    first_name         undef,
    gender             undef,
    general            undef,
    homepage           undef,
    id                 undef,
    is_living          undef,
    jobs               undef,
    last_name          undef,
    mid_name           undef,
    mother_id          undef,
    nickname           undef,
    place_of_birth     undef,
    place_of_death     undef,
    places_of_living   undef,
    prefix             undef,
    schools            undef,
    suffix             undef,
    title              undef,
    work_places        undef
}
\ {
    cemetery           undef,
    date_of_birth      undef,
    date_of_death      undef,
    email              undef,
    father_id          undef,
    first_name         undef,
    gender             undef,
    general            undef,
    homepage           undef,
    id                 undef,
    is_living          undef,
    jobs               undef,
    last_name          undef,
    mid_name           undef,
    mother_id          undef,
    nickname           undef,
    place_of_birth     undef,
    place_of_death     undef,
    places_of_living   undef,
    prefix             undef,
    schools            undef,
    suffix             undef,
    title              undef,
    work_places        undef
}
\ {
    cemetery           undef,
    date_of_birth      undef,
    date_of_death      undef,
    email              undef,
    father_id          undef,
    first_name         undef,
    gender             undef,
    general            undef,
    homepage           undef,
    id                 undef,
    is_living          undef,
    jobs               undef,
    last_name          undef,
    mid_name           undef,
    mother_id          undef,
    nickname           undef,
    place_of_birth     undef,
    place_of_death     undef,
    places_of_living   undef,
    prefix             undef,
    schools            undef,
    suffix             undef,
    title              undef,
    work_places        undef
}
\ {
    cemetery           undef,
    date_of_birth      undef,
    date_of_death      undef,
    email              undef,
    father_id          undef,
    first_name         undef,
    gender             undef,
    general            undef,
    homepage           undef,
    id                 undef,
    is_living          undef,
    jobs               undef,
    last_name          undef,
    mid_name           undef,
    mother_id          undef,
    nickname           undef,
    place_of_birth     undef,
    place_of_death     undef,
    places_of_living   undef,
    prefix             undef,
    schools            undef,
    suffix             undef,
    title              undef,
    work_places        undef
}
\ {
    cemetery           undef,
    date_of_birth      undef,
    date_of_death      undef,
    email              undef,
    father_id          undef,
    first_name         undef,
    gender             undef,
    general            undef,
    homepage           undef,
    id                 undef,
    is_living          undef,
    jobs               undef,
    last_name          undef,
    mid_name           undef,
    mother_id          undef,
    nickname           undef,
    place_of_birth     undef,
    place_of_death     undef,
    places_of_living   undef,
    prefix             undef,
    schools            undef,
    suffix             undef,
    title              undef,
    work_places        undef
}
\ {
    cemetery           undef,
    date_of_birth      undef,
    date_of_death      undef,
    email              undef,
    father_id          undef,
    first_name         undef,
    gender             undef,
    general            undef,
    homepage           undef,
    id                 undef,
    is_living          undef,
    jobs               undef,
    last_name          undef,
    mid_name           undef,
    mother_id          undef,
    nickname           undef,
    place_of_birth     undef,
    place_of_death     undef,
    places_of_living   undef,
    prefix             undef,
    schools            undef,
    suffix             undef,
    title              undef,
    work_places        undef
}
\ {
    cemetery           undef,
    date_of_birth      undef,
    date_of_death      undef,
    email              undef,
    father_id          undef,
    first_name         undef,
    gender             undef,
    general            undef,
    homepage           undef,
    id                 undef,
    is_living          undef,
    jobs               undef,
    last_name          undef,
    mid_name           undef,
    mother_id          undef,
    nickname           undef,
    place_of_birth     undef,
    place_of_death     undef,
    places_of_living   undef,
    prefix             undef,
    schools            undef,
    suffix             undef,
    title              undef,
    work_places        undef
}
\ {
    cemetery           undef,
    date_of_birth      undef,
    date_of_death      undef,
    email              undef,
    father_id          undef,
    first_name         undef,
    gender             undef,
    general            undef,
    homepage           undef,
    id                 undef,
    is_living          undef,
    jobs               undef,
    last_name          undef,
    mid_name           undef,
    mother_id          undef,
    nickname           undef,
    place_of_birth     undef,
    place_of_death     undef,
    places_of_living   undef,
    prefix             undef,
    schools            undef,
    suffix             undef,
    title              undef,
    work_places        undef
}
\ {
    cemetery           undef,
    date_of_birth      undef,
    date_of_death      undef,
    email              undef,
    father_id          undef,
    first_name         undef,
    gender             undef,
    general            undef,
    homepage           undef,
    id                 undef,
    is_living          undef,
    jobs               undef,
    last_name          undef,
    mid_name           undef,
    mother_id          undef,
    nickname           undef,
    place_of_birth     undef,
    place_of_death     undef,
    places_of_living   undef,
    prefix             undef,
    schools            undef,
    suffix             undef,
    title              undef,
    work_places        undef
}
\ {
    cemetery           undef,
    date_of_birth      undef,
    date_of_death      undef,
    email              undef,
    father_id          undef,
    first_name         undef,
    gender             undef,
    general            undef,
    homepage           undef,
    id                 undef,
    is_living          undef,
    jobs               undef,
    last_name          undef,
    mid_name           undef,
    mother_id          undef,
    nickname           undef,
    place_of_birth     undef,
    place_of_death     undef,
    places_of_living   undef,
    prefix             undef,
    schools            undef,
    suffix             undef,
    title              undef,
    work_places        undef
}
\ {
    cemetery           undef,
    date_of_birth      undef,
    date_of_death      undef,
    email              undef,
    father_id          undef,
    first_name         undef,
    gender             undef,
    general            undef,
    homepage           undef,
    id                 undef,
    is_living          undef,
    jobs               undef,
    last_name          undef,
    mid_name           undef,
    mother_id          undef,
    nickname           undef,
    place_of_birth     undef,
    place_of_death     undef,
    places_of_living   undef,
    prefix             undef,
    schools            undef,
    suffix             undef,
    title              undef,
    work_places        undef
}
\ {
    cemetery           undef,
    date_of_birth      undef,
    date_of_death      undef,
    email              undef,
    father_id          undef,
    first_name         undef,
    gender             undef,
    general            undef,
    homepage           undef,
    id                 undef,
    is_living          undef,
    jobs               undef,
    last_name          undef,
    mid_name           undef,
    mother_id          undef,
    nickname           undef,
    place_of_birth     undef,
    place_of_death     undef,
    places_of_living   undef,
    prefix             undef,
    schools            undef,
    suffix             undef,
    title              undef,
    work_places        undef
}
\ {
    cemetery           undef,
    date_of_birth      undef,
    date_of_death      undef,
    email              undef,
    father_id          undef,
    first_name         undef,
    gender             undef,
    general            undef,
    homepage           undef,
    id                 undef,
    is_living          undef,
    jobs               undef,
    last_name          undef,
    mid_name           undef,
    mother_id          undef,
    nickname           undef,
    place_of_birth     undef,
    place_of_death     undef,
    places_of_living   undef,
    prefix             undef,
    schools            undef,
    suffix             undef,
    title              undef,
    work_places        undef
}
\ {
    cemetery           undef,
    date_of_birth      undef,
    date_of_death      undef,
    email              undef,
    father_id          undef,
    first_name         undef,
    gender             undef,
    general            undef,
    homepage           undef,
    id                 undef,
    is_living          undef,
    jobs               undef,
    last_name          undef,
    mid_name           undef,
    mother_id          undef,
    nickname           undef,
    place_of_birth     undef,
    place_of_death     undef,
    places_of_living   undef,
    prefix             undef,
    schools            undef,
    suffix             undef,
    title              undef,
    work_places        undef
}
\ {
    cemetery           undef,
    date_of_birth      undef,
    date_of_death      undef,
    email              undef,
    father_id          undef,
    first_name         undef,
    gender             undef,
    general            undef,
    homepage           undef,
    id                 undef,
    is_living          undef,
    jobs               undef,
    last_name          undef,
    mid_name           undef,
    mother_id          undef,
    nickname           undef,
    place_of_birth     undef,
    place_of_death     undef,
    places_of_living   undef,
    prefix             undef,
    schools            undef,
    suffix             undef,
    title              undef,
    work_places        undef
}
\ {
    cemetery           undef,
    date_of_birth      undef,
    date_of_death      undef,
    email              undef,
    father_id          undef,
    first_name         undef,
    gender             undef,
    general            undef,
    homepage           undef,
    id                 undef,
    is_living          undef,
    jobs               undef,
    last_name          undef,
    mid_name           undef,
    mother_id          undef,
    nickname           undef,
    place_of_birth     undef,
    place_of_death     undef,
    places_of_living   undef,
    prefix             undef,
    schools            undef,
    suffix             undef,
    title              undef,
    work_places        undef
}
\ {
    cemetery           undef,
    date_of_birth      undef,
    date_of_death      undef,
    email              undef,
    father_id          undef,
    first_name         undef,
    gender             undef,
    general            undef,
    homepage           undef,
    id                 undef,
    is_living          undef,
    jobs               undef,
    last_name          undef,
    mid_name           undef,
    mother_id          undef,
    nickname           undef,
    place_of_birth     undef,
    place_of_death     undef,
    places_of_living   undef,
    prefix             undef,
    schools            undef,
    suffix             undef,
    title              undef,
    work_places        undef
}
\ {
    cemetery           undef,
    date_of_birth      undef,
    date_of_death      undef,
    email              undef,
    father_id          undef,
    first_name         undef,
    gender             undef,
    general            undef,
    homepage           undef,
    id                 undef,
    is_living          undef,
    jobs               undef,
    last_name          undef,
    mid_name           undef,
    mother_id          undef,
    nickname           undef,
    place_of_birth     undef,
    place_of_death     undef,
    places_of_living   undef,
    prefix             undef,
    schools            undef,
    suffix             undef,
    title              undef,
    work_places        undef
}
\ {
    cemetery           undef,
    date_of_birth      undef,
    date_of_death      undef,
    email              undef,
    father_id          undef,
    first_name         undef,
    gender             undef,
    general            undef,
    homepage           undef,
    id                 undef,
    is_living          undef,
    jobs               undef,
    last_name          undef,
    mid_name           undef,
    mother_id          undef,
    nickname           undef,
    place_of_birth     undef,
    place_of_death     undef,
    places_of_living   undef,
    prefix             undef,
    schools            undef,
    suffix             undef,
    title              undef,
    work_places        undef
}
\ {
    cemetery           undef,
    date_of_birth      undef,
    date_of_death      undef,
    email              undef,
    father_id          undef,
    first_name         undef,
    gender             undef,
    general            undef,
    homepage           undef,
    id                 undef,
    is_living          undef,
    jobs               undef,
    last_name          undef,
    mid_name           undef,
    mother_id          undef,
    nickname           undef,
    place_of_birth     undef,
    place_of_death     undef,
    places_of_living   undef,
    prefix             undef,
    schools            undef,
    suffix             undef,
    title              undef,
    work_places        undef
}
\ {
    cemetery           undef,
    date_of_birth      undef,
    date_of_death      undef,
    email              undef,
    father_id          undef,
    first_name         undef,
    gender             undef,
    general            undef,
    homepage           undef,
    id                 undef,
    is_living          undef,
    jobs               undef,
    last_name          undef,
    mid_name           undef,
    mother_id          undef,
    nickname           undef,
    place_of_birth     undef,
    place_of_death     undef,
    places_of_living   undef,
    prefix             undef,
    schools            undef,
    suffix             undef,
    title              undef,
    work_places        undef
}
\ {
    cemetery           undef,
    date_of_birth      undef,
    date_of_death      undef,
    email              undef,
    father_id          undef,
    first_name         undef,
    gender             undef,
    general            undef,
    homepage           undef,
    id                 undef,
    is_living          undef,
    jobs               undef,
    last_name          undef,
    mid_name           undef,
    mother_id          undef,
    nickname           undef,
    place_of_birth     undef,
    place_of_death     undef,
    places_of_living   undef,
    prefix             undef,
    schools            undef,
    suffix             undef,
    title              undef,
    work_places        undef
}
\ {
    cemetery           undef,
    date_of_birth      undef,
    date_of_death      undef,
    email              undef,
    father_id          undef,
    first_name         undef,
    gender             undef,
    general            undef,
    homepage           undef,
    id                 undef,
    is_living          undef,
    jobs               undef,
    last_name          undef,
    mid_name           undef,
    mother_id          undef,
    nickname           undef,
    place_of_birth     undef,
    place_of_death     undef,
    places_of_living   undef,
    prefix             undef,
    schools            undef,
    suffix             undef,
    title              undef,
    work_places        undef
}
\ {
    cemetery           undef,
    date_of_birth      undef,
    date_of_death      undef,
    email              undef,
    father_id          undef,
    first_name         undef,
    gender             undef,
    general            undef,
    homepage           undef,
    id                 undef,
    is_living          undef,
    jobs               undef,
    last_name          undef,
    mid_name           undef,
    mother_id          undef,
    nickname           undef,
    place_of_birth     undef,
    place_of_death     undef,
    places_of_living   undef,
    prefix             undef,
    schools            undef,
    suffix             undef,
    title              undef,
    work_places        undef
}
\ {
    cemetery           undef,
    date_of_birth      undef,
    date_of_death      undef,
    email              undef,
    father_id          undef,
    first_name         undef,
    gender             undef,
    general            undef,
    homepage           undef,
    id                 undef,
    is_living          undef,
    jobs               undef,
    last_name          undef,
    mid_name           undef,
    mother_id          undef,
    nickname           undef,
    place_of_birth     undef,
    place_of_death     undef,
    places_of_living   undef,
    prefix             undef,
    schools            undef,
    suffix             undef,
    title              undef,
    work_places        undef
}
\ {
    cemetery           undef,
    date_of_birth      undef,
    date_of_death      undef,
    email              undef,
    father_id          undef,
    first_name         undef,
    gender             undef,
    general            undef,
    homepage           undef,
    id                 undef,
    is_living          undef,
    jobs               undef,
    last_name          undef,
    mid_name           undef,
    mother_id          undef,
    nickname           undef,
    place_of_birth     undef,
    place_of_death     undef,
    places_of_living   undef,
    prefix             undef,
    schools            undef,
    suffix             undef,
    title              undef,
    work_places        undef
}
\ {
    cemetery           undef,
    date_of_birth      undef,
    date_of_death      undef,
    email              undef,
    father_id          undef,
    first_name         undef,
    gender             undef,
    general            undef,
    homepage           undef,
    id                 undef,
    is_living          undef,
    jobs               undef,
    last_name          undef,
    mid_name           undef,
    mother_id          undef,
    nickname           undef,
    place_of_birth     undef,
    place_of_death     undef,
    places_of_living   undef,
    prefix             undef,
    schools            undef,
    suffix             undef,
    title              undef,
    work_places        undef
}
\ {
    cemetery           undef,
    date_of_birth      undef,
    date_of_death      undef,
    email              undef,
    father_id          undef,
    first_name         undef,
    gender             undef,
    general            undef,
    homepage           undef,
    id                 undef,
    is_living          undef,
    jobs               undef,
    last_name          undef,
    mid_name           undef,
    mother_id          undef,
    nickname           undef,
    place_of_birth     undef,
    place_of_death     undef,
    places_of_living   undef,
    prefix             undef,
    schools            undef,
    suffix             undef,
    title              undef,
    work_places        undef
}
\ {
    cemetery           undef,
    date_of_birth      undef,
    date_of_death      undef,
    email              undef,
    father_id          undef,
    first_name         undef,
    gender             undef,
    general            undef,
    homepage           undef,
    id                 undef,
    is_living          undef,
    jobs               undef,
    last_name          undef,
    mid_name           undef,
    mother_id          undef,
    nickname           undef,
    place_of_birth     undef,
    place_of_death     undef,
    places_of_living   undef,
    prefix             undef,
    schools            undef,
    suffix             undef,
    title              undef,
    work_places        undef
}
\ {
    cemetery           undef,
    date_of_birth      undef,
    date_of_death      undef,
    email              undef,
    father_id          undef,
    first_name         undef,
    gender             undef,
    general            undef,
    homepage           undef,
    id                 undef,
    is_living          undef,
    jobs               undef,
    last_name          undef,
    mid_name           undef,
    mother_id          undef,
    nickname           undef,
    place_of_birth     undef,
    place_of_death     undef,
    places_of_living   undef,
    prefix             undef,
    schools            undef,
    suffix             undef,
    title              undef,
    work_places        undef
}
\ {
    cemetery           undef,
    date_of_birth      undef,
    date_of_death      undef,
    email              undef,
    father_id          undef,
    first_name         undef,
    gender             undef,
    general            undef,
    homepage           undef,
    id                 undef,
    is_living          undef,
    jobs               undef,
    last_name          undef,
    mid_name           undef,
    mother_id          undef,
    nickname           undef,
    place_of_birth     undef,
    place_of_death     undef,
    places_of_living   undef,
    prefix             undef,
    schools            undef,
    suffix             undef,
    title              undef,
    work_places        undef
}
\ {
    cemetery           undef,
    date_of_birth      undef,
    date_of_death      undef,
    email              undef,
    father_id          undef,
    first_name         undef,
    gender             undef,
    general            undef,
    homepage           undef,
    id                 undef,
    is_living          undef,
    jobs               undef,
    last_name          undef,
    mid_name           undef,
    mother_id          undef,
    nickname           undef,
    place_of_birth     undef,
    place_of_death     undef,
    places_of_living   undef,
    prefix             undef,
    schools            undef,
    suffix             undef,
    title              undef,
    work_places        undef
}
\ {
    cemetery           undef,
    date_of_birth      undef,
    date_of_death      undef,
    email              undef,
    father_id          undef,
    first_name         undef,
    gender             undef,
    general            undef,
    homepage           undef,
    id                 undef,
    is_living          undef,
    jobs               undef,
    last_name          undef,
    mid_name           undef,
    mother_id          undef,
    nickname           undef,
    place_of_birth     undef,
    place_of_death     undef,
    places_of_living   undef,
    prefix             undef,
    schools            undef,
    suffix             undef,
    title              undef,
    work_places        undef
}
\ {
    cemetery           undef,
    date_of_birth      undef,
    date_of_death      undef,
    email              undef,
    father_id          undef,
    first_name         undef,
    gender             undef,
    general            undef,
    homepage           undef,
    id                 undef,
    is_living          undef,
    jobs               undef,
    last_name          undef,
    mid_name           undef,
    mother_id          undef,
    nickname           undef,
    place_of_birth     undef,
    place_of_death     undef,
    places_of_living   undef,
    prefix             undef,
    schools            undef,
    suffix             undef,
    title              undef,
    work_places        undef
}
\ {
    cemetery           undef,
    date_of_birth      undef,
    date_of_death      undef,
    email              undef,
    father_id          undef,
    first_name         undef,
    gender             undef,
    general            undef,
    homepage           undef,
    id                 undef,
    is_living          undef,
    jobs               undef,
    last_name          undef,
    mid_name           undef,
    mother_id          undef,
    nickname           undef,
    place_of_birth     undef,
    place_of_death     undef,
    places_of_living   undef,
    prefix             undef,
    schools            undef,
    suffix             undef,
    title              undef,
    work_places        undef
}
\ {
    cemetery           undef,
    date_of_birth      undef,
    date_of_death      undef,
    email              undef,
    father_id          undef,
    first_name         undef,
    gender             undef,
    general            undef,
    homepage           undef,
    id                 undef,
    is_living          undef,
    jobs               undef,
    last_name          undef,
    mid_name           undef,
    mother_id          undef,
    nickname           undef,
    place_of_birth     undef,
    place_of_death     undef,
    places_of_living   undef,
    prefix             undef,
    schools            undef,
    suffix             undef,
    title              undef,
    work_places        undef
}
\ {
    cemetery           undef,
    date_of_birth      undef,
    date_of_death      undef,
    email              undef,
    father_id          undef,
    first_name         undef,
    gender             undef,
    general            undef,
    homepage           undef,
    id                 undef,
    is_living          undef,
    jobs               undef,
    last_name          undef,
    mid_name           undef,
    mother_id          undef,
    nickname           undef,
    place_of_birth     undef,
    place_of_death     undef,
    places_of_living   undef,
    prefix             undef,
    schools            undef,
    suffix             undef,
    title              undef,
    work_places        undef
}
\ {
    cemetery           undef,
    date_of_birth      undef,
    date_of_death      undef,
    email              undef,
    father_id          undef,
    first_name         undef,
    gender             undef,
    general            undef,
    homepage           undef,
    id                 undef,
    is_living          undef,
    jobs               undef,
    last_name          undef,
    mid_name           undef,
    mother_id          undef,
    nickname           undef,
    place_of_birth     undef,
    place_of_death     undef,
    places_of_living   undef,
    prefix             undef,
    schools            undef,
    suffix             undef,
    title              undef,
    work_places        undef
}
\ {
    cemetery           undef,
    date_of_birth      undef,
    date_of_death      undef,
    email              undef,
    father_id          undef,
    first_name         undef,
    gender             undef,
    general            undef,
    homepage           undef,
    id                 undef,
    is_living          undef,
    jobs               undef,
    last_name          undef,
    mid_name           undef,
    mother_id          undef,
    nickname           undef,
    place_of_birth     undef,
    place_of_death     undef,
    places_of_living   undef,
    prefix             undef,
    schools            undef,
    suffix             undef,
    title              undef,
    work_places        undef
}
\ {
    cemetery           undef,
    date_of_birth      undef,
    date_of_death      undef,
    email              undef,
    father_id          undef,
    first_name         undef,
    gender             undef,
    general            undef,
    homepage           undef,
    id                 undef,
    is_living          undef,
    jobs               undef,
    last_name          undef,
    mid_name           undef,
    mother_id          undef,
    nickname           undef,
    place_of_birth     undef,
    place_of_death     undef,
    places_of_living   undef,
    prefix             undef,
    schools            undef,
    suffix             undef,
    title              undef,
    work_places        undef
}
\ {
    cemetery           undef,
    date_of_birth      undef,
    date_of_death      undef,
    email              undef,
    father_id          undef,
    first_name         undef,
    gender             undef,
    general            undef,
    homepage           undef,
    id                 undef,
    is_living          undef,
    jobs               undef,
    last_name          undef,
    mid_name           undef,
    mother_id          undef,
    nickname           undef,
    place_of_birth     undef,
    place_of_death     undef,
    places_of_living   undef,
    prefix             undef,
    schools            undef,
    suffix             undef,
    title              undef,
    work_places        undef
}
Sheet1
I37
