2015/09/06 10:46:11 INFO> image name is /pictures//i21.jpg
2015/09/06 10:46:11 INFO> image name is /pictures//i40.jpg
2015/09/06 10:46:11 INFO> image name is /pictures//i20.jpg
2015/09/06 10:46:11 INFO> image name is /pictures//i13.jpg
2015/09/06 10:46:11 INFO> image name is /pictures//i14.jpg
2015/09/06 10:46:12 INFO> image name is /pictures//i56.jpg
2015/09/06 10:46:12 INFO> image name is /pictures//i28.jpg
2015/09/06 10:46:12 INFO> image name is /pictures//i25.jpg
2015/09/06 10:46:12 INFO> image name is /pictures//i38.jpg
2015/09/06 10:46:12 INFO> image name is /pictures//i0.jpg
2015/09/06 10:46:12 INFO> image name is /pictures//i65.jpg
2015/09/06 10:46:12 INFO> image name is /pictures//i37.jpg
2015/09/06 10:46:12 INFO> image name is /pictures//i34.jpg
2015/09/06 10:46:12 INFO> image name is /pictures//i39.jpg
2015/09/06 10:46:12 INFO> image name is /pictures//i10.jpg
2015/09/06 10:46:12 INFO> image name is /pictures//i26.jpg
2015/09/06 10:46:12 INFO> image name is /pictures//i17.jpg
2015/09/06 10:46:12 INFO> image name is /pictures//i54.jpg
2015/09/06 10:46:12 INFO> image name is /pictures//i15.jpg
2015/09/06 10:46:12 INFO> image name is /pictures//i63.jpg
2015/09/06 10:46:12 INFO> image name is /pictures//i62.jpg
2015/09/06 10:46:12 INFO> image name is /pictures//i12.jpg
2015/09/06 10:46:12 INFO> image name is /pictures//i41.jpg
2015/09/06 10:46:12 INFO> image name is /pictures//i52.jpg
2015/09/06 10:46:12 INFO> image name is /pictures//i58.jpg
2015/09/06 10:46:12 INFO> image name is /pictures//i64.jpg
2015/09/06 10:46:12 INFO> image name is /pictures//i35.jpg
2015/09/06 10:46:12 INFO> image name is /pictures//i60.jpg
2015/09/06 10:46:12 INFO> image name is /pictures//i3.jpg
2015/09/06 10:46:12 INFO> image name is /pictures//i23.jpg
2015/09/06 10:46:12 INFO> image name is /pictures//i30.jpg
2015/09/06 10:46:12 INFO> image name is /pictures//i59.jpg
2015/09/06 10:46:12 INFO> image name is /pictures//i61.jpg
2015/09/06 10:46:12 INFO> image name is /pictures//i4.jpg
2015/09/06 10:46:12 INFO> image name is /pictures//i6.jpg
2015/09/06 10:46:12 INFO> image name is /pictures//i51.jpg
2015/09/06 10:46:12 INFO> image name is /pictures//i50.jpg
2015/09/06 10:46:12 INFO> image name is /pictures//i53.jpg
2015/09/06 10:46:12 INFO> image name is /pictures//i57.jpg
2015/09/06 10:46:12 INFO> image name is /pictures//i11.jpg
2015/09/06 10:46:12 INFO> image name is /pictures//i9.jpg
2015/09/06 10:46:12 INFO> image name is /pictures//i32.jpg
2015/09/06 10:46:12 INFO> image name is /pictures//i29.jpg
2015/09/06 10:46:12 INFO> image name is /pictures//i19.jpg
2015/09/06 10:46:12 INFO> image name is /pictures//i27.jpg
2015/09/06 10:48:57 INFO> image name is pictures/i15.jpg
2015/09/06 10:48:57 INFO> image name is pictures/i13.jpg
2015/09/06 10:48:57 INFO> image name is pictures/i32.jpg
2015/09/06 10:48:57 INFO> image name is pictures/i52.jpg
2015/09/06 10:48:57 INFO> image name is pictures/i64.jpg
2015/09/06 10:48:57 INFO> image name is pictures/i9.jpg
2015/09/06 10:48:57 INFO> image name is pictures/i62.jpg
2015/09/06 10:48:57 INFO> image name is pictures/i28.jpg
2015/09/06 10:48:57 INFO> image name is pictures/i35.jpg
2015/09/06 10:48:57 INFO> image name is pictures/i20.jpg
2015/09/06 10:48:57 INFO> image name is pictures/i30.jpg
2015/09/06 10:48:57 INFO> image name is pictures/i4.jpg
2015/09/06 10:48:57 INFO> image name is pictures/i0.jpg
2015/09/06 10:48:57 INFO> image name is pictures/i38.jpg
2015/09/06 10:48:57 INFO> image name is pictures/i27.jpg
2015/09/06 10:48:57 INFO> image name is pictures/i11.jpg
2015/09/06 10:48:57 INFO> image name is pictures/i41.jpg
2015/09/06 10:48:57 INFO> image name is pictures/i26.jpg
2015/09/06 10:48:57 INFO> image name is pictures/i23.jpg
2015/09/06 10:48:57 INFO> image name is pictures/i14.jpg
2015/09/06 10:48:57 INFO> image name is pictures/i39.jpg
2015/09/06 10:48:57 INFO> image name is pictures/i54.jpg
2015/09/06 10:48:57 INFO> image name is pictures/i56.jpg
2015/09/06 10:48:57 INFO> image name is pictures/i57.jpg
2015/09/06 10:48:57 INFO> image name is pictures/i63.jpg
2015/09/06 10:48:57 INFO> image name is pictures/i3.jpg
2015/09/06 10:48:57 INFO> image name is pictures/i17.jpg
2015/09/06 10:48:57 INFO> image name is pictures/i37.jpg
2015/09/06 10:48:57 INFO> image name is pictures/i59.jpg
2015/09/06 10:48:57 INFO> image name is pictures/i51.jpg
2015/09/06 10:48:57 INFO> image name is pictures/i29.jpg
2015/09/06 10:48:57 INFO> image name is pictures/i34.jpg
2015/09/06 10:48:57 INFO> image name is pictures/i65.jpg
2015/09/06 10:48:57 INFO> image name is pictures/i53.jpg
2015/09/06 10:48:57 INFO> image name is pictures/i50.jpg
2015/09/06 10:48:57 INFO> image name is pictures/i21.jpg
2015/09/06 10:48:57 INFO> image name is pictures/i10.jpg
2015/09/06 10:48:57 INFO> image name is pictures/i60.jpg
2015/09/06 10:48:57 INFO> image name is pictures/i40.jpg
2015/09/06 10:48:57 INFO> image name is pictures/i58.jpg
2015/09/06 10:48:57 INFO> image name is pictures/i61.jpg
2015/09/06 10:48:58 INFO> image name is pictures/i25.jpg
2015/09/06 10:48:58 INFO> image name is pictures/i6.jpg
2015/09/06 10:48:58 INFO> image name is pictures/i19.jpg
2015/09/06 10:48:58 INFO> image name is pictures/i12.jpg
2015/09/06 10:51:33 INFO> image name is pictures//i59.jpg
2015/09/06 10:51:33 INFO> image name is pictures//i32.jpg
2015/09/06 10:51:33 INFO> image name is pictures//i53.jpg
2015/09/06 10:51:33 INFO> image name is pictures//i37.jpg
2015/09/06 10:51:33 INFO> image name is pictures//i38.jpg
2015/09/06 10:51:33 INFO> image name is pictures//i26.jpg
2015/09/06 10:51:33 INFO> image name is pictures//i56.jpg
2015/09/06 10:51:33 INFO> image name is pictures//i19.jpg
2015/09/06 10:51:33 INFO> image name is pictures//i62.jpg
2015/09/06 10:51:33 INFO> image name is pictures//i58.jpg
2015/09/06 10:51:33 INFO> image name is pictures//i50.jpg
2015/09/06 10:51:33 INFO> image name is pictures//i30.jpg
2015/09/06 10:51:33 INFO> image name is pictures//i4.jpg
2015/09/06 10:51:33 INFO> image name is pictures//i35.jpg
2015/09/06 10:51:33 INFO> image name is pictures//i57.jpg
2015/09/06 10:51:33 INFO> image name is pictures//i11.jpg
2015/09/06 10:51:33 INFO> image name is pictures//i23.jpg
2015/09/06 10:51:33 INFO> image name is pictures//i0.jpg
2015/09/06 10:51:33 INFO> image name is pictures//i9.jpg
2015/09/06 10:51:33 INFO> image name is pictures//i20.jpg
2015/09/06 10:51:33 INFO> image name is pictures//i10.jpg
2015/09/06 10:51:33 INFO> image name is pictures//i13.jpg
2015/09/06 10:51:33 INFO> image name is pictures//i52.jpg
2015/09/06 10:51:33 INFO> image name is pictures//i6.jpg
2015/09/06 10:51:33 INFO> image name is pictures//i41.jpg
2015/09/06 10:51:33 INFO> image name is pictures//i63.jpg
2015/09/06 10:51:33 INFO> image name is pictures//i60.jpg
2015/09/06 10:51:33 INFO> image name is pictures//i39.jpg
2015/09/06 10:51:33 INFO> image name is pictures//i40.jpg
2015/09/06 10:51:33 INFO> image name is pictures//i34.jpg
2015/09/06 10:51:33 INFO> image name is pictures//i3.jpg
2015/09/06 10:51:33 INFO> image name is pictures//i12.jpg
2015/09/06 10:51:33 INFO> image name is pictures//i64.jpg
2015/09/06 10:51:33 INFO> image name is pictures//i27.jpg
2015/09/06 10:51:33 INFO> image name is pictures//i61.jpg
2015/09/06 10:51:33 INFO> image name is pictures//i17.jpg
2015/09/06 10:51:33 INFO> image name is pictures//i54.jpg
2015/09/06 10:51:33 INFO> image name is pictures//i25.jpg
2015/09/06 10:51:33 INFO> image name is pictures//i29.jpg
2015/09/06 10:51:33 INFO> image name is pictures//i21.jpg
2015/09/06 10:51:33 INFO> image name is pictures//i51.jpg
2015/09/06 10:51:33 INFO> image name is pictures//i15.jpg
2015/09/06 10:51:33 INFO> image name is pictures//i14.jpg
2015/09/06 10:51:33 INFO> image name is pictures//i28.jpg
2015/09/06 10:51:33 INFO> image name is pictures//i65.jpg
2015/09/06 10:58:02 INFO> image name is /pictures//i13.jpg
2015/09/06 10:58:02 INFO> image name is /pictures//i64.jpg
2015/09/06 10:58:02 INFO> image name is /pictures//i11.jpg
2015/09/06 10:58:02 INFO> image name is /pictures//i40.jpg
2015/09/06 10:58:02 INFO> image name is /pictures//i54.jpg
2015/09/06 10:58:02 INFO> image name is /pictures//i0.jpg
2015/09/06 10:58:02 INFO> image name is /pictures//i14.jpg
2015/09/06 10:58:02 INFO> image name is /pictures//i51.jpg
2015/09/06 10:58:02 INFO> image name is /pictures//i41.jpg
2015/09/06 10:58:02 INFO> image name is /pictures//i32.jpg
2015/09/06 10:58:02 INFO> image name is /pictures//i52.jpg
2015/09/06 10:58:02 INFO> image name is /pictures//i26.jpg
2015/09/06 10:58:02 INFO> image name is /pictures//i12.jpg
2015/09/06 10:58:02 INFO> image name is /pictures//i3.jpg
2015/09/06 10:58:02 INFO> image name is /pictures//i4.jpg
2015/09/06 10:58:02 INFO> image name is /pictures//i27.jpg
2015/09/06 10:58:02 INFO> image name is /pictures//i20.jpg
2015/09/06 10:58:02 INFO> image name is /pictures//i62.jpg
2015/09/06 10:58:02 INFO> image name is /pictures//i35.jpg
2015/09/06 10:58:02 INFO> image name is /pictures//i25.jpg
2015/09/06 10:58:02 INFO> image name is /pictures//i10.jpg
2015/09/06 10:58:02 INFO> image name is /pictures//i15.jpg
2015/09/06 10:58:02 INFO> image name is /pictures//i30.jpg
2015/09/06 10:58:02 INFO> image name is /pictures//i23.jpg
2015/09/06 10:58:02 INFO> image name is /pictures//i37.jpg
2015/09/06 10:58:02 INFO> image name is /pictures//i9.jpg
2015/09/06 10:58:02 INFO> image name is /pictures//i17.jpg
2015/09/06 10:58:02 INFO> image name is /pictures//i56.jpg
2015/09/06 10:58:02 INFO> image name is /pictures//i29.jpg
2015/09/06 10:58:02 INFO> image name is /pictures//i6.jpg
2015/09/06 10:58:02 INFO> image name is /pictures//i50.jpg
2015/09/06 10:58:02 INFO> image name is /pictures//i65.jpg
2015/09/06 10:58:03 INFO> image name is /pictures//i63.jpg
2015/09/06 10:58:03 INFO> image name is /pictures//i34.jpg
2015/09/06 10:58:03 INFO> image name is /pictures//i57.jpg
2015/09/06 10:58:03 INFO> image name is /pictures//i53.jpg
2015/09/06 10:58:03 INFO> image name is /pictures//i28.jpg
2015/09/06 10:58:03 INFO> image name is /pictures//i21.jpg
2015/09/06 10:58:03 INFO> image name is /pictures//i38.jpg
2015/09/06 10:58:03 INFO> image name is /pictures//i19.jpg
2015/09/06 10:58:03 INFO> image name is /pictures//i61.jpg
2015/09/06 10:58:03 INFO> image name is /pictures//i39.jpg
2015/09/06 10:58:03 INFO> image name is /pictures//i60.jpg
2015/09/06 10:58:03 INFO> image name is /pictures//i59.jpg
2015/09/06 10:58:03 INFO> image name is /pictures//i58.jpg
2015/09/06 11:38:40 INFO> image name is /pictures//i63.jpg
2015/09/06 11:38:40 INFO> image name is /pictures//i57.jpg
2015/09/06 11:38:40 INFO> image name is /pictures//i28.jpg
2015/09/06 11:38:40 INFO> image name is /pictures//i62.jpg
2015/09/06 11:38:40 INFO> image name is /pictures//i30.jpg
2015/09/06 11:38:40 INFO> image name is /pictures//i23.jpg
2015/09/06 11:38:40 INFO> image name is /pictures//i60.jpg
2015/09/06 11:38:40 INFO> image name is /pictures//i39.jpg
2015/09/06 11:38:40 INFO> image name is /pictures//i37.jpg
2015/09/06 11:38:40 INFO> image name is /pictures//i58.jpg
2015/09/06 11:38:40 INFO> image name is /pictures//i13.jpg
2015/09/06 11:38:40 INFO> image name is /pictures//i32.jpg
2015/09/06 11:38:40 INFO> image name is /pictures//i40.jpg
2015/09/06 11:38:40 INFO> image name is /pictures//i26.jpg
2015/09/06 11:38:40 INFO> image name is /pictures//i59.jpg
2015/09/06 11:38:40 INFO> image name is /pictures//i50.jpg
2015/09/06 11:38:40 INFO> image name is /pictures//i35.jpg
2015/09/06 11:38:40 INFO> image name is /pictures//i29.jpg
2015/09/06 11:38:40 INFO> image name is /pictures//i53.jpg
2015/09/06 11:38:40 INFO> image name is /pictures//i65.jpg
2015/09/06 11:38:40 INFO> image name is /pictures//i4.jpg
2015/09/06 11:38:40 INFO> image name is /pictures//i14.jpg
2015/09/06 11:38:40 INFO> image name is /pictures//i56.jpg
2015/09/06 11:38:40 INFO> image name is /pictures//i51.jpg
2015/09/06 11:38:40 INFO> image name is /pictures//i25.jpg
2015/09/06 11:38:40 INFO> image name is /pictures//i54.jpg
2015/09/06 11:38:40 INFO> image name is /pictures//i20.jpg
2015/09/06 11:38:40 INFO> image name is /pictures//i38.jpg
2015/09/06 11:38:40 INFO> image name is /pictures//i17.jpg
2015/09/06 11:38:40 INFO> image name is /pictures//i11.jpg
2015/09/06 11:38:40 INFO> image name is /pictures//i64.jpg
2015/09/06 11:38:40 INFO> image name is /pictures//i41.jpg
2015/09/06 11:38:40 INFO> image name is /pictures//i15.jpg
2015/09/06 11:38:40 INFO> image name is /pictures//i34.jpg
2015/09/06 11:38:40 INFO> image name is /pictures//i61.jpg
2015/09/06 11:38:40 INFO> image name is /pictures//i19.jpg
2015/09/06 11:38:40 INFO> image name is /pictures//i21.jpg
2015/09/06 11:38:40 INFO> image name is /pictures//i27.jpg
2015/09/06 11:38:40 INFO> image name is /pictures//i12.jpg
2015/09/06 11:38:40 INFO> image name is /pictures//i0.jpg
2015/09/06 11:38:40 INFO> image name is /pictures//i9.jpg
2015/09/06 11:38:40 INFO> image name is /pictures//i6.jpg
2015/09/06 11:38:40 INFO> image name is /pictures//i10.jpg
2015/09/06 11:38:40 INFO> image name is /pictures//i3.jpg
2015/09/06 11:38:40 INFO> image name is /pictures//i52.jpg
2015/09/06 11:41:15 INFO> image name is /pictures//i37.jpg
2015/09/06 11:41:15 INFO> image name is /pictures//i10.jpg
2015/09/06 11:41:15 INFO> image name is /pictures//i51.jpg
2015/09/06 11:41:15 INFO> image name is /pictures//i11.jpg
2015/09/06 11:41:15 INFO> image name is /pictures//i3.jpg
2015/09/06 11:41:15 INFO> image name is /pictures//i40.jpg
2015/09/06 11:41:15 INFO> image name is /pictures//i14.jpg
2015/09/06 11:41:15 INFO> image name is /pictures//i20.jpg
2015/09/06 11:41:15 INFO> image name is /pictures//i17.jpg
2015/09/06 11:41:15 INFO> image name is /pictures//i19.jpg
2015/09/06 11:41:15 INFO> image name is /pictures//i30.jpg
2015/09/06 11:41:15 INFO> image name is /pictures//i35.jpg
2015/09/06 11:41:15 INFO> image name is /pictures//i12.jpg
2015/09/06 11:41:15 INFO> image name is /pictures//i15.jpg
2015/09/06 11:41:15 INFO> image name is /pictures//i54.jpg
2015/09/06 11:41:15 INFO> image name is /pictures//i56.jpg
2015/09/06 11:41:15 INFO> image name is /pictures//i52.jpg
2015/09/06 11:41:15 INFO> image name is /pictures//i21.jpg
2015/09/06 11:41:15 INFO> image name is /pictures//i39.jpg
2015/09/06 11:41:15 INFO> image name is /pictures//i61.jpg
2015/09/06 11:41:15 INFO> image name is /pictures//i62.jpg
2015/09/06 11:41:15 INFO> image name is /pictures//i29.jpg
2015/09/06 11:41:15 INFO> image name is /pictures//i60.jpg
2015/09/06 11:41:15 INFO> image name is /pictures//i32.jpg
2015/09/06 11:41:15 INFO> image name is /pictures//i9.jpg
2015/09/06 11:41:15 INFO> image name is /pictures//i26.jpg
2015/09/06 11:41:15 INFO> image name is /pictures//i65.jpg
2015/09/06 11:41:15 INFO> image name is /pictures//i28.jpg
2015/09/06 11:41:15 INFO> image name is /pictures//i23.jpg
2015/09/06 11:41:15 INFO> image name is /pictures//i13.jpg
2015/09/06 11:41:15 INFO> image name is /pictures//i38.jpg
2015/09/06 11:41:15 INFO> image name is /pictures//i0.jpg
2015/09/06 11:41:15 INFO> image name is /pictures//i59.jpg
2015/09/06 11:41:15 INFO> image name is /pictures//i25.jpg
2015/09/06 11:41:15 INFO> image name is /pictures//i6.jpg
2015/09/06 11:41:15 INFO> image name is /pictures//i58.jpg
2015/09/06 11:41:15 INFO> image name is /pictures//i34.jpg
2015/09/06 11:41:15 INFO> image name is /pictures//i41.jpg
2015/09/06 11:41:15 INFO> image name is /pictures//i63.jpg
2015/09/06 11:41:15 INFO> image name is /pictures//i27.jpg
2015/09/06 11:41:15 INFO> image name is /pictures//i4.jpg
2015/09/06 11:41:15 INFO> image name is /pictures//i57.jpg
2015/09/06 11:41:15 INFO> image name is /pictures//i50.jpg
2015/09/06 11:41:15 INFO> image name is /pictures//i64.jpg
2015/09/06 11:41:15 INFO> image name is /pictures//i53.jpg
2015/09/06 17:55:54 INFO> image name is c:/Users/TOSH/Documents/GitHub/Ftree-cpan/htdocs/pictures//i26.jpg
2015/09/06 17:55:54 INFO> image name is c:/Users/TOSH/Documents/GitHub/Ftree-cpan/htdocs/pictures//i59.jpg
2015/09/06 17:55:54 INFO> image name is c:/Users/TOSH/Documents/GitHub/Ftree-cpan/htdocs/pictures//i35.jpg
2015/09/06 17:55:54 INFO> image name is c:/Users/TOSH/Documents/GitHub/Ftree-cpan/htdocs/pictures//i41.jpg
2015/09/06 17:55:54 INFO> image name is c:/Users/TOSH/Documents/GitHub/Ftree-cpan/htdocs/pictures//i54.jpg
2015/09/06 17:55:54 INFO> image name is c:/Users/TOSH/Documents/GitHub/Ftree-cpan/htdocs/pictures//i61.jpg
2015/09/06 17:55:54 INFO> image name is c:/Users/TOSH/Documents/GitHub/Ftree-cpan/htdocs/pictures//i11.jpg
2015/09/06 17:55:54 INFO> image name is c:/Users/TOSH/Documents/GitHub/Ftree-cpan/htdocs/pictures//i20.jpg
2015/09/06 17:55:54 INFO> image name is c:/Users/TOSH/Documents/GitHub/Ftree-cpan/htdocs/pictures//i9.jpg
2015/09/06 17:55:54 INFO> image name is c:/Users/TOSH/Documents/GitHub/Ftree-cpan/htdocs/pictures//i53.jpg
2015/09/06 17:55:54 INFO> image name is c:/Users/TOSH/Documents/GitHub/Ftree-cpan/htdocs/pictures//i37.jpg
2015/09/06 17:55:54 INFO> image name is c:/Users/TOSH/Documents/GitHub/Ftree-cpan/htdocs/pictures//i50.jpg
2015/09/06 17:55:54 INFO> image name is c:/Users/TOSH/Documents/GitHub/Ftree-cpan/htdocs/pictures//i25.jpg
2015/09/06 17:55:54 INFO> image name is c:/Users/TOSH/Documents/GitHub/Ftree-cpan/htdocs/pictures//i10.jpg
2015/09/06 17:55:54 INFO> image name is c:/Users/TOSH/Documents/GitHub/Ftree-cpan/htdocs/pictures//i62.jpg
2015/09/06 17:55:54 INFO> image name is c:/Users/TOSH/Documents/GitHub/Ftree-cpan/htdocs/pictures//i60.jpg
2015/09/06 17:55:54 INFO> image name is c:/Users/TOSH/Documents/GitHub/Ftree-cpan/htdocs/pictures//i34.jpg
2015/09/06 17:55:54 INFO> image name is c:/Users/TOSH/Documents/GitHub/Ftree-cpan/htdocs/pictures//i21.jpg
2015/09/06 17:55:54 INFO> image name is c:/Users/TOSH/Documents/GitHub/Ftree-cpan/htdocs/pictures//i14.jpg
2015/09/06 17:55:55 INFO> image name is c:/Users/TOSH/Documents/GitHub/Ftree-cpan/htdocs/pictures//i57.jpg
2015/09/06 17:55:55 INFO> image name is c:/Users/TOSH/Documents/GitHub/Ftree-cpan/htdocs/pictures//i15.jpg
2015/09/06 17:55:55 INFO> image name is c:/Users/TOSH/Documents/GitHub/Ftree-cpan/htdocs/pictures//i13.jpg
2015/09/06 17:55:55 INFO> image name is c:/Users/TOSH/Documents/GitHub/Ftree-cpan/htdocs/pictures//i17.jpg
2015/09/06 17:55:55 INFO> image name is c:/Users/TOSH/Documents/GitHub/Ftree-cpan/htdocs/pictures//i40.jpg
2015/09/06 17:55:55 INFO> image name is c:/Users/TOSH/Documents/GitHub/Ftree-cpan/htdocs/pictures//i32.jpg
2015/09/06 17:55:55 INFO> image name is c:/Users/TOSH/Documents/GitHub/Ftree-cpan/htdocs/pictures//i23.jpg
2015/09/06 17:55:55 INFO> image name is c:/Users/TOSH/Documents/GitHub/Ftree-cpan/htdocs/pictures//i12.jpg
2015/09/06 17:55:55 INFO> image name is c:/Users/TOSH/Documents/GitHub/Ftree-cpan/htdocs/pictures//i27.jpg
2015/09/06 17:55:55 INFO> image name is c:/Users/TOSH/Documents/GitHub/Ftree-cpan/htdocs/pictures//i58.jpg
2015/09/06 17:55:55 INFO> image name is c:/Users/TOSH/Documents/GitHub/Ftree-cpan/htdocs/pictures//i29.jpg
2015/09/06 17:55:55 INFO> image name is c:/Users/TOSH/Documents/GitHub/Ftree-cpan/htdocs/pictures//i64.jpg
2015/09/06 17:55:55 INFO> image name is c:/Users/TOSH/Documents/GitHub/Ftree-cpan/htdocs/pictures//i56.jpg
2015/09/06 17:55:55 INFO> image name is c:/Users/TOSH/Documents/GitHub/Ftree-cpan/htdocs/pictures//i38.jpg
2015/09/06 17:55:55 INFO> image name is c:/Users/TOSH/Documents/GitHub/Ftree-cpan/htdocs/pictures//i4.jpg
2015/09/06 17:55:55 INFO> image name is c:/Users/TOSH/Documents/GitHub/Ftree-cpan/htdocs/pictures//i52.jpg
2015/09/06 17:55:55 INFO> image name is c:/Users/TOSH/Documents/GitHub/Ftree-cpan/htdocs/pictures//i63.jpg
2015/09/06 17:55:55 INFO> image name is c:/Users/TOSH/Documents/GitHub/Ftree-cpan/htdocs/pictures//i51.jpg
2015/09/06 17:55:55 INFO> image name is c:/Users/TOSH/Documents/GitHub/Ftree-cpan/htdocs/pictures//i65.jpg
2015/09/06 17:55:55 INFO> image name is c:/Users/TOSH/Documents/GitHub/Ftree-cpan/htdocs/pictures//i3.jpg
2015/09/06 17:55:55 INFO> image name is c:/Users/TOSH/Documents/GitHub/Ftree-cpan/htdocs/pictures//i28.jpg
2015/09/06 17:55:55 INFO> image name is c:/Users/TOSH/Documents/GitHub/Ftree-cpan/htdocs/pictures//i30.jpg
2015/09/06 17:55:55 INFO> image name is c:/Users/TOSH/Documents/GitHub/Ftree-cpan/htdocs/pictures//i19.jpg
2015/09/06 17:55:55 INFO> image name is c:/Users/TOSH/Documents/GitHub/Ftree-cpan/htdocs/pictures//i0.jpg
2015/09/06 17:55:55 INFO> image name is c:/Users/TOSH/Documents/GitHub/Ftree-cpan/htdocs/pictures//i6.jpg
2015/09/06 17:55:55 INFO> image name is c:/Users/TOSH/Documents/GitHub/Ftree-cpan/htdocs/pictures//i39.jpg
2015/09/06 17:56:17 INFO> image name is c:/Users/TOSH/Documents/GitHub/Ftree-cpan/htdocs/pictures//i62.jpg
2015/09/06 17:56:17 INFO> image name is c:/Users/TOSH/Documents/GitHub/Ftree-cpan/htdocs/pictures//i54.jpg
2015/09/06 17:56:17 INFO> image name is c:/Users/TOSH/Documents/GitHub/Ftree-cpan/htdocs/pictures//i29.jpg
2015/09/06 17:56:17 INFO> image name is c:/Users/TOSH/Documents/GitHub/Ftree-cpan/htdocs/pictures//i61.jpg
2015/09/06 17:56:17 INFO> image name is c:/Users/TOSH/Documents/GitHub/Ftree-cpan/htdocs/pictures//i26.jpg
2015/09/06 17:56:17 INFO> image name is c:/Users/TOSH/Documents/GitHub/Ftree-cpan/htdocs/pictures//i34.jpg
2015/09/06 17:56:17 INFO> image name is c:/Users/TOSH/Documents/GitHub/Ftree-cpan/htdocs/pictures//i51.jpg
2015/09/06 17:56:17 INFO> image name is c:/Users/TOSH/Documents/GitHub/Ftree-cpan/htdocs/pictures//i14.jpg
2015/09/06 17:56:17 INFO> image name is c:/Users/TOSH/Documents/GitHub/Ftree-cpan/htdocs/pictures//i50.jpg
2015/09/06 17:56:18 INFO> image name is c:/Users/TOSH/Documents/GitHub/Ftree-cpan/htdocs/pictures//i23.jpg
2015/09/06 17:56:18 INFO> image name is c:/Users/TOSH/Documents/GitHub/Ftree-cpan/htdocs/pictures//i12.jpg
2015/09/06 17:56:18 INFO> image name is c:/Users/TOSH/Documents/GitHub/Ftree-cpan/htdocs/pictures//i11.jpg
2015/09/06 17:56:18 INFO> image name is c:/Users/TOSH/Documents/GitHub/Ftree-cpan/htdocs/pictures//i3.jpg
2015/09/06 17:56:18 INFO> image name is c:/Users/TOSH/Documents/GitHub/Ftree-cpan/htdocs/pictures//i56.jpg
2015/09/06 17:56:18 INFO> image name is c:/Users/TOSH/Documents/GitHub/Ftree-cpan/htdocs/pictures//i15.jpg
2015/09/06 17:56:18 INFO> image name is c:/Users/TOSH/Documents/GitHub/Ftree-cpan/htdocs/pictures//i53.jpg
2015/09/06 17:56:18 INFO> image name is c:/Users/TOSH/Documents/GitHub/Ftree-cpan/htdocs/pictures//i40.jpg
2015/09/06 17:56:18 INFO> image name is c:/Users/TOSH/Documents/GitHub/Ftree-cpan/htdocs/pictures//i38.jpg
2015/09/06 17:56:18 INFO> image name is c:/Users/TOSH/Documents/GitHub/Ftree-cpan/htdocs/pictures//i30.jpg
2015/09/06 17:56:18 INFO> image name is c:/Users/TOSH/Documents/GitHub/Ftree-cpan/htdocs/pictures//i39.jpg
2015/09/06 17:56:18 INFO> image name is c:/Users/TOSH/Documents/GitHub/Ftree-cpan/htdocs/pictures//i19.jpg
2015/09/06 17:56:18 INFO> image name is c:/Users/TOSH/Documents/GitHub/Ftree-cpan/htdocs/pictures//i4.jpg
2015/09/06 17:56:18 INFO> image name is c:/Users/TOSH/Documents/GitHub/Ftree-cpan/htdocs/pictures//i37.jpg
2015/09/06 17:56:18 INFO> image name is c:/Users/TOSH/Documents/GitHub/Ftree-cpan/htdocs/pictures//i41.jpg
2015/09/06 17:56:18 INFO> image name is c:/Users/TOSH/Documents/GitHub/Ftree-cpan/htdocs/pictures//i57.jpg
2015/09/06 17:56:18 INFO> image name is c:/Users/TOSH/Documents/GitHub/Ftree-cpan/htdocs/pictures//i27.jpg
2015/09/06 17:56:18 INFO> image name is c:/Users/TOSH/Documents/GitHub/Ftree-cpan/htdocs/pictures//i32.jpg
2015/09/06 17:56:18 INFO> image name is c:/Users/TOSH/Documents/GitHub/Ftree-cpan/htdocs/pictures//i9.jpg
2015/09/06 17:56:18 INFO> image name is c:/Users/TOSH/Documents/GitHub/Ftree-cpan/htdocs/pictures//i35.jpg
2015/09/06 17:56:18 INFO> image name is c:/Users/TOSH/Documents/GitHub/Ftree-cpan/htdocs/pictures//i64.jpg
2015/09/06 17:56:18 INFO> image name is c:/Users/TOSH/Documents/GitHub/Ftree-cpan/htdocs/pictures//i21.jpg
2015/09/06 17:56:18 INFO> image name is c:/Users/TOSH/Documents/GitHub/Ftree-cpan/htdocs/pictures//i25.jpg
2015/09/06 17:56:18 INFO> image name is c:/Users/TOSH/Documents/GitHub/Ftree-cpan/htdocs/pictures//i65.jpg
2015/09/06 17:56:18 INFO> image name is c:/Users/TOSH/Documents/GitHub/Ftree-cpan/htdocs/pictures//i17.jpg
2015/09/06 17:56:18 INFO> image name is c:/Users/TOSH/Documents/GitHub/Ftree-cpan/htdocs/pictures//i58.jpg
2015/09/06 17:56:18 INFO> image name is c:/Users/TOSH/Documents/GitHub/Ftree-cpan/htdocs/pictures//i13.jpg
2015/09/06 17:56:18 INFO> image name is c:/Users/TOSH/Documents/GitHub/Ftree-cpan/htdocs/pictures//i52.jpg
2015/09/06 17:56:18 INFO> image name is c:/Users/TOSH/Documents/GitHub/Ftree-cpan/htdocs/pictures//i6.jpg
2015/09/06 17:56:18 INFO> image name is c:/Users/TOSH/Documents/GitHub/Ftree-cpan/htdocs/pictures//i0.jpg
2015/09/06 17:56:18 INFO> image name is c:/Users/TOSH/Documents/GitHub/Ftree-cpan/htdocs/pictures//i60.jpg
2015/09/06 17:56:18 INFO> image name is c:/Users/TOSH/Documents/GitHub/Ftree-cpan/htdocs/pictures//i20.jpg
2015/09/06 17:56:18 INFO> image name is c:/Users/TOSH/Documents/GitHub/Ftree-cpan/htdocs/pictures//i59.jpg
2015/09/06 17:56:18 INFO> image name is c:/Users/TOSH/Documents/GitHub/Ftree-cpan/htdocs/pictures//i63.jpg
2015/09/06 17:56:18 INFO> image name is c:/Users/TOSH/Documents/GitHub/Ftree-cpan/htdocs/pictures//i10.jpg
2015/09/06 17:56:18 INFO> image name is c:/Users/TOSH/Documents/GitHub/Ftree-cpan/htdocs/pictures//i28.jpg
2015/09/06 17:56:24 INFO> image name is c:/Users/TOSH/Documents/GitHub/Ftree-cpan/htdocs/pictures//i21.jpg
2015/09/06 17:56:24 INFO> image name is c:/Users/TOSH/Documents/GitHub/Ftree-cpan/htdocs/pictures//i61.jpg
2015/09/06 17:56:24 INFO> image name is c:/Users/TOSH/Documents/GitHub/Ftree-cpan/htdocs/pictures//i50.jpg
2015/09/06 17:56:24 INFO> image name is c:/Users/TOSH/Documents/GitHub/Ftree-cpan/htdocs/pictures//i64.jpg
2015/09/06 17:56:24 INFO> image name is c:/Users/TOSH/Documents/GitHub/Ftree-cpan/htdocs/pictures//i62.jpg
2015/09/06 17:56:24 INFO> image name is c:/Users/TOSH/Documents/GitHub/Ftree-cpan/htdocs/pictures//i3.jpg
2015/09/06 17:56:24 INFO> image name is c:/Users/TOSH/Documents/GitHub/Ftree-cpan/htdocs/pictures//i0.jpg
2015/09/06 17:56:24 INFO> image name is c:/Users/TOSH/Documents/GitHub/Ftree-cpan/htdocs/pictures//i29.jpg
2015/09/06 17:56:24 INFO> image name is c:/Users/TOSH/Documents/GitHub/Ftree-cpan/htdocs/pictures//i11.jpg
2015/09/06 17:56:24 INFO> image name is c:/Users/TOSH/Documents/GitHub/Ftree-cpan/htdocs/pictures//i13.jpg
2015/09/06 17:56:24 INFO> image name is c:/Users/TOSH/Documents/GitHub/Ftree-cpan/htdocs/pictures//i34.jpg
2015/09/06 17:56:24 INFO> image name is c:/Users/TOSH/Documents/GitHub/Ftree-cpan/htdocs/pictures//i4.jpg
2015/09/06 17:56:24 INFO> image name is c:/Users/TOSH/Documents/GitHub/Ftree-cpan/htdocs/pictures//i57.jpg
2015/09/06 17:56:24 INFO> image name is c:/Users/TOSH/Documents/GitHub/Ftree-cpan/htdocs/pictures//i28.jpg
2015/09/06 17:56:24 INFO> image name is c:/Users/TOSH/Documents/GitHub/Ftree-cpan/htdocs/pictures//i19.jpg
2015/09/06 17:56:24 INFO> image name is c:/Users/TOSH/Documents/GitHub/Ftree-cpan/htdocs/pictures//i25.jpg
2015/09/06 17:56:24 INFO> image name is c:/Users/TOSH/Documents/GitHub/Ftree-cpan/htdocs/pictures//i38.jpg
2015/09/06 17:56:24 INFO> image name is c:/Users/TOSH/Documents/GitHub/Ftree-cpan/htdocs/pictures//i17.jpg
2015/09/06 17:56:24 INFO> image name is c:/Users/TOSH/Documents/GitHub/Ftree-cpan/htdocs/pictures//i26.jpg
2015/09/06 17:56:24 INFO> image name is c:/Users/TOSH/Documents/GitHub/Ftree-cpan/htdocs/pictures//i39.jpg
2015/09/06 17:56:24 INFO> image name is c:/Users/TOSH/Documents/GitHub/Ftree-cpan/htdocs/pictures//i52.jpg
2015/09/06 17:56:24 INFO> image name is c:/Users/TOSH/Documents/GitHub/Ftree-cpan/htdocs/pictures//i32.jpg
2015/09/06 17:56:24 INFO> image name is c:/Users/TOSH/Documents/GitHub/Ftree-cpan/htdocs/pictures//i30.jpg
2015/09/06 17:56:24 INFO> image name is c:/Users/TOSH/Documents/GitHub/Ftree-cpan/htdocs/pictures//i51.jpg
2015/09/06 17:56:24 INFO> image name is c:/Users/TOSH/Documents/GitHub/Ftree-cpan/htdocs/pictures//i12.jpg
2015/09/06 17:56:24 INFO> image name is c:/Users/TOSH/Documents/GitHub/Ftree-cpan/htdocs/pictures//i6.jpg
2015/09/06 17:56:24 INFO> image name is c:/Users/TOSH/Documents/GitHub/Ftree-cpan/htdocs/pictures//i27.jpg
2015/09/06 17:56:24 INFO> image name is c:/Users/TOSH/Documents/GitHub/Ftree-cpan/htdocs/pictures//i35.jpg
2015/09/06 17:56:24 INFO> image name is c:/Users/TOSH/Documents/GitHub/Ftree-cpan/htdocs/pictures//i9.jpg
2015/09/06 17:56:24 INFO> image name is c:/Users/TOSH/Documents/GitHub/Ftree-cpan/htdocs/pictures//i59.jpg
2015/09/06 17:56:24 INFO> image name is c:/Users/TOSH/Documents/GitHub/Ftree-cpan/htdocs/pictures//i65.jpg
2015/09/06 17:56:24 INFO> image name is c:/Users/TOSH/Documents/GitHub/Ftree-cpan/htdocs/pictures//i15.jpg
2015/09/06 17:56:24 INFO> image name is c:/Users/TOSH/Documents/GitHub/Ftree-cpan/htdocs/pictures//i40.jpg
2015/09/06 17:56:24 INFO> image name is c:/Users/TOSH/Documents/GitHub/Ftree-cpan/htdocs/pictures//i63.jpg
2015/09/06 17:56:24 INFO> image name is c:/Users/TOSH/Documents/GitHub/Ftree-cpan/htdocs/pictures//i53.jpg
2015/09/06 17:56:24 INFO> image name is c:/Users/TOSH/Documents/GitHub/Ftree-cpan/htdocs/pictures//i23.jpg
2015/09/06 17:56:24 INFO> image name is c:/Users/TOSH/Documents/GitHub/Ftree-cpan/htdocs/pictures//i37.jpg
2015/09/06 17:56:24 INFO> image name is c:/Users/TOSH/Documents/GitHub/Ftree-cpan/htdocs/pictures//i56.jpg
2015/09/06 17:56:24 INFO> image name is c:/Users/TOSH/Documents/GitHub/Ftree-cpan/htdocs/pictures//i60.jpg
2015/09/06 17:56:24 INFO> image name is c:/Users/TOSH/Documents/GitHub/Ftree-cpan/htdocs/pictures//i10.jpg
2015/09/06 17:56:24 INFO> image name is c:/Users/TOSH/Documents/GitHub/Ftree-cpan/htdocs/pictures//i54.jpg
2015/09/06 17:56:24 INFO> image name is c:/Users/TOSH/Documents/GitHub/Ftree-cpan/htdocs/pictures//i58.jpg
2015/09/06 17:56:24 INFO> image name is c:/Users/TOSH/Documents/GitHub/Ftree-cpan/htdocs/pictures//i41.jpg
2015/09/06 17:56:24 INFO> image name is c:/Users/TOSH/Documents/GitHub/Ftree-cpan/htdocs/pictures//i14.jpg
2015/09/06 17:56:24 INFO> image name is c:/Users/TOSH/Documents/GitHub/Ftree-cpan/htdocs/pictures//i20.jpg
2015/09/06 17:56:25 INFO> image name is c:/Users/TOSH/Documents/GitHub/Ftree-cpan/htdocs/pictures//i15.jpg
2015/09/06 17:56:25 INFO> image name is c:/Users/TOSH/Documents/GitHub/Ftree-cpan/htdocs/pictures//i59.jpg
2015/09/06 17:56:25 INFO> image name is c:/Users/TOSH/Documents/GitHub/Ftree-cpan/htdocs/pictures//i17.jpg
2015/09/06 17:56:25 INFO> image name is c:/Users/TOSH/Documents/GitHub/Ftree-cpan/htdocs/pictures//i37.jpg
2015/09/06 17:56:25 INFO> image name is c:/Users/TOSH/Documents/GitHub/Ftree-cpan/htdocs/pictures//i28.jpg
2015/09/06 17:56:25 INFO> image name is c:/Users/TOSH/Documents/GitHub/Ftree-cpan/htdocs/pictures//i27.jpg
2015/09/06 17:56:25 INFO> image name is c:/Users/TOSH/Documents/GitHub/Ftree-cpan/htdocs/pictures//i40.jpg
2015/09/06 17:56:25 INFO> image name is c:/Users/TOSH/Documents/GitHub/Ftree-cpan/htdocs/pictures//i6.jpg
2015/09/06 17:56:25 INFO> image name is c:/Users/TOSH/Documents/GitHub/Ftree-cpan/htdocs/pictures//i21.jpg
2015/09/06 17:56:25 INFO> image name is c:/Users/TOSH/Documents/GitHub/Ftree-cpan/htdocs/pictures//i9.jpg
2015/09/06 17:56:25 INFO> image name is c:/Users/TOSH/Documents/GitHub/Ftree-cpan/htdocs/pictures//i12.jpg
2015/09/06 17:56:25 INFO> image name is c:/Users/TOSH/Documents/GitHub/Ftree-cpan/htdocs/pictures//i30.jpg
2015/09/06 17:56:25 INFO> image name is c:/Users/TOSH/Documents/GitHub/Ftree-cpan/htdocs/pictures//i61.jpg
2015/09/06 17:56:25 INFO> image name is c:/Users/TOSH/Documents/GitHub/Ftree-cpan/htdocs/pictures//i23.jpg
2015/09/06 17:56:25 INFO> image name is c:/Users/TOSH/Documents/GitHub/Ftree-cpan/htdocs/pictures//i63.jpg
2015/09/06 17:56:25 INFO> image name is c:/Users/TOSH/Documents/GitHub/Ftree-cpan/htdocs/pictures//i62.jpg
2015/09/06 17:56:25 INFO> image name is c:/Users/TOSH/Documents/GitHub/Ftree-cpan/htdocs/pictures//i65.jpg
2015/09/06 17:56:25 INFO> image name is c:/Users/TOSH/Documents/GitHub/Ftree-cpan/htdocs/pictures//i51.jpg
2015/09/06 17:56:25 INFO> image name is c:/Users/TOSH/Documents/GitHub/Ftree-cpan/htdocs/pictures//i10.jpg
2015/09/06 17:56:25 INFO> image name is c:/Users/TOSH/Documents/GitHub/Ftree-cpan/htdocs/pictures//i20.jpg
2015/09/06 17:56:25 INFO> image name is c:/Users/TOSH/Documents/GitHub/Ftree-cpan/htdocs/pictures//i60.jpg
2015/09/06 17:56:25 INFO> image name is c:/Users/TOSH/Documents/GitHub/Ftree-cpan/htdocs/pictures//i14.jpg
2015/09/06 17:56:25 INFO> image name is c:/Users/TOSH/Documents/GitHub/Ftree-cpan/htdocs/pictures//i4.jpg
2015/09/06 17:56:25 INFO> image name is c:/Users/TOSH/Documents/GitHub/Ftree-cpan/htdocs/pictures//i41.jpg
2015/09/06 17:56:25 INFO> image name is c:/Users/TOSH/Documents/GitHub/Ftree-cpan/htdocs/pictures//i19.jpg
2015/09/06 17:56:25 INFO> image name is c:/Users/TOSH/Documents/GitHub/Ftree-cpan/htdocs/pictures//i3.jpg
2015/09/06 17:56:25 INFO> image name is c:/Users/TOSH/Documents/GitHub/Ftree-cpan/htdocs/pictures//i38.jpg
2015/09/06 17:56:25 INFO> image name is c:/Users/TOSH/Documents/GitHub/Ftree-cpan/htdocs/pictures//i57.jpg
2015/09/06 17:56:25 INFO> image name is c:/Users/TOSH/Documents/GitHub/Ftree-cpan/htdocs/pictures//i25.jpg
2015/09/06 17:56:25 INFO> image name is c:/Users/TOSH/Documents/GitHub/Ftree-cpan/htdocs/pictures//i54.jpg
2015/09/06 17:56:25 INFO> image name is c:/Users/TOSH/Documents/GitHub/Ftree-cpan/htdocs/pictures//i26.jpg
2015/09/06 17:56:25 INFO> image name is c:/Users/TOSH/Documents/GitHub/Ftree-cpan/htdocs/pictures//i11.jpg
2015/09/06 17:56:25 INFO> image name is c:/Users/TOSH/Documents/GitHub/Ftree-cpan/htdocs/pictures//i52.jpg
2015/09/06 17:56:25 INFO> image name is c:/Users/TOSH/Documents/GitHub/Ftree-cpan/htdocs/pictures//i39.jpg
2015/09/06 17:56:25 INFO> image name is c:/Users/TOSH/Documents/GitHub/Ftree-cpan/htdocs/pictures//i35.jpg
2015/09/06 17:56:25 INFO> image name is c:/Users/TOSH/Documents/GitHub/Ftree-cpan/htdocs/pictures//i0.jpg
2015/09/06 17:56:25 INFO> image name is c:/Users/TOSH/Documents/GitHub/Ftree-cpan/htdocs/pictures//i56.jpg
2015/09/06 17:56:25 INFO> image name is c:/Users/TOSH/Documents/GitHub/Ftree-cpan/htdocs/pictures//i32.jpg
2015/09/06 17:56:25 INFO> image name is c:/Users/TOSH/Documents/GitHub/Ftree-cpan/htdocs/pictures//i64.jpg
2015/09/06 17:56:25 INFO> image name is c:/Users/TOSH/Documents/GitHub/Ftree-cpan/htdocs/pictures//i29.jpg
2015/09/06 17:56:25 INFO> image name is c:/Users/TOSH/Documents/GitHub/Ftree-cpan/htdocs/pictures//i34.jpg
2015/09/06 17:56:25 INFO> image name is c:/Users/TOSH/Documents/GitHub/Ftree-cpan/htdocs/pictures//i53.jpg
2015/09/06 17:56:25 INFO> image name is c:/Users/TOSH/Documents/GitHub/Ftree-cpan/htdocs/pictures//i13.jpg
2015/09/06 17:56:25 INFO> image name is c:/Users/TOSH/Documents/GitHub/Ftree-cpan/htdocs/pictures//i50.jpg
2015/09/06 17:56:25 INFO> image name is c:/Users/TOSH/Documents/GitHub/Ftree-cpan/htdocs/pictures//i58.jpg
2015/09/06 17:56:33 INFO> image name is c:/Users/TOSH/Documents/GitHub/Ftree-cpan/htdocs/pictures//i54.jpg
2015/09/06 17:56:33 INFO> image name is c:/Users/TOSH/Documents/GitHub/Ftree-cpan/htdocs/pictures//i11.jpg
2015/09/06 17:56:33 INFO> image name is c:/Users/TOSH/Documents/GitHub/Ftree-cpan/htdocs/pictures//i60.jpg
2015/09/06 17:56:33 INFO> image name is c:/Users/TOSH/Documents/GitHub/Ftree-cpan/htdocs/pictures//i40.jpg
2015/09/06 17:56:33 INFO> image name is c:/Users/TOSH/Documents/GitHub/Ftree-cpan/htdocs/pictures//i59.jpg
2015/09/06 17:56:33 INFO> image name is c:/Users/TOSH/Documents/GitHub/Ftree-cpan/htdocs/pictures//i0.jpg
2015/09/06 17:56:33 INFO> image name is c:/Users/TOSH/Documents/GitHub/Ftree-cpan/htdocs/pictures//i15.jpg
2015/09/06 17:56:33 INFO> image name is c:/Users/TOSH/Documents/GitHub/Ftree-cpan/htdocs/pictures//i63.jpg
2015/09/06 17:56:33 INFO> image name is c:/Users/TOSH/Documents/GitHub/Ftree-cpan/htdocs/pictures//i28.jpg
2015/09/06 17:56:33 INFO> image name is c:/Users/TOSH/Documents/GitHub/Ftree-cpan/htdocs/pictures//i32.jpg
2015/09/06 17:56:33 INFO> image name is c:/Users/TOSH/Documents/GitHub/Ftree-cpan/htdocs/pictures//i13.jpg
2015/09/06 17:56:33 INFO> image name is c:/Users/TOSH/Documents/GitHub/Ftree-cpan/htdocs/pictures//i64.jpg
2015/09/06 17:56:33 INFO> image name is c:/Users/TOSH/Documents/GitHub/Ftree-cpan/htdocs/pictures//i51.jpg
2015/09/06 17:56:33 INFO> image name is c:/Users/TOSH/Documents/GitHub/Ftree-cpan/htdocs/pictures//i20.jpg
2015/09/06 17:56:33 INFO> image name is c:/Users/TOSH/Documents/GitHub/Ftree-cpan/htdocs/pictures//i4.jpg
2015/09/06 17:56:33 INFO> image name is c:/Users/TOSH/Documents/GitHub/Ftree-cpan/htdocs/pictures//i65.jpg
2015/09/06 17:56:33 INFO> image name is c:/Users/TOSH/Documents/GitHub/Ftree-cpan/htdocs/pictures//i21.jpg
2015/09/06 17:56:33 INFO> image name is c:/Users/TOSH/Documents/GitHub/Ftree-cpan/htdocs/pictures//i27.jpg
2015/09/06 17:56:33 INFO> image name is c:/Users/TOSH/Documents/GitHub/Ftree-cpan/htdocs/pictures//i3.jpg
2015/09/06 17:56:33 INFO> image name is c:/Users/TOSH/Documents/GitHub/Ftree-cpan/htdocs/pictures//i34.jpg
2015/09/06 17:56:33 INFO> image name is c:/Users/TOSH/Documents/GitHub/Ftree-cpan/htdocs/pictures//i62.jpg
2015/09/06 17:56:33 INFO> image name is c:/Users/TOSH/Documents/GitHub/Ftree-cpan/htdocs/pictures//i57.jpg
2015/09/06 17:56:33 INFO> image name is c:/Users/TOSH/Documents/GitHub/Ftree-cpan/htdocs/pictures//i56.jpg
2015/09/06 17:56:33 INFO> image name is c:/Users/TOSH/Documents/GitHub/Ftree-cpan/htdocs/pictures//i25.jpg
2015/09/06 17:56:33 INFO> image name is c:/Users/TOSH/Documents/GitHub/Ftree-cpan/htdocs/pictures//i14.jpg
2015/09/06 17:56:33 INFO> image name is c:/Users/TOSH/Documents/GitHub/Ftree-cpan/htdocs/pictures//i6.jpg
2015/09/06 17:56:33 INFO> image name is c:/Users/TOSH/Documents/GitHub/Ftree-cpan/htdocs/pictures//i12.jpg
2015/09/06 17:56:33 INFO> image name is c:/Users/TOSH/Documents/GitHub/Ftree-cpan/htdocs/pictures//i17.jpg
2015/09/06 17:56:33 INFO> image name is c:/Users/TOSH/Documents/GitHub/Ftree-cpan/htdocs/pictures//i23.jpg
2015/09/06 17:56:33 INFO> image name is c:/Users/TOSH/Documents/GitHub/Ftree-cpan/htdocs/pictures//i50.jpg
2015/09/06 17:56:33 INFO> image name is c:/Users/TOSH/Documents/GitHub/Ftree-cpan/htdocs/pictures//i10.jpg
2015/09/06 17:56:33 INFO> image name is c:/Users/TOSH/Documents/GitHub/Ftree-cpan/htdocs/pictures//i38.jpg
2015/09/06 17:56:33 INFO> image name is c:/Users/TOSH/Documents/GitHub/Ftree-cpan/htdocs/pictures//i19.jpg
2015/09/06 17:56:33 INFO> image name is c:/Users/TOSH/Documents/GitHub/Ftree-cpan/htdocs/pictures//i41.jpg
2015/09/06 17:56:33 INFO> image name is c:/Users/TOSH/Documents/GitHub/Ftree-cpan/htdocs/pictures//i52.jpg
2015/09/06 17:56:33 INFO> image name is c:/Users/TOSH/Documents/GitHub/Ftree-cpan/htdocs/pictures//i61.jpg
2015/09/06 17:56:33 INFO> image name is c:/Users/TOSH/Documents/GitHub/Ftree-cpan/htdocs/pictures//i29.jpg
2015/09/06 17:56:33 INFO> image name is c:/Users/TOSH/Documents/GitHub/Ftree-cpan/htdocs/pictures//i9.jpg
2015/09/06 17:56:33 INFO> image name is c:/Users/TOSH/Documents/GitHub/Ftree-cpan/htdocs/pictures//i58.jpg
2015/09/06 17:56:33 INFO> image name is c:/Users/TOSH/Documents/GitHub/Ftree-cpan/htdocs/pictures//i35.jpg
2015/09/06 17:56:33 INFO> image name is c:/Users/TOSH/Documents/GitHub/Ftree-cpan/htdocs/pictures//i39.jpg
2015/09/06 17:56:33 INFO> image name is c:/Users/TOSH/Documents/GitHub/Ftree-cpan/htdocs/pictures//i53.jpg
2015/09/06 17:56:33 INFO> image name is c:/Users/TOSH/Documents/GitHub/Ftree-cpan/htdocs/pictures//i30.jpg
2015/09/06 17:56:33 INFO> image name is c:/Users/TOSH/Documents/GitHub/Ftree-cpan/htdocs/pictures//i37.jpg
2015/09/06 17:56:33 INFO> image name is c:/Users/TOSH/Documents/GitHub/Ftree-cpan/htdocs/pictures//i26.jpg
2015/09/06 17:56:38 INFO> image name is c:/Users/TOSH/Documents/GitHub/Ftree-cpan/htdocs/pictures//i62.jpg
2015/09/06 17:56:38 INFO> image name is c:/Users/TOSH/Documents/GitHub/Ftree-cpan/htdocs/pictures//i64.jpg
2015/09/06 17:56:38 INFO> image name is c:/Users/TOSH/Documents/GitHub/Ftree-cpan/htdocs/pictures//i19.jpg
2015/09/06 17:56:38 INFO> image name is c:/Users/TOSH/Documents/GitHub/Ftree-cpan/htdocs/pictures//i26.jpg
2015/09/06 17:56:38 INFO> image name is c:/Users/TOSH/Documents/GitHub/Ftree-cpan/htdocs/pictures//i17.jpg
2015/09/06 17:56:38 INFO> image name is c:/Users/TOSH/Documents/GitHub/Ftree-cpan/htdocs/pictures//i56.jpg
2015/09/06 17:56:38 INFO> image name is c:/Users/TOSH/Documents/GitHub/Ftree-cpan/htdocs/pictures//i32.jpg
2015/09/06 17:56:38 INFO> image name is c:/Users/TOSH/Documents/GitHub/Ftree-cpan/htdocs/pictures//i3.jpg
2015/09/06 17:56:38 INFO> image name is c:/Users/TOSH/Documents/GitHub/Ftree-cpan/htdocs/pictures//i41.jpg
2015/09/06 17:56:38 INFO> image name is c:/Users/TOSH/Documents/GitHub/Ftree-cpan/htdocs/pictures//i59.jpg
2015/09/06 17:56:38 INFO> image name is c:/Users/TOSH/Documents/GitHub/Ftree-cpan/htdocs/pictures//i13.jpg
2015/09/06 17:56:38 INFO> image name is c:/Users/TOSH/Documents/GitHub/Ftree-cpan/htdocs/pictures//i12.jpg
2015/09/06 17:56:38 INFO> image name is c:/Users/TOSH/Documents/GitHub/Ftree-cpan/htdocs/pictures//i0.jpg
2015/09/06 17:56:38 INFO> image name is c:/Users/TOSH/Documents/GitHub/Ftree-cpan/htdocs/pictures//i37.jpg
2015/09/06 17:56:38 INFO> image name is c:/Users/TOSH/Documents/GitHub/Ftree-cpan/htdocs/pictures//i60.jpg
2015/09/06 17:56:38 INFO> image name is c:/Users/TOSH/Documents/GitHub/Ftree-cpan/htdocs/pictures//i29.jpg
2015/09/06 17:56:38 INFO> image name is c:/Users/TOSH/Documents/GitHub/Ftree-cpan/htdocs/pictures//i40.jpg
2015/09/06 17:56:38 INFO> image name is c:/Users/TOSH/Documents/GitHub/Ftree-cpan/htdocs/pictures//i23.jpg
2015/09/06 17:56:38 INFO> image name is c:/Users/TOSH/Documents/GitHub/Ftree-cpan/htdocs/pictures//i52.jpg
2015/09/06 17:56:38 INFO> image name is c:/Users/TOSH/Documents/GitHub/Ftree-cpan/htdocs/pictures//i21.jpg
2015/09/06 17:56:38 INFO> image name is c:/Users/TOSH/Documents/GitHub/Ftree-cpan/htdocs/pictures//i4.jpg
2015/09/06 17:56:38 INFO> image name is c:/Users/TOSH/Documents/GitHub/Ftree-cpan/htdocs/pictures//i38.jpg
2015/09/06 17:56:38 INFO> image name is c:/Users/TOSH/Documents/GitHub/Ftree-cpan/htdocs/pictures//i20.jpg
2015/09/06 17:56:38 INFO> image name is c:/Users/TOSH/Documents/GitHub/Ftree-cpan/htdocs/pictures//i54.jpg
2015/09/06 17:56:38 INFO> image name is c:/Users/TOSH/Documents/GitHub/Ftree-cpan/htdocs/pictures//i9.jpg
2015/09/06 17:56:38 INFO> image name is c:/Users/TOSH/Documents/GitHub/Ftree-cpan/htdocs/pictures//i34.jpg
2015/09/06 17:56:38 INFO> image name is c:/Users/TOSH/Documents/GitHub/Ftree-cpan/htdocs/pictures//i28.jpg
2015/09/06 17:56:38 INFO> image name is c:/Users/TOSH/Documents/GitHub/Ftree-cpan/htdocs/pictures//i39.jpg
2015/09/06 17:56:38 INFO> image name is c:/Users/TOSH/Documents/GitHub/Ftree-cpan/htdocs/pictures//i27.jpg
2015/09/06 17:56:38 INFO> image name is c:/Users/TOSH/Documents/GitHub/Ftree-cpan/htdocs/pictures//i14.jpg
2015/09/06 17:56:38 INFO> image name is c:/Users/TOSH/Documents/GitHub/Ftree-cpan/htdocs/pictures//i25.jpg
2015/09/06 17:56:38 INFO> image name is c:/Users/TOSH/Documents/GitHub/Ftree-cpan/htdocs/pictures//i53.jpg
2015/09/06 17:56:38 INFO> image name is c:/Users/TOSH/Documents/GitHub/Ftree-cpan/htdocs/pictures//i51.jpg
2015/09/06 17:56:38 INFO> image name is c:/Users/TOSH/Documents/GitHub/Ftree-cpan/htdocs/pictures//i63.jpg
2015/09/06 17:56:38 INFO> image name is c:/Users/TOSH/Documents/GitHub/Ftree-cpan/htdocs/pictures//i15.jpg
2015/09/06 17:56:38 INFO> image name is c:/Users/TOSH/Documents/GitHub/Ftree-cpan/htdocs/pictures//i58.jpg
2015/09/06 17:56:38 INFO> image name is c:/Users/TOSH/Documents/GitHub/Ftree-cpan/htdocs/pictures//i30.jpg
2015/09/06 17:56:38 INFO> image name is c:/Users/TOSH/Documents/GitHub/Ftree-cpan/htdocs/pictures//i10.jpg
2015/09/06 17:56:38 INFO> image name is c:/Users/TOSH/Documents/GitHub/Ftree-cpan/htdocs/pictures//i57.jpg
2015/09/06 17:56:38 INFO> image name is c:/Users/TOSH/Documents/GitHub/Ftree-cpan/htdocs/pictures//i11.jpg
2015/09/06 17:56:38 INFO> image name is c:/Users/TOSH/Documents/GitHub/Ftree-cpan/htdocs/pictures//i50.jpg
2015/09/06 17:56:38 INFO> image name is c:/Users/TOSH/Documents/GitHub/Ftree-cpan/htdocs/pictures//i65.jpg
2015/09/06 17:56:38 INFO> image name is c:/Users/TOSH/Documents/GitHub/Ftree-cpan/htdocs/pictures//i61.jpg
2015/09/06 17:56:38 INFO> image name is c:/Users/TOSH/Documents/GitHub/Ftree-cpan/htdocs/pictures//i6.jpg
2015/09/06 17:56:38 INFO> image name is c:/Users/TOSH/Documents/GitHub/Ftree-cpan/htdocs/pictures//i35.jpg
2015/09/06 17:56:42 INFO> image name is c:/Users/TOSH/Documents/GitHub/Ftree-cpan/htdocs/pictures//i60.jpg
2015/09/06 17:56:42 INFO> image name is c:/Users/TOSH/Documents/GitHub/Ftree-cpan/htdocs/pictures//i56.jpg
2015/09/06 17:56:42 INFO> image name is c:/Users/TOSH/Documents/GitHub/Ftree-cpan/htdocs/pictures//i6.jpg
2015/09/06 17:56:42 INFO> image name is c:/Users/TOSH/Documents/GitHub/Ftree-cpan/htdocs/pictures//i29.jpg
2015/09/06 17:56:42 INFO> image name is c:/Users/TOSH/Documents/GitHub/Ftree-cpan/htdocs/pictures//i9.jpg
2015/09/06 17:56:42 INFO> image name is c:/Users/TOSH/Documents/GitHub/Ftree-cpan/htdocs/pictures//i58.jpg
2015/09/06 17:56:42 INFO> image name is c:/Users/TOSH/Documents/GitHub/Ftree-cpan/htdocs/pictures//i3.jpg
2015/09/06 17:56:42 INFO> image name is c:/Users/TOSH/Documents/GitHub/Ftree-cpan/htdocs/pictures//i38.jpg
2015/09/06 17:56:42 INFO> image name is c:/Users/TOSH/Documents/GitHub/Ftree-cpan/htdocs/pictures//i20.jpg
2015/09/06 17:56:42 INFO> image name is c:/Users/TOSH/Documents/GitHub/Ftree-cpan/htdocs/pictures//i26.jpg
2015/09/06 17:56:43 INFO> image name is c:/Users/TOSH/Documents/GitHub/Ftree-cpan/htdocs/pictures//i12.jpg
2015/09/06 17:56:43 INFO> image name is c:/Users/TOSH/Documents/GitHub/Ftree-cpan/htdocs/pictures//i23.jpg
2015/09/06 17:56:43 INFO> image name is c:/Users/TOSH/Documents/GitHub/Ftree-cpan/htdocs/pictures//i17.jpg
2015/09/06 17:56:43 INFO> image name is c:/Users/TOSH/Documents/GitHub/Ftree-cpan/htdocs/pictures//i30.jpg
2015/09/06 17:56:43 INFO> image name is c:/Users/TOSH/Documents/GitHub/Ftree-cpan/htdocs/pictures//i15.jpg
2015/09/06 17:56:43 INFO> image name is c:/Users/TOSH/Documents/GitHub/Ftree-cpan/htdocs/pictures//i0.jpg
2015/09/06 17:56:43 INFO> image name is c:/Users/TOSH/Documents/GitHub/Ftree-cpan/htdocs/pictures//i50.jpg
2015/09/06 17:56:43 INFO> image name is c:/Users/TOSH/Documents/GitHub/Ftree-cpan/htdocs/pictures//i63.jpg
2015/09/06 17:56:43 INFO> image name is c:/Users/TOSH/Documents/GitHub/Ftree-cpan/htdocs/pictures//i27.jpg
2015/09/06 17:56:43 INFO> image name is c:/Users/TOSH/Documents/GitHub/Ftree-cpan/htdocs/pictures//i54.jpg
2015/09/06 17:56:43 INFO> image name is c:/Users/TOSH/Documents/GitHub/Ftree-cpan/htdocs/pictures//i62.jpg
2015/09/06 17:56:43 INFO> image name is c:/Users/TOSH/Documents/GitHub/Ftree-cpan/htdocs/pictures//i53.jpg
2015/09/06 17:56:43 INFO> image name is c:/Users/TOSH/Documents/GitHub/Ftree-cpan/htdocs/pictures//i19.jpg
2015/09/06 17:56:43 INFO> image name is c:/Users/TOSH/Documents/GitHub/Ftree-cpan/htdocs/pictures//i35.jpg
2015/09/06 17:56:43 INFO> image name is c:/Users/TOSH/Documents/GitHub/Ftree-cpan/htdocs/pictures//i37.jpg
2015/09/06 17:56:43 INFO> image name is c:/Users/TOSH/Documents/GitHub/Ftree-cpan/htdocs/pictures//i21.jpg
2015/09/06 17:56:43 INFO> image name is c:/Users/TOSH/Documents/GitHub/Ftree-cpan/htdocs/pictures//i25.jpg
2015/09/06 17:56:43 INFO> image name is c:/Users/TOSH/Documents/GitHub/Ftree-cpan/htdocs/pictures//i51.jpg
2015/09/06 17:56:43 INFO> image name is c:/Users/TOSH/Documents/GitHub/Ftree-cpan/htdocs/pictures//i40.jpg
2015/09/06 17:56:43 INFO> image name is c:/Users/TOSH/Documents/GitHub/Ftree-cpan/htdocs/pictures//i13.jpg
2015/09/06 17:56:43 INFO> image name is c:/Users/TOSH/Documents/GitHub/Ftree-cpan/htdocs/pictures//i11.jpg
2015/09/06 17:56:43 INFO> image name is c:/Users/TOSH/Documents/GitHub/Ftree-cpan/htdocs/pictures//i10.jpg
2015/09/06 17:56:43 INFO> image name is c:/Users/TOSH/Documents/GitHub/Ftree-cpan/htdocs/pictures//i39.jpg
2015/09/06 17:56:43 INFO> image name is c:/Users/TOSH/Documents/GitHub/Ftree-cpan/htdocs/pictures//i65.jpg
2015/09/06 17:56:43 INFO> image name is c:/Users/TOSH/Documents/GitHub/Ftree-cpan/htdocs/pictures//i57.jpg
2015/09/06 17:56:43 INFO> image name is c:/Users/TOSH/Documents/GitHub/Ftree-cpan/htdocs/pictures//i34.jpg
2015/09/06 17:56:43 INFO> image name is c:/Users/TOSH/Documents/GitHub/Ftree-cpan/htdocs/pictures//i61.jpg
2015/09/06 17:56:43 INFO> image name is c:/Users/TOSH/Documents/GitHub/Ftree-cpan/htdocs/pictures//i14.jpg
2015/09/06 17:56:43 INFO> image name is c:/Users/TOSH/Documents/GitHub/Ftree-cpan/htdocs/pictures//i41.jpg
2015/09/06 17:56:43 INFO> image name is c:/Users/TOSH/Documents/GitHub/Ftree-cpan/htdocs/pictures//i52.jpg
2015/09/06 17:56:43 INFO> image name is c:/Users/TOSH/Documents/GitHub/Ftree-cpan/htdocs/pictures//i4.jpg
2015/09/06 17:56:43 INFO> image name is c:/Users/TOSH/Documents/GitHub/Ftree-cpan/htdocs/pictures//i32.jpg
2015/09/06 17:56:43 INFO> image name is c:/Users/TOSH/Documents/GitHub/Ftree-cpan/htdocs/pictures//i28.jpg
2015/09/06 17:56:43 INFO> image name is c:/Users/TOSH/Documents/GitHub/Ftree-cpan/htdocs/pictures//i59.jpg
2015/09/06 17:56:43 INFO> image name is c:/Users/TOSH/Documents/GitHub/Ftree-cpan/htdocs/pictures//i64.jpg
2015/09/06 17:56:46 INFO> image name is c:/Users/TOSH/Documents/GitHub/Ftree-cpan/htdocs/pictures//i34.jpg
2015/09/06 17:56:46 INFO> image name is c:/Users/TOSH/Documents/GitHub/Ftree-cpan/htdocs/pictures//i20.jpg
2015/09/06 17:56:46 INFO> image name is c:/Users/TOSH/Documents/GitHub/Ftree-cpan/htdocs/pictures//i6.jpg
2015/09/06 17:56:46 INFO> image name is c:/Users/TOSH/Documents/GitHub/Ftree-cpan/htdocs/pictures//i21.jpg
2015/09/06 17:56:46 INFO> image name is c:/Users/TOSH/Documents/GitHub/Ftree-cpan/htdocs/pictures//i37.jpg
2015/09/06 17:56:46 INFO> image name is c:/Users/TOSH/Documents/GitHub/Ftree-cpan/htdocs/pictures//i39.jpg
2015/09/06 17:56:46 INFO> image name is c:/Users/TOSH/Documents/GitHub/Ftree-cpan/htdocs/pictures//i0.jpg
2015/09/06 17:56:46 INFO> image name is c:/Users/TOSH/Documents/GitHub/Ftree-cpan/htdocs/pictures//i28.jpg
2015/09/06 17:56:46 INFO> image name is c:/Users/TOSH/Documents/GitHub/Ftree-cpan/htdocs/pictures//i54.jpg
2015/09/06 17:56:46 INFO> image name is c:/Users/TOSH/Documents/GitHub/Ftree-cpan/htdocs/pictures//i57.jpg
2015/09/06 17:56:46 INFO> image name is c:/Users/TOSH/Documents/GitHub/Ftree-cpan/htdocs/pictures//i56.jpg
2015/09/06 17:56:46 INFO> image name is c:/Users/TOSH/Documents/GitHub/Ftree-cpan/htdocs/pictures//i14.jpg
2015/09/06 17:56:46 INFO> image name is c:/Users/TOSH/Documents/GitHub/Ftree-cpan/htdocs/pictures//i15.jpg
2015/09/06 17:56:46 INFO> image name is c:/Users/TOSH/Documents/GitHub/Ftree-cpan/htdocs/pictures//i53.jpg
2015/09/06 17:56:46 INFO> image name is c:/Users/TOSH/Documents/GitHub/Ftree-cpan/htdocs/pictures//i27.jpg
2015/09/06 17:56:46 INFO> image name is c:/Users/TOSH/Documents/GitHub/Ftree-cpan/htdocs/pictures//i26.jpg
2015/09/06 17:56:46 INFO> image name is c:/Users/TOSH/Documents/GitHub/Ftree-cpan/htdocs/pictures//i11.jpg
2015/09/06 17:56:46 INFO> image name is c:/Users/TOSH/Documents/GitHub/Ftree-cpan/htdocs/pictures//i9.jpg
2015/09/06 17:56:46 INFO> image name is c:/Users/TOSH/Documents/GitHub/Ftree-cpan/htdocs/pictures//i52.jpg
2015/09/06 17:56:46 INFO> image name is c:/Users/TOSH/Documents/GitHub/Ftree-cpan/htdocs/pictures//i40.jpg
2015/09/06 17:56:46 INFO> image name is c:/Users/TOSH/Documents/GitHub/Ftree-cpan/htdocs/pictures//i62.jpg
2015/09/06 17:56:46 INFO> image name is c:/Users/TOSH/Documents/GitHub/Ftree-cpan/htdocs/pictures//i65.jpg
2015/09/06 17:56:46 INFO> image name is c:/Users/TOSH/Documents/GitHub/Ftree-cpan/htdocs/pictures//i58.jpg
2015/09/06 17:56:46 INFO> image name is c:/Users/TOSH/Documents/GitHub/Ftree-cpan/htdocs/pictures//i50.jpg
2015/09/06 17:56:46 INFO> image name is c:/Users/TOSH/Documents/GitHub/Ftree-cpan/htdocs/pictures//i30.jpg
2015/09/06 17:56:46 INFO> image name is c:/Users/TOSH/Documents/GitHub/Ftree-cpan/htdocs/pictures//i13.jpg
2015/09/06 17:56:46 INFO> image name is c:/Users/TOSH/Documents/GitHub/Ftree-cpan/htdocs/pictures//i3.jpg
2015/09/06 17:56:46 INFO> image name is c:/Users/TOSH/Documents/GitHub/Ftree-cpan/htdocs/pictures//i51.jpg
2015/09/06 17:56:46 INFO> image name is c:/Users/TOSH/Documents/GitHub/Ftree-cpan/htdocs/pictures//i23.jpg
2015/09/06 17:56:46 INFO> image name is c:/Users/TOSH/Documents/GitHub/Ftree-cpan/htdocs/pictures//i10.jpg
2015/09/06 17:56:46 INFO> image name is c:/Users/TOSH/Documents/GitHub/Ftree-cpan/htdocs/pictures//i25.jpg
2015/09/06 17:56:46 INFO> image name is c:/Users/TOSH/Documents/GitHub/Ftree-cpan/htdocs/pictures//i63.jpg
2015/09/06 17:56:46 INFO> image name is c:/Users/TOSH/Documents/GitHub/Ftree-cpan/htdocs/pictures//i17.jpg
2015/09/06 17:56:46 INFO> image name is c:/Users/TOSH/Documents/GitHub/Ftree-cpan/htdocs/pictures//i35.jpg
2015/09/06 17:56:46 INFO> image name is c:/Users/TOSH/Documents/GitHub/Ftree-cpan/htdocs/pictures//i59.jpg
2015/09/06 17:56:46 INFO> image name is c:/Users/TOSH/Documents/GitHub/Ftree-cpan/htdocs/pictures//i64.jpg
2015/09/06 17:56:46 INFO> image name is c:/Users/TOSH/Documents/GitHub/Ftree-cpan/htdocs/pictures//i4.jpg
2015/09/06 17:56:46 INFO> image name is c:/Users/TOSH/Documents/GitHub/Ftree-cpan/htdocs/pictures//i38.jpg
2015/09/06 17:56:46 INFO> image name is c:/Users/TOSH/Documents/GitHub/Ftree-cpan/htdocs/pictures//i19.jpg
2015/09/06 17:56:46 INFO> image name is c:/Users/TOSH/Documents/GitHub/Ftree-cpan/htdocs/pictures//i12.jpg
2015/09/06 17:56:46 INFO> image name is c:/Users/TOSH/Documents/GitHub/Ftree-cpan/htdocs/pictures//i41.jpg
2015/09/06 17:56:46 INFO> image name is c:/Users/TOSH/Documents/GitHub/Ftree-cpan/htdocs/pictures//i32.jpg
2015/09/06 17:56:46 INFO> image name is c:/Users/TOSH/Documents/GitHub/Ftree-cpan/htdocs/pictures//i29.jpg
2015/09/06 17:56:47 INFO> image name is c:/Users/TOSH/Documents/GitHub/Ftree-cpan/htdocs/pictures//i60.jpg
2015/09/06 17:56:47 INFO> image name is c:/Users/TOSH/Documents/GitHub/Ftree-cpan/htdocs/pictures//i61.jpg
2015/09/06 17:57:07 INFO> image name is c:/Users/TOSH/Documents/GitHub/Ftree-cpan/htdocs/pictures//i20.jpg
2015/09/06 17:57:07 INFO> image name is c:/Users/TOSH/Documents/GitHub/Ftree-cpan/htdocs/pictures//i10.jpg
2015/09/06 17:57:07 INFO> image name is c:/Users/TOSH/Documents/GitHub/Ftree-cpan/htdocs/pictures//i19.jpg
2015/09/06 17:57:07 INFO> image name is c:/Users/TOSH/Documents/GitHub/Ftree-cpan/htdocs/pictures//i62.jpg
2015/09/06 17:57:07 INFO> image name is c:/Users/TOSH/Documents/GitHub/Ftree-cpan/htdocs/pictures//i17.jpg
2015/09/06 17:57:07 INFO> image name is c:/Users/TOSH/Documents/GitHub/Ftree-cpan/htdocs/pictures//i4.jpg
2015/09/06 17:57:07 INFO> image name is c:/Users/TOSH/Documents/GitHub/Ftree-cpan/htdocs/pictures//i13.jpg
2015/09/06 17:57:07 INFO> image name is c:/Users/TOSH/Documents/GitHub/Ftree-cpan/htdocs/pictures//i41.jpg
2015/09/06 17:57:07 INFO> image name is c:/Users/TOSH/Documents/GitHub/Ftree-cpan/htdocs/pictures//i52.jpg
2015/09/06 17:57:07 INFO> image name is c:/Users/TOSH/Documents/GitHub/Ftree-cpan/htdocs/pictures//i29.jpg
2015/09/06 17:57:07 INFO> image name is c:/Users/TOSH/Documents/GitHub/Ftree-cpan/htdocs/pictures//i61.jpg
2015/09/06 17:57:07 INFO> image name is c:/Users/TOSH/Documents/GitHub/Ftree-cpan/htdocs/pictures//i30.jpg
2015/09/06 17:57:07 INFO> image name is c:/Users/TOSH/Documents/GitHub/Ftree-cpan/htdocs/pictures//i54.jpg
2015/09/06 17:57:07 INFO> image name is c:/Users/TOSH/Documents/GitHub/Ftree-cpan/htdocs/pictures//i14.jpg
2015/09/06 17:57:07 INFO> image name is c:/Users/TOSH/Documents/GitHub/Ftree-cpan/htdocs/pictures//i26.jpg
2015/09/06 17:57:07 INFO> image name is c:/Users/TOSH/Documents/GitHub/Ftree-cpan/htdocs/pictures//i35.jpg
2015/09/06 17:57:07 INFO> image name is c:/Users/TOSH/Documents/GitHub/Ftree-cpan/htdocs/pictures//i23.jpg
2015/09/06 17:57:07 INFO> image name is c:/Users/TOSH/Documents/GitHub/Ftree-cpan/htdocs/pictures//i56.jpg
2015/09/06 17:57:07 INFO> image name is c:/Users/TOSH/Documents/GitHub/Ftree-cpan/htdocs/pictures//i3.jpg
2015/09/06 17:57:07 INFO> image name is c:/Users/TOSH/Documents/GitHub/Ftree-cpan/htdocs/pictures//i34.jpg
2015/09/06 17:57:07 INFO> image name is c:/Users/TOSH/Documents/GitHub/Ftree-cpan/htdocs/pictures//i57.jpg
2015/09/06 17:57:07 INFO> image name is c:/Users/TOSH/Documents/GitHub/Ftree-cpan/htdocs/pictures//i64.jpg
2015/09/06 17:57:07 INFO> image name is c:/Users/TOSH/Documents/GitHub/Ftree-cpan/htdocs/pictures//i60.jpg
2015/09/06 17:57:07 INFO> image name is c:/Users/TOSH/Documents/GitHub/Ftree-cpan/htdocs/pictures//i9.jpg
2015/09/06 17:57:07 INFO> image name is c:/Users/TOSH/Documents/GitHub/Ftree-cpan/htdocs/pictures//i40.jpg
2015/09/06 17:57:07 INFO> image name is c:/Users/TOSH/Documents/GitHub/Ftree-cpan/htdocs/pictures//i50.jpg
2015/09/06 17:57:07 INFO> image name is c:/Users/TOSH/Documents/GitHub/Ftree-cpan/htdocs/pictures//i0.jpg
2015/09/06 17:57:07 INFO> image name is c:/Users/TOSH/Documents/GitHub/Ftree-cpan/htdocs/pictures//i53.jpg
2015/09/06 17:57:07 INFO> image name is c:/Users/TOSH/Documents/GitHub/Ftree-cpan/htdocs/pictures//i11.jpg
2015/09/06 17:57:07 INFO> image name is c:/Users/TOSH/Documents/GitHub/Ftree-cpan/htdocs/pictures//i63.jpg
2015/09/06 17:57:07 INFO> image name is c:/Users/TOSH/Documents/GitHub/Ftree-cpan/htdocs/pictures//i6.jpg
2015/09/06 17:57:07 INFO> image name is c:/Users/TOSH/Documents/GitHub/Ftree-cpan/htdocs/pictures//i37.jpg
2015/09/06 17:57:07 INFO> image name is c:/Users/TOSH/Documents/GitHub/Ftree-cpan/htdocs/pictures//i59.jpg
2015/09/06 17:57:07 INFO> image name is c:/Users/TOSH/Documents/GitHub/Ftree-cpan/htdocs/pictures//i21.jpg
2015/09/06 17:57:07 INFO> image name is c:/Users/TOSH/Documents/GitHub/Ftree-cpan/htdocs/pictures//i27.jpg
2015/09/06 17:57:07 INFO> image name is c:/Users/TOSH/Documents/GitHub/Ftree-cpan/htdocs/pictures//i51.jpg
2015/09/06 17:57:07 INFO> image name is c:/Users/TOSH/Documents/GitHub/Ftree-cpan/htdocs/pictures//i65.jpg
2015/09/06 17:57:08 INFO> image name is c:/Users/TOSH/Documents/GitHub/Ftree-cpan/htdocs/pictures//i15.jpg
2015/09/06 17:57:08 INFO> image name is c:/Users/TOSH/Documents/GitHub/Ftree-cpan/htdocs/pictures//i38.jpg
2015/09/06 17:57:08 INFO> image name is c:/Users/TOSH/Documents/GitHub/Ftree-cpan/htdocs/pictures//i32.jpg
2015/09/06 17:57:08 INFO> image name is c:/Users/TOSH/Documents/GitHub/Ftree-cpan/htdocs/pictures//i25.jpg
2015/09/06 17:57:08 INFO> image name is c:/Users/TOSH/Documents/GitHub/Ftree-cpan/htdocs/pictures//i58.jpg
2015/09/06 17:57:08 INFO> image name is c:/Users/TOSH/Documents/GitHub/Ftree-cpan/htdocs/pictures//i39.jpg
2015/09/06 17:57:08 INFO> image name is c:/Users/TOSH/Documents/GitHub/Ftree-cpan/htdocs/pictures//i28.jpg
2015/09/06 17:57:08 INFO> image name is c:/Users/TOSH/Documents/GitHub/Ftree-cpan/htdocs/pictures//i12.jpg
2015/09/06 18:11:23 INFO> image name is c:/Users/TOSH/Documents/GitHub/Ftree-cpan/htdocs/pictures//i63.jpg
2015/09/06 18:11:23 INFO> image name is c:/Users/TOSH/Documents/GitHub/Ftree-cpan/htdocs/pictures//i4.jpg
2015/09/06 18:11:23 INFO> image name is c:/Users/TOSH/Documents/GitHub/Ftree-cpan/htdocs/pictures//i10.jpg
2015/09/06 18:11:23 INFO> image name is c:/Users/TOSH/Documents/GitHub/Ftree-cpan/htdocs/pictures//i0.jpg
2015/09/06 18:11:23 INFO> image name is c:/Users/TOSH/Documents/GitHub/Ftree-cpan/htdocs/pictures//i32.jpg
2015/09/06 18:11:23 INFO> image name is c:/Users/TOSH/Documents/GitHub/Ftree-cpan/htdocs/pictures//i52.jpg
2015/09/06 18:11:23 INFO> image name is c:/Users/TOSH/Documents/GitHub/Ftree-cpan/htdocs/pictures//i11.jpg
2015/09/06 18:11:23 INFO> image name is c:/Users/TOSH/Documents/GitHub/Ftree-cpan/htdocs/pictures//i14.jpg
2015/09/06 18:11:23 INFO> image name is c:/Users/TOSH/Documents/GitHub/Ftree-cpan/htdocs/pictures//i58.jpg
2015/09/06 18:11:23 INFO> image name is c:/Users/TOSH/Documents/GitHub/Ftree-cpan/htdocs/pictures//i26.jpg
2015/09/06 18:11:23 INFO> image name is c:/Users/TOSH/Documents/GitHub/Ftree-cpan/htdocs/pictures//i64.jpg
2015/09/06 18:11:23 INFO> image name is c:/Users/TOSH/Documents/GitHub/Ftree-cpan/htdocs/pictures//i56.jpg
2015/09/06 18:11:23 INFO> image name is c:/Users/TOSH/Documents/GitHub/Ftree-cpan/htdocs/pictures//i51.jpg
2015/09/06 18:11:23 INFO> image name is c:/Users/TOSH/Documents/GitHub/Ftree-cpan/htdocs/pictures//i20.jpg
2015/09/06 18:11:23 INFO> image name is c:/Users/TOSH/Documents/GitHub/Ftree-cpan/htdocs/pictures//i39.jpg
2015/09/06 18:11:23 INFO> image name is c:/Users/TOSH/Documents/GitHub/Ftree-cpan/htdocs/pictures//i23.jpg
2015/09/06 18:11:23 INFO> image name is c:/Users/TOSH/Documents/GitHub/Ftree-cpan/htdocs/pictures//i37.jpg
2015/09/06 18:11:23 INFO> image name is c:/Users/TOSH/Documents/GitHub/Ftree-cpan/htdocs/pictures//i35.jpg
2015/09/06 18:11:24 INFO> image name is c:/Users/TOSH/Documents/GitHub/Ftree-cpan/htdocs/pictures//i27.jpg
2015/09/06 18:11:24 INFO> image name is c:/Users/TOSH/Documents/GitHub/Ftree-cpan/htdocs/pictures//i65.jpg
2015/09/06 18:11:24 INFO> image name is c:/Users/TOSH/Documents/GitHub/Ftree-cpan/htdocs/pictures//i50.jpg
2015/09/06 18:11:24 INFO> image name is c:/Users/TOSH/Documents/GitHub/Ftree-cpan/htdocs/pictures//i40.jpg
2015/09/06 18:11:24 INFO> image name is c:/Users/TOSH/Documents/GitHub/Ftree-cpan/htdocs/pictures//i57.jpg
2015/09/06 18:11:24 INFO> image name is c:/Users/TOSH/Documents/GitHub/Ftree-cpan/htdocs/pictures//i59.jpg
2015/09/06 18:11:24 INFO> image name is c:/Users/TOSH/Documents/GitHub/Ftree-cpan/htdocs/pictures//i6.jpg
2015/09/06 18:11:24 INFO> image name is c:/Users/TOSH/Documents/GitHub/Ftree-cpan/htdocs/pictures//i28.jpg
2015/09/06 18:11:24 INFO> image name is c:/Users/TOSH/Documents/GitHub/Ftree-cpan/htdocs/pictures//i21.jpg
2015/09/06 18:11:24 INFO> image name is c:/Users/TOSH/Documents/GitHub/Ftree-cpan/htdocs/pictures//i13.jpg
2015/09/06 18:11:24 INFO> image name is c:/Users/TOSH/Documents/GitHub/Ftree-cpan/htdocs/pictures//i34.jpg
2015/09/06 18:11:24 INFO> image name is c:/Users/TOSH/Documents/GitHub/Ftree-cpan/htdocs/pictures//i53.jpg
2015/09/06 18:11:24 INFO> image name is c:/Users/TOSH/Documents/GitHub/Ftree-cpan/htdocs/pictures//i15.jpg
2015/09/06 18:11:24 INFO> image name is c:/Users/TOSH/Documents/GitHub/Ftree-cpan/htdocs/pictures//i19.jpg
2015/09/06 18:11:24 INFO> image name is c:/Users/TOSH/Documents/GitHub/Ftree-cpan/htdocs/pictures//i61.jpg
2015/09/06 18:11:24 INFO> image name is c:/Users/TOSH/Documents/GitHub/Ftree-cpan/htdocs/pictures//i60.jpg
2015/09/06 18:11:24 INFO> image name is c:/Users/TOSH/Documents/GitHub/Ftree-cpan/htdocs/pictures//i62.jpg
2015/09/06 18:11:24 INFO> image name is c:/Users/TOSH/Documents/GitHub/Ftree-cpan/htdocs/pictures//i54.jpg
2015/09/06 18:11:24 INFO> image name is c:/Users/TOSH/Documents/GitHub/Ftree-cpan/htdocs/pictures//i30.jpg
2015/09/06 18:11:24 INFO> image name is c:/Users/TOSH/Documents/GitHub/Ftree-cpan/htdocs/pictures//i12.jpg
2015/09/06 18:11:24 INFO> image name is c:/Users/TOSH/Documents/GitHub/Ftree-cpan/htdocs/pictures//i38.jpg
2015/09/06 18:11:24 INFO> image name is c:/Users/TOSH/Documents/GitHub/Ftree-cpan/htdocs/pictures//i17.jpg
2015/09/06 18:11:24 INFO> image name is c:/Users/TOSH/Documents/GitHub/Ftree-cpan/htdocs/pictures//i41.jpg
2015/09/06 18:11:24 INFO> image name is c:/Users/TOSH/Documents/GitHub/Ftree-cpan/htdocs/pictures//i9.jpg
2015/09/06 18:11:24 INFO> image name is c:/Users/TOSH/Documents/GitHub/Ftree-cpan/htdocs/pictures//i25.jpg
2015/09/06 18:11:24 INFO> image name is c:/Users/TOSH/Documents/GitHub/Ftree-cpan/htdocs/pictures//i3.jpg
2015/09/06 18:11:24 INFO> image name is c:/Users/TOSH/Documents/GitHub/Ftree-cpan/htdocs/pictures//i29.jpg
